Using pre-set license
Built from '2022.3/release' branch; Version is '2022.3.5f1 (9674261d40ee) revision 9860134'; Using compiler version '192829333'; Build Type 'Release'
OS: 'Windows 10  (10.0.19045) 64bit Professional' Language: 'en' Physical Memory: 16310 MB
BatchMode: 1, IsHumanControllingUs: 0, StartBugReporterOnCrash: 0, Is64bit: 1, IsPro: 1

COMMAND LINE ARGUMENTS:
C:\Program Files\Unity 2022.3.5f1\Editor\Unity.exe
-adb2
-batchMode
-noUpm
-name
AssetImportWorker8
-projectPath
D:/SGD212/Team1-Proj1/Team1-Proj1-HorrorGame/Team1-Proj1-HorrorGame
-logFile
Logs/AssetImportWorker8.log
-srvPort
65457
Successfully changed project path to: D:/SGD212/Team1-Proj1/Team1-Proj1-HorrorGame/Team1-Proj1-HorrorGame
D:/SGD212/Team1-Proj1/Team1-Proj1-HorrorGame/Team1-Proj1-HorrorGame
[UnityMemory] Configuration Parameters - Can be set up in boot.config
    "memorysetup-bucket-allocator-granularity=16"
    "memorysetup-bucket-allocator-bucket-count=8"
    "memorysetup-bucket-allocator-block-size=33554432"
    "memorysetup-bucket-allocator-block-count=8"
    "memorysetup-main-allocator-block-size=16777216"
    "memorysetup-thread-allocator-block-size=16777216"
    "memorysetup-gfx-main-allocator-block-size=16777216"
    "memorysetup-gfx-thread-allocator-block-size=16777216"
    "memorysetup-cache-allocator-block-size=4194304"
    "memorysetup-typetree-allocator-block-size=2097152"
    "memorysetup-profiler-bucket-allocator-granularity=16"
    "memorysetup-profiler-bucket-allocator-bucket-count=8"
    "memorysetup-profiler-bucket-allocator-block-size=33554432"
    "memorysetup-profiler-bucket-allocator-block-count=8"
    "memorysetup-profiler-allocator-block-size=16777216"
    "memorysetup-profiler-editor-allocator-block-size=1048576"
    "memorysetup-temp-allocator-size-main=16777216"
    "memorysetup-job-temp-allocator-block-size=2097152"
    "memorysetup-job-temp-allocator-block-size-background=1048576"
    "memorysetup-job-temp-allocator-reduction-small-platforms=262144"
    "memorysetup-allocator-temp-initial-block-size-main=262144"
    "memorysetup-allocator-temp-initial-block-size-worker=262144"
    "memorysetup-temp-allocator-size-background-worker=32768"
    "memorysetup-temp-allocator-size-job-worker=262144"
    "memorysetup-temp-allocator-size-preload-manager=33554432"
    "memorysetup-temp-allocator-size-nav-mesh-worker=65536"
    "memorysetup-temp-allocator-size-audio-worker=65536"
    "memorysetup-temp-allocator-size-cloud-worker=32768"
    "memorysetup-temp-allocator-size-gi-baking-worker=262144"
    "memorysetup-temp-allocator-size-gfx=262144"
Player connection [18116] Host "[IP] 192.168.68.114 [Port] 0 [Flags] 2 [Guid] 948229912 [EditorId] 948229912 [Version] 1048832 [Id] WindowsEditor(7,thebigboy) [Debug] 1 [PackageName] WindowsEditor [ProjectName] Editor" joined multi-casting on [225.0.0.222:54997]...

Player connection [18116] Host "[IP] 192.168.68.114 [Port] 0 [Flags] 2 [Guid] 948229912 [EditorId] 948229912 [Version] 1048832 [Id] WindowsEditor(7,thebigboy) [Debug] 1 [PackageName] WindowsEditor [ProjectName] Editor" joined alternative multi-casting on [225.0.0.222:34997]...

Refreshing native plugins compatible for Editor in 9.17 ms, found 4 plugins.
Preloading 0 native plugins for Editor in 0.00 ms.
Initialize engine version: 2022.3.5f1 (9674261d40ee)
[Subsystems] Discovering subsystems at path C:/Program Files/Unity 2022.3.5f1/Editor/Data/Resources/UnitySubsystems
[Subsystems] Discovering subsystems at path D:/SGD212/Team1-Proj1/Team1-Proj1-HorrorGame/Team1-Proj1-HorrorGame/Assets
GfxDevice: creating device client; threaded=0; jobified=0
Direct3D:
    Version:  Direct3D 11.0 [level 11.1]
    Renderer: NVIDIA GeForce GTX 1050 Ti (ID=0x1c82)
    Vendor:   NVIDIA
    VRAM:     4017 MB
    Driver:   31.0.15.3623
Initialize mono
Mono path[0] = 'C:/Program Files/Unity 2022.3.5f1/Editor/Data/Managed'
Mono path[1] = 'C:/Program Files/Unity 2022.3.5f1/Editor/Data/MonoBleedingEdge/lib/mono/unityjit-win32'
Mono config path = 'C:/Program Files/Unity 2022.3.5f1/Editor/Data/MonoBleedingEdge/etc'
Using monoOptions --debugger-agent=transport=dt_socket,embedding=1,server=y,suspend=n,address=127.0.0.1:56080
Begin MonoManager ReloadAssembly
Registering precompiled unity dll's ...
Register platform support module: C:/Program Files/Unity 2022.3.5f1/Editor/Data/PlaybackEngines/WindowsStandaloneSupport/UnityEditor.WindowsStandalone.Extensions.dll
Registered in 0.007980 seconds.
- Loaded All Assemblies, in  0.300 seconds
Native extension for WindowsStandalone target not found
Mono: successfully reloaded assembly
- Finished resetting the current domain, in  0.229 seconds
Domain Reload Profiling: 526ms
	BeginReloadAssembly (80ms)
		ExecutionOrderSort (0ms)
		DisableScriptedObjects (0ms)
		BackupInstance (0ms)
		ReleaseScriptingObjects (0ms)
		CreateAndSetChildDomain (1ms)
	RebuildCommonClasses (31ms)
	RebuildNativeTypeToScriptingClass (11ms)
	initialDomainReloadingComplete (55ms)
	LoadAllAssembliesAndSetupDomain (120ms)
		LoadAssemblies (77ms)
		RebuildTransferFunctionScriptingTraits (0ms)
		AnalyzeDomain (113ms)
			TypeCache.Refresh (112ms)
				TypeCache.ScanAssembly (102ms)
			ScanForSourceGeneratedMonoScriptInfo (0ms)
			ResolveRequiredComponents (0ms)
	FinalizeReload (229ms)
		ReleaseScriptCaches (0ms)
		RebuildScriptCaches (0ms)
		SetupLoadedEditorAssemblies (177ms)
			LogAssemblyErrors (0ms)
			InitializePlatformSupportModulesInManaged (8ms)
			SetLoadedEditorAssemblies (7ms)
			RefreshPlugins (0ms)
			BeforeProcessingInitializeOnLoad (2ms)
			ProcessInitializeOnLoadAttributes (120ms)
			ProcessInitializeOnLoadMethodAttributes (40ms)
			AfterProcessingInitializeOnLoad (0ms)
			EditorAssembliesLoaded (0ms)
		ExecutionOrderSort2 (0ms)
		AwakeInstancesAfterBackupRestoration (0ms)
========================================================================
Worker process is ready to serve import requests
Begin MonoManager ReloadAssembly
Symbol file LoadedFromMemory doesn't match image D:\SGD212\Team1-Proj1\Team1-Proj1-HorrorGame\Team1-Proj1-HorrorGame\Library\PackageCache\com.unity.visualscripting@1.8.0\Editor\VisualScripting.Core\Dependencies\YamlDotNet\Unity.VisualScripting.YamlDotNet.dll
Symbol file LoadedFromMemory doesn't match image D:\SGD212\Team1-Proj1\Team1-Proj1-HorrorGame\Team1-Proj1-HorrorGame\Library\PackageCache\com.unity.visualscripting@1.8.0\Editor\VisualScripting.Core\Dependencies\DotNetZip\Unity.VisualScripting.IonicZip.dll
- Loaded All Assemblies, in  0.771 seconds
Refreshing native plugins compatible for Editor in 4.14 ms, found 4 plugins.
Native extension for WindowsStandalone target not found
Mono: successfully reloaded assembly
- Finished resetting the current domain, in  0.636 seconds
Domain Reload Profiling: 1401ms
	BeginReloadAssembly (118ms)
		ExecutionOrderSort (0ms)
		DisableScriptedObjects (5ms)
		BackupInstance (0ms)
		ReleaseScriptingObjects (0ms)
		CreateAndSetChildDomain (20ms)
	RebuildCommonClasses (35ms)
	RebuildNativeTypeToScriptingClass (10ms)
	initialDomainReloadingComplete (40ms)
	LoadAllAssembliesAndSetupDomain (561ms)
		LoadAssemblies (317ms)
		RebuildTransferFunctionScriptingTraits (0ms)
		AnalyzeDomain (296ms)
			TypeCache.Refresh (257ms)
				TypeCache.ScanAssembly (246ms)
			ScanForSourceGeneratedMonoScriptInfo (25ms)
			ResolveRequiredComponents (13ms)
	FinalizeReload (636ms)
		ReleaseScriptCaches (0ms)
		RebuildScriptCaches (0ms)
		SetupLoadedEditorAssemblies (487ms)
			LogAssemblyErrors (0ms)
			InitializePlatformSupportModulesInManaged (5ms)
			SetLoadedEditorAssemblies (5ms)
			RefreshPlugins (0ms)
			BeforeProcessingInitializeOnLoad (108ms)
			ProcessInitializeOnLoadAttributes (287ms)
			ProcessInitializeOnLoadMethodAttributes (74ms)
			AfterProcessingInitializeOnLoad (8ms)
			EditorAssembliesLoaded (0ms)
		ExecutionOrderSort2 (0ms)
		AwakeInstancesAfterBackupRestoration (5ms)
Launched and connected shader compiler UnityShaderCompiler.exe after 0.05 seconds
Refreshing native plugins compatible for Editor in 3.79 ms, found 4 plugins.
Preloading 0 native plugins for Editor in 0.00 ms.
Unloading 5827 Unused Serialized files (Serialized files now loaded: 0)
Unloading 97 unused Assets / (423.4 KB). Loaded Objects now: 6289.
Memory consumption went from 224.6 MB to 224.2 MB.
Total: 3.773200 ms (FindLiveObjects: 0.513500 ms CreateObjectMapping: 0.161900 ms MarkObjects: 2.856500 ms  DeleteObjects: 0.240400 ms)

AssetImportParameters requested are different than current active one (requested -> active):
  custom:container-demuxer-ogg: 62fdf1f143b41e24485cea50d1cbac27 -> 
  custom:video-decoder-ogg-theora: a1e56fd34408186e4bbccfd4996cb3dc -> 
  custom:framework-win-MediaFoundation: 216162199b28c13a410421893ffa2e32 -> 
  custom:CustomObjectIndexerAttribute: a3ef5dd2817f97addfee359851a9dba5 -> 
  custom:container-demuxer-webm: 4f35f7cbe854078d1ac9338744f61a02 -> 
  custom:container-muxer-webm: aa71ff27fc2769a1b78a27578f13a17b -> 
  custom:video-decoder-webm-vp8: 9c59270c3fd7afecdb556c50c9e8de78 -> 
  custom:AudioImporter_EditorPlatform: d09bf68614088b80899f8185d706f6e7 -> 
  custom:video-encoder-webm-vp8: eb34c28f22e8b96e1ab97ce403110664 -> 
  custom:audio-decoder-ogg-vorbis: bf7c407c2cedff20999df2af8eb42d56 -> 
  custom:audio-encoder-webm-vorbis: bf7c407c2cedff20999df2af8eb42d56 -> 
========================================================================
Received Import Request.
  Time since last request: 466299.295165 seconds.
  path: Assets/Art Assets/Floor tiles/HighRes/Grass-Dirt-Transition/Grass_Dirt_Trans_BCL_up.png
  artifactKey: Guid(0f4137674f2bf27408e869fd92ca4a59) Importer(815301076,1909f56bfc062723c751e8b465ee728b)
Start importing Assets/Art Assets/Floor tiles/HighRes/Grass-Dirt-Transition/Grass_Dirt_Trans_BCL_up.png using Guid(0f4137674f2bf27408e869fd92ca4a59) Importer(815301076,1909f56bfc062723c751e8b465ee728b)  -> (artifact id: '73109693640c99113fb56a1177a68936') in 0.016728 seconds
Number of updated asset objects reloaded before import = 0
Number of asset objects unloaded after import = 2
========================================================================
Received Import Request.
  Time since last request: 0.000012 seconds.
  path: Assets/Art Assets/Floor tiles/HighRes/Grass-Dirt-Transition/Grass_Dirt_Trans_BL_up.png
  artifactKey: Guid(554a68986b44b9f41a593bff409845b1) Importer(815301076,1909f56bfc062723c751e8b465ee728b)
Start importing Assets/Art Assets/Floor tiles/HighRes/Grass-Dirt-Transition/Grass_Dirt_Trans_BL_up.png using Guid(554a68986b44b9f41a593bff409845b1) Importer(815301076,1909f56bfc062723c751e8b465ee728b)  -> (artifact id: '8e90c679729cc4504fcbe6b0ba96a59d') in 0.001824 seconds
Number of updated asset objects reloaded before import = 0
Number of asset objects unloaded after import = 2
========================================================================
Received Import Request.
  Time since last request: 22.647629 seconds.
  path: Assets/Art Assets/Floor tiles/HighRes/Other/Floorboards_02_up.png
  artifactKey: Guid(cd9191694a2ed284f9c60a79d1db2371) Importer(815301076,1909f56bfc062723c751e8b465ee728b)
Start importing Assets/Art Assets/Floor tiles/HighRes/Other/Floorboards_02_up.png using Guid(cd9191694a2ed284f9c60a79d1db2371) Importer(815301076,1909f56bfc062723c751e8b465ee728b)  -> (artifact id: '567f7da158941d94248af1e6dbf8a3db') in 0.001075 seconds
Number of updated asset objects reloaded before import = 0
Number of asset objects unloaded after import = 2
========================================================================
Received Import Request.
  Time since last request: 0.000011 seconds.
  path: Assets/Art Assets/Floor tiles/HighRes/Other/Floorboards_Damaged_01_up.png
  artifactKey: Guid(eea0adba03b0d224a8b234de2671ce03) Importer(815301076,1909f56bfc062723c751e8b465ee728b)
Start importing Assets/Art Assets/Floor tiles/HighRes/Other/Floorboards_Damaged_01_up.png using Guid(eea0adba03b0d224a8b234de2671ce03) Importer(815301076,1909f56bfc062723c751e8b465ee728b)  -> (artifact id: '1b57cdcb11009d69ccae56a5eed85467') in 0.001266 seconds
Number of updated asset objects reloaded before import = 0
Number of asset objects unloaded after import = 2
========================================================================
Received Import Request.
  Time since last request: 0.000017 seconds.
  path: Assets/Art Assets/Floor tiles/HighRes/Other/Floorboards_Damaged_04_up.png
  artifactKey: Guid(fc2aa47493688fc43912b01afd0967a6) Importer(815301076,1909f56bfc062723c751e8b465ee728b)
Start importing Assets/Art Assets/Floor tiles/HighRes/Other/Floorboards_Damaged_04_up.png using Guid(fc2aa47493688fc43912b01afd0967a6) Importer(815301076,1909f56bfc062723c751e8b465ee728b)  -> (artifact id: 'c23b4163fc7e415ed42fde13f9970426') in 0.001317 seconds
Number of updated asset objects reloaded before import = 0
Number of asset objects unloaded after import = 2
========================================================================
Received Import Request.
  Time since last request: 18.007710 seconds.
  path: Assets/Art Assets/Floor tiles/HighRes/Other/Plankboards_02.png
  artifactKey: Guid(b1075751d5fc3ad4d83eaaaf1abfba2e) Importer(815301076,1909f56bfc062723c751e8b465ee728b)
Start importing Assets/Art Assets/Floor tiles/HighRes/Other/Plankboards_02.png using Guid(b1075751d5fc3ad4d83eaaaf1abfba2e) Importer(815301076,1909f56bfc062723c751e8b465ee728b)  -> (artifact id: '6df82cd57d6ddf28f3969a7fba23a81a') in 0.001759 seconds
Number of updated asset objects reloaded before import = 0
Number of asset objects unloaded after import = 2
========================================================================
Received Import Request.
  Time since last request: 0.000017 seconds.
  path: Assets/Art Assets/Floor tiles/HighRes/Other/Wallpaper_Ripped_01.png
  artifactKey: Guid(a1cbe6b3df26e93468f0519e6d2351e4) Importer(815301076,1909f56bfc062723c751e8b465ee728b)
Start importing Assets/Art Assets/Floor tiles/HighRes/Other/Wallpaper_Ripped_01.png using Guid(a1cbe6b3df26e93468f0519e6d2351e4) Importer(815301076,1909f56bfc062723c751e8b465ee728b)  -> (artifact id: '4ff399333e2af56fbc7666f6eea55bad') in 0.001426 seconds
Number of updated asset objects reloaded before import = 0
Number of asset objects unloaded after import = 2
========================================================================
Received Import Request.
  Time since last request: 6.186877 seconds.
  path: Assets/Art Assets/Floor tiles/HighRes/Other/Plankboards_02.png
  artifactKey: Guid(b1075751d5fc3ad4d83eaaaf1abfba2e) Importer(815301076,1909f56bfc062723c751e8b465ee728b)
Start importing Assets/Art Assets/Floor tiles/HighRes/Other/Plankboards_02.png using Guid(b1075751d5fc3ad4d83eaaaf1abfba2e) Importer(815301076,1909f56bfc062723c751e8b465ee728b)  -> (artifact id: 'f10b92decb7aec7126adcfce364bc177') in 0.001244 seconds
Number of updated asset objects reloaded before import = 0
Number of asset objects unloaded after import = 2
========================================================================
Received Import Request.
  Time since last request: 0.000012 seconds.
  path: Assets/Art Assets/Floor tiles/HighRes/Other/Wallpaper_02.png
  artifactKey: Guid(c081443fe50ed594ebedae0f0f6f86eb) Importer(815301076,1909f56bfc062723c751e8b465ee728b)
Start importing Assets/Art Assets/Floor tiles/HighRes/Other/Wallpaper_02.png using Guid(c081443fe50ed594ebedae0f0f6f86eb) Importer(815301076,1909f56bfc062723c751e8b465ee728b)  -> (artifact id: '476bd8688c8a69e123e2bb1577243cd0') in 0.001124 seconds
Number of updated asset objects reloaded before import = 0
Number of asset objects unloaded after import = 2
========================================================================
Received Import Request.
  Time since last request: 44.873544 seconds.
  path: Assets/Art Assets/Items/HighRes/Cloth_up.png
  artifactKey: Guid(6c004f124528a7845bd80793febaece0) Importer(815301076,1909f56bfc062723c751e8b465ee728b)
Start importing Assets/Art Assets/Items/HighRes/Cloth_up.png using Guid(6c004f124528a7845bd80793febaece0) Importer(815301076,1909f56bfc062723c751e8b465ee728b)  -> (artifact id: '21a054d1224505a258114e2514ebbb8d') in 0.001711 seconds
Number of updated asset objects reloaded before import = 0
Number of asset objects unloaded after import = 2
========================================================================
Received Import Request.
  Time since last request: 0.000012 seconds.
  path: Assets/Art Assets/Items/HighRes/Lighter_up.png
  artifactKey: Guid(2bdfd2fa06f9e374fa95bbf03fcf747d) Importer(815301076,1909f56bfc062723c751e8b465ee728b)
Start importing Assets/Art Assets/Items/HighRes/Lighter_up.png using Guid(2bdfd2fa06f9e374fa95bbf03fcf747d) Importer(815301076,1909f56bfc062723c751e8b465ee728b)  -> (artifact id: 'b55ab18d337359d79daa7a320cee3e64') in 0.001769 seconds
Number of updated asset objects reloaded before import = 0
Number of asset objects unloaded after import = 2
========================================================================
Received Import Request.
  Time since last request: 0.000013 seconds.
  path: Assets/Art Assets/Items/HighRes/Mini_Flame_up.png
  artifactKey: Guid(7796ea405b081254cb9f7c6fbef52599) Importer(815301076,1909f56bfc062723c751e8b465ee728b)
Start importing Assets/Art Assets/Items/HighRes/Mini_Flame_up.png using Guid(7796ea405b081254cb9f7c6fbef52599) Importer(815301076,1909f56bfc062723c751e8b465ee728b)  -> (artifact id: '766537cab7b759be8dd1b8a2e2b888d8') in 0.001972 seconds
Number of updated asset objects reloaded before import = 0
Number of asset objects unloaded after import = 2
========================================================================
Received Import Request.
  Time since last request: 0.000012 seconds.
  path: Assets/Art Assets/Items/HighRes/Key_04_up.png
  artifactKey: Guid(e827e5cb229cdd14c823be86fe093ddb) Importer(815301076,1909f56bfc062723c751e8b465ee728b)
Start importing Assets/Art Assets/Items/HighRes/Key_04_up.png using Guid(e827e5cb229cdd14c823be86fe093ddb) Importer(815301076,1909f56bfc062723c751e8b465ee728b)  -> (artifact id: '5e70cf339b4c1dd4df12c106efa22bea') in 0.001108 seconds
Number of updated asset objects reloaded before import = 0
Number of asset objects unloaded after import = 2
========================================================================
Received Import Request.
  Time since last request: 10.748228 seconds.
  path: Assets/Art Assets/Items/HighRes/Bucket_Sludge.png
  artifactKey: Guid(a5ffce180facf914099eb95062d9e08e) Importer(815301076,1909f56bfc062723c751e8b465ee728b)
Start importing Assets/Art Assets/Items/HighRes/Bucket_Sludge.png using Guid(a5ffce180facf914099eb95062d9e08e) Importer(815301076,1909f56bfc062723c751e8b465ee728b)  -> (artifact id: '59dd2891bee2b4037e7e92a7540e3dfe') in 0.001569 seconds
Number of updated asset objects reloaded before import = 0
Number of asset objects unloaded after import = 2
========================================================================
Received Import Request.
  Time since last request: 11.519764 seconds.
  path: Assets/Art Assets/Items/HighRes/Bucket_Sludge.png
  artifactKey: Guid(a5ffce180facf914099eb95062d9e08e) Importer(815301076,1909f56bfc062723c751e8b465ee728b)
Start importing Assets/Art Assets/Items/HighRes/Bucket_Sludge.png using Guid(a5ffce180facf914099eb95062d9e08e) Importer(815301076,1909f56bfc062723c751e8b465ee728b)  -> (artifact id: 'd2dcee4dffeab78c6a5a39099969d4a6') in 0.001050 seconds
Number of updated asset objects reloaded before import = 0
Number of asset objects unloaded after import = 2
========================================================================
Received Import Request.
  Time since last request: 9.899410 seconds.
  path: Assets/Art Assets/Items/HighRes/Toolbox.png
  artifactKey: Guid(04cd0b28066b36b41ad1862676bb2870) Importer(815301076,1909f56bfc062723c751e8b465ee728b)
Start importing Assets/Art Assets/Items/HighRes/Toolbox.png using Guid(04cd0b28066b36b41ad1862676bb2870) Importer(815301076,1909f56bfc062723c751e8b465ee728b)  -> (artifact id: 'c3aa978fcce4cea2dc4fd09efdd94552') in 0.001186 seconds
Number of updated asset objects reloaded before import = 0
Number of asset objects unloaded after import = 2
========================================================================
Received Import Request.
  Time since last request: 99.640002 seconds.
  path: Assets/Art Assets/Entities/Crow/Crow_Blink_up.png
  artifactKey: Guid(d0640f37b9218cc4298e5704227efbc3) Importer(815301076,1909f56bfc062723c751e8b465ee728b)
Start importing Assets/Art Assets/Entities/Crow/Crow_Blink_up.png using Guid(d0640f37b9218cc4298e5704227efbc3) Importer(815301076,1909f56bfc062723c751e8b465ee728b)  -> (artifact id: 'c8806b979cf1419988401724c52724af') in 0.002871 seconds
Number of updated asset objects reloaded before import = 0
Number of asset objects unloaded after import = 10
========================================================================
Received Import Request.
  Time since last request: 0.000013 seconds.
  path: Assets/Art Assets/Entities/Crow/Crowflap.png
  artifactKey: Guid(7d3b8d41e7393a942ac0c574e83c830f) Importer(815301076,1909f56bfc062723c751e8b465ee728b)
Start importing Assets/Art Assets/Entities/Crow/Crowflap.png using Guid(7d3b8d41e7393a942ac0c574e83c830f) Importer(815301076,1909f56bfc062723c751e8b465ee728b)  -> (artifact id: 'c132ecc607ec14dd649e81d22852ce1d') in 0.001701 seconds
Number of updated asset objects reloaded before import = 0
Number of asset objects unloaded after import = 2
========================================================================
Received Import Request.
  Time since last request: 226.191658 seconds.
  path: Assets/Art Assets/Items/Upscaled/Bucket.png
  artifactKey: Guid(f8b0662073d67da43a21214a52446f14) Importer(815301076,1909f56bfc062723c751e8b465ee728b)
Start importing Assets/Art Assets/Items/Upscaled/Bucket.png using Guid(f8b0662073d67da43a21214a52446f14) Importer(815301076,1909f56bfc062723c751e8b465ee728b)  -> (artifact id: '8b0e8c24c4941983bd075ee57746d3e9') in 0.001818 seconds
Number of updated asset objects reloaded before import = 0
Number of asset objects unloaded after import = 2
========================================================================
Received Import Request.
  Time since last request: 0.000064 seconds.
  path: Assets/Art Assets/Items/Upscaled/Bucket_Sludge.png
  artifactKey: Guid(cf180ad5e63b0104394beeb0881861a8) Importer(815301076,1909f56bfc062723c751e8b465ee728b)
Start importing Assets/Art Assets/Items/Upscaled/Bucket_Sludge.png using Guid(cf180ad5e63b0104394beeb0881861a8) Importer(815301076,1909f56bfc062723c751e8b465ee728b)  -> (artifact id: '5010aaa285190c54e82145353d5b6f8e') in 0.001674 seconds
Number of updated asset objects reloaded before import = 0
Number of asset objects unloaded after import = 2
========================================================================
Received Import Request.
  Time since last request: 0.000012 seconds.
  path: Assets/Art Assets/Items/Upscaled/Molotov_Cocktail_up.png
  artifactKey: Guid(e10ccac653acb0240a60e5426ebc149a) Importer(815301076,1909f56bfc062723c751e8b465ee728b)
Start importing Assets/Art Assets/Items/Upscaled/Molotov_Cocktail_up.png using Guid(e10ccac653acb0240a60e5426ebc149a) Importer(815301076,1909f56bfc062723c751e8b465ee728b)  -> (artifact id: '946b59c7f231863fc39f591d2c74cd3f') in 0.001209 seconds
Number of updated asset objects reloaded before import = 0
Number of asset objects unloaded after import = 2
========================================================================
Received Import Request.
  Time since last request: 0.000012 seconds.
  path: Assets/Art Assets/Items/Upscaled/Mini_Flame_up.png
  artifactKey: Guid(9f3c6b9d340dfa64991d306ae40f4362) Importer(815301076,1909f56bfc062723c751e8b465ee728b)
Start importing Assets/Art Assets/Items/Upscaled/Mini_Flame_up.png using Guid(9f3c6b9d340dfa64991d306ae40f4362) Importer(815301076,1909f56bfc062723c751e8b465ee728b)  -> (artifact id: '92315e483b0660531e3fb110b19e6bbf') in 0.001949 seconds
Number of updated asset objects reloaded before import = 0
Number of asset objects unloaded after import = 2
========================================================================
Received Import Request.
  Time since last request: 0.000023 seconds.
  path: Assets/Art Assets/Items/Upscaled/Key_04_up.png
  artifactKey: Guid(d4399657691a7454dad51646b5a18808) Importer(815301076,1909f56bfc062723c751e8b465ee728b)
Start importing Assets/Art Assets/Items/Upscaled/Key_04_up.png using Guid(d4399657691a7454dad51646b5a18808) Importer(815301076,1909f56bfc062723c751e8b465ee728b)  -> (artifact id: '40367779d233c68b09a443c6a3ccb85b') in 0.001882 seconds
Number of updated asset objects reloaded before import = 0
Number of asset objects unloaded after import = 2
========================================================================
Received Import Request.
  Time since last request: 0.000013 seconds.
  path: Assets/Art Assets/Items/Upscaled/Crowbar_up.png
  artifactKey: Guid(b26774d462d5f8c4c806f4f07a5c362b) Importer(815301076,1909f56bfc062723c751e8b465ee728b)
Start importing Assets/Art Assets/Items/Upscaled/Crowbar_up.png using Guid(b26774d462d5f8c4c806f4f07a5c362b) Importer(815301076,1909f56bfc062723c751e8b465ee728b)  -> (artifact id: '7eff415c34b0e0b0aafa574b20ac7b35') in 0.001306 seconds
Number of updated asset objects reloaded before import = 0
Number of asset objects unloaded after import = 2
========================================================================
Received Import Request.
  Time since last request: 0.000012 seconds.
  path: Assets/Art Assets/Items/Upscaled/Key_02_up.png
  artifactKey: Guid(d01cf8d792748f740a20ee2b1469e372) Importer(815301076,1909f56bfc062723c751e8b465ee728b)
Start importing Assets/Art Assets/Items/Upscaled/Key_02_up.png using Guid(d01cf8d792748f740a20ee2b1469e372) Importer(815301076,1909f56bfc062723c751e8b465ee728b)  -> (artifact id: 'd376a17638aa186acf9561e75c024738') in 0.001210 seconds
Number of updated asset objects reloaded before import = 0
Number of asset objects unloaded after import = 2
========================================================================
Received Import Request.
  Time since last request: 0.000013 seconds.
  path: Assets/Art Assets/Items/Upscaled/Lighter_up.png
  artifactKey: Guid(06d48b1dc89ddfc4f823a77121272983) Importer(815301076,1909f56bfc062723c751e8b465ee728b)
Start importing Assets/Art Assets/Items/Upscaled/Lighter_up.png using Guid(06d48b1dc89ddfc4f823a77121272983) Importer(815301076,1909f56bfc062723c751e8b465ee728b)  -> (artifact id: 'd4d03228dc59e190beec55686d7f3edc') in 0.001163 seconds
Number of updated asset objects reloaded before import = 0
Number of asset objects unloaded after import = 2
Editor requested this worker to shutdown with reason: Scaling down because of idle timeout
TcpMessagingSession - receive error: operation aborted. errorcode: 995, details: The I/O operation has been aborted because of either a thread exit or an application request.
AssetImportWorker is now disconnected from the server
Process exiting
Exiting without the bug reporter. Application will terminate with return code 0