Using pre-set license
Built from '2022.3/release' branch; Version is '2022.3.5f1 (9674261d40ee) revision 9860134'; Using compiler version '192829333'; Build Type 'Release'
OS: 'Windows 10  (10.0.19045) 64bit Enterprise' Language: 'en' Physical Memory: 32693 MB
BatchMode: 1, IsHumanControllingUs: 0, StartBugReporterOnCrash: 0, Is64bit: 1, IsPro: 1

COMMAND LINE ARGUMENTS:
C:\Program Files\Unity\Hub\Editor\2022.3.5f1\Editor\Unity.exe
-adb2
-batchMode
-noUpm
-name
AssetImportWorker1
-projectPath
C:/Users/naveb/Documents/GitHub/Team1-Proj1/Team1-Proj1-HorrorGame/Team1-Proj1-HorrorGame
-logFile
Logs/AssetImportWorker1.log
-srvPort
51781
Successfully changed project path to: C:/Users/naveb/Documents/GitHub/Team1-Proj1/Team1-Proj1-HorrorGame/Team1-Proj1-HorrorGame
C:/Users/naveb/Documents/GitHub/Team1-Proj1/Team1-Proj1-HorrorGame/Team1-Proj1-HorrorGame
[UnityMemory] Configuration Parameters - Can be set up in boot.config
    "memorysetup-bucket-allocator-granularity=16"
    "memorysetup-bucket-allocator-bucket-count=8"
    "memorysetup-bucket-allocator-block-size=33554432"
    "memorysetup-bucket-allocator-block-count=8"
    "memorysetup-main-allocator-block-size=16777216"
    "memorysetup-thread-allocator-block-size=16777216"
    "memorysetup-gfx-main-allocator-block-size=16777216"
    "memorysetup-gfx-thread-allocator-block-size=16777216"
    "memorysetup-cache-allocator-block-size=4194304"
    "memorysetup-typetree-allocator-block-size=2097152"
    "memorysetup-profiler-bucket-allocator-granularity=16"
    "memorysetup-profiler-bucket-allocator-bucket-count=8"
    "memorysetup-profiler-bucket-allocator-block-size=33554432"
    "memorysetup-profiler-bucket-allocator-block-count=8"
    "memorysetup-profiler-allocator-block-size=16777216"
    "memorysetup-profiler-editor-allocator-block-size=1048576"
    "memorysetup-temp-allocator-size-main=16777216"
    "memorysetup-job-temp-allocator-block-size=2097152"
    "memorysetup-job-temp-allocator-block-size-background=1048576"
    "memorysetup-job-temp-allocator-reduction-small-platforms=262144"
    "memorysetup-allocator-temp-initial-block-size-main=262144"
    "memorysetup-allocator-temp-initial-block-size-worker=262144"
    "memorysetup-temp-allocator-size-background-worker=32768"
    "memorysetup-temp-allocator-size-job-worker=262144"
    "memorysetup-temp-allocator-size-preload-manager=33554432"
    "memorysetup-temp-allocator-size-nav-mesh-worker=65536"
    "memorysetup-temp-allocator-size-audio-worker=65536"
    "memorysetup-temp-allocator-size-cloud-worker=32768"
    "memorysetup-temp-allocator-size-gi-baking-worker=262144"
    "memorysetup-temp-allocator-size-gfx=262144"
Player connection [25592] Host "[IP] 192.168.1.50 [Port] 0 [Flags] 2 [Guid] 1521914037 [EditorId] 1521914037 [Version] 1048832 [Id] WindowsEditor(7,Evan-PC) [Debug] 1 [PackageName] WindowsEditor [ProjectName] Editor" joined multi-casting on [225.0.0.222:54997]...

Player connection [25592] Host "[IP] 192.168.1.50 [Port] 0 [Flags] 2 [Guid] 1521914037 [EditorId] 1521914037 [Version] 1048832 [Id] WindowsEditor(7,Evan-PC) [Debug] 1 [PackageName] WindowsEditor [ProjectName] Editor" joined alternative multi-casting on [225.0.0.222:34997]...

Refreshing native plugins compatible for Editor in 14.75 ms, found 4 plugins.
Preloading 0 native plugins for Editor in 0.00 ms.
Initialize engine version: 2022.3.5f1 (9674261d40ee)
[Subsystems] Discovering subsystems at path C:/Program Files/Unity/Hub/Editor/2022.3.5f1/Editor/Data/Resources/UnitySubsystems
[Subsystems] Discovering subsystems at path C:/Users/naveb/Documents/GitHub/Team1-Proj1/Team1-Proj1-HorrorGame/Team1-Proj1-HorrorGame/Assets
GfxDevice: creating device client; threaded=0; jobified=0
Direct3D:
    Version:  Direct3D 11.0 [level 11.1]
    Renderer: NVIDIA GeForce RTX 3060 (ID=0x2487)
    Vendor:   NVIDIA
    VRAM:     12124 MB
    Driver:   31.0.15.3713
Initialize mono
Mono path[0] = 'C:/Program Files/Unity/Hub/Editor/2022.3.5f1/Editor/Data/Managed'
Mono path[1] = 'C:/Program Files/Unity/Hub/Editor/2022.3.5f1/Editor/Data/MonoBleedingEdge/lib/mono/unityjit-win32'
Mono config path = 'C:/Program Files/Unity/Hub/Editor/2022.3.5f1/Editor/Data/MonoBleedingEdge/etc'
Using monoOptions --debugger-agent=transport=dt_socket,embedding=1,server=y,suspend=n,address=127.0.0.1:56172
Begin MonoManager ReloadAssembly
Registering precompiled unity dll's ...
Register platform support module: C:/Program Files/Unity/Hub/Editor/2022.3.5f1/Editor/Data/PlaybackEngines/WebGLSupport/UnityEditor.WebGL.Extensions.dll
Register platform support module: C:/Program Files/Unity/Hub/Editor/2022.3.5f1/Editor/Data/PlaybackEngines/WindowsStandaloneSupport/UnityEditor.WindowsStandalone.Extensions.dll
Registered in 0.015845 seconds.
- Loaded All Assemblies, in  0.419 seconds
Native extension for WindowsStandalone target not found
Native extension for WebGL target not found
Mono: successfully reloaded assembly
- Finished resetting the current domain, in  0.301 seconds
Domain Reload Profiling: 718ms
	BeginReloadAssembly (110ms)
		ExecutionOrderSort (0ms)
		DisableScriptedObjects (0ms)
		BackupInstance (0ms)
		ReleaseScriptingObjects (0ms)
		CreateAndSetChildDomain (1ms)
	RebuildCommonClasses (42ms)
	RebuildNativeTypeToScriptingClass (16ms)
	initialDomainReloadingComplete (78ms)
	LoadAllAssembliesAndSetupDomain (170ms)
		LoadAssemblies (106ms)
		RebuildTransferFunctionScriptingTraits (0ms)
		AnalyzeDomain (162ms)
			TypeCache.Refresh (161ms)
				TypeCache.ScanAssembly (147ms)
			ScanForSourceGeneratedMonoScriptInfo (1ms)
			ResolveRequiredComponents (1ms)
	FinalizeReload (302ms)
		ReleaseScriptCaches (0ms)
		RebuildScriptCaches (0ms)
		SetupLoadedEditorAssemblies (236ms)
			LogAssemblyErrors (0ms)
			InitializePlatformSupportModulesInManaged (13ms)
			SetLoadedEditorAssemblies (5ms)
			RefreshPlugins (0ms)
			BeforeProcessingInitializeOnLoad (2ms)
			ProcessInitializeOnLoadAttributes (159ms)
			ProcessInitializeOnLoadMethodAttributes (56ms)
			AfterProcessingInitializeOnLoad (0ms)
			EditorAssembliesLoaded (0ms)
		ExecutionOrderSort2 (0ms)
		AwakeInstancesAfterBackupRestoration (0ms)
========================================================================
Worker process is ready to serve import requests
Begin MonoManager ReloadAssembly
Symbol file LoadedFromMemory doesn't match image C:\Users\naveb\Documents\GitHub\Team1-Proj1\Team1-Proj1-HorrorGame\Team1-Proj1-HorrorGame\Library\PackageCache\com.unity.visualscripting@1.8.0\Editor\VisualScripting.Core\Dependencies\YamlDotNet\Unity.VisualScripting.YamlDotNet.dll
Symbol file LoadedFromMemory doesn't match image C:\Users\naveb\Documents\GitHub\Team1-Proj1\Team1-Proj1-HorrorGame\Team1-Proj1-HorrorGame\Library\PackageCache\com.unity.visualscripting@1.8.0\Editor\VisualScripting.Core\Dependencies\DotNetZip\Unity.VisualScripting.IonicZip.dll
- Loaded All Assemblies, in  0.923 seconds
Refreshing native plugins compatible for Editor in 5.13 ms, found 4 plugins.
Native extension for WindowsStandalone target not found
Native extension for WebGL target not found
Mono: successfully reloaded assembly
- Finished resetting the current domain, in  0.798 seconds
Domain Reload Profiling: 1715ms
	BeginReloadAssembly (158ms)
		ExecutionOrderSort (0ms)
		DisableScriptedObjects (6ms)
		BackupInstance (0ms)
		ReleaseScriptingObjects (0ms)
		CreateAndSetChildDomain (24ms)
	RebuildCommonClasses (41ms)
	RebuildNativeTypeToScriptingClass (12ms)
	initialDomainReloadingComplete (55ms)
	LoadAllAssembliesAndSetupDomain (650ms)
		LoadAssemblies (356ms)
		RebuildTransferFunctionScriptingTraits (0ms)
		AnalyzeDomain (367ms)
			TypeCache.Refresh (325ms)
				TypeCache.ScanAssembly (312ms)
			ScanForSourceGeneratedMonoScriptInfo (31ms)
			ResolveRequiredComponents (11ms)
	FinalizeReload (799ms)
		ReleaseScriptCaches (0ms)
		RebuildScriptCaches (0ms)
		SetupLoadedEditorAssemblies (601ms)
			LogAssemblyErrors (0ms)
			InitializePlatformSupportModulesInManaged (8ms)
			SetLoadedEditorAssemblies (7ms)
			RefreshPlugins (0ms)
			BeforeProcessingInitializeOnLoad (109ms)
			ProcessInitializeOnLoadAttributes (367ms)
			ProcessInitializeOnLoadMethodAttributes (99ms)
			AfterProcessingInitializeOnLoad (11ms)
			EditorAssembliesLoaded (0ms)
		ExecutionOrderSort2 (0ms)
		AwakeInstancesAfterBackupRestoration (6ms)
Launched and connected shader compiler UnityShaderCompiler.exe after 0.05 seconds
Refreshing native plugins compatible for Editor in 6.08 ms, found 4 plugins.
Preloading 0 native plugins for Editor in 0.00 ms.
Unloading 5830 Unused Serialized files (Serialized files now loaded: 0)
Unloading 97 unused Assets / (422.2 KB). Loaded Objects now: 6292.
Memory consumption went from 224.4 MB to 224.0 MB.
Total: 4.583000 ms (FindLiveObjects: 0.578000 ms CreateObjectMapping: 0.185600 ms MarkObjects: 3.519300 ms  DeleteObjects: 0.298900 ms)

AssetImportParameters requested are different than current active one (requested -> active):
  custom:container-demuxer-ogg: 62fdf1f143b41e24485cea50d1cbac27 -> 
  custom:video-decoder-ogg-theora: a1e56fd34408186e4bbccfd4996cb3dc -> 
  custom:framework-win-MediaFoundation: 216162199b28c13a410421893ffa2e32 -> 
  custom:CustomObjectIndexerAttribute: a3ef5dd2817f97addfee359851a9dba5 -> 
  custom:container-demuxer-webm: 4f35f7cbe854078d1ac9338744f61a02 -> 
  custom:container-muxer-webm: aa71ff27fc2769a1b78a27578f13a17b -> 
  custom:video-decoder-webm-vp8: 9c59270c3fd7afecdb556c50c9e8de78 -> 
  custom:AudioImporter_EditorPlatform: d09bf68614088b80899f8185d706f6e7 -> 
  custom:video-encoder-webm-vp8: eb34c28f22e8b96e1ab97ce403110664 -> 
  custom:audio-decoder-ogg-vorbis: bf7c407c2cedff20999df2af8eb42d56 -> 
  custom:audio-encoder-webm-vorbis: bf7c407c2cedff20999df2af8eb42d56 -> 
========================================================================
Received Prepare
Begin MonoManager ReloadAssembly
Symbol file LoadedFromMemory doesn't match image C:\Users\naveb\Documents\GitHub\Team1-Proj1\Team1-Proj1-HorrorGame\Team1-Proj1-HorrorGame\Library\PackageCache\com.unity.visualscripting@1.8.0\Editor\VisualScripting.Core\Dependencies\YamlDotNet\Unity.VisualScripting.YamlDotNet.dll
Symbol file LoadedFromMemory doesn't match image C:\Users\naveb\Documents\GitHub\Team1-Proj1\Team1-Proj1-HorrorGame\Team1-Proj1-HorrorGame\Library\PackageCache\com.unity.visualscripting@1.8.0\Editor\VisualScripting.Core\Dependencies\DotNetZip\Unity.VisualScripting.IonicZip.dll
- Loaded All Assemblies, in  0.898 seconds
Refreshing native plugins compatible for Editor in 6.68 ms, found 4 plugins.
Native extension for WindowsStandalone target not found
Native extension for WebGL target not found
Mono: successfully reloaded assembly
- Finished resetting the current domain, in  1.322 seconds
Domain Reload Profiling: 2214ms
	BeginReloadAssembly (181ms)
		ExecutionOrderSort (0ms)
		DisableScriptedObjects (13ms)
		BackupInstance (0ms)
		ReleaseScriptingObjects (0ms)
		CreateAndSetChildDomain (60ms)
	RebuildCommonClasses (40ms)
	RebuildNativeTypeToScriptingClass (12ms)
	initialDomainReloadingComplete (38ms)
	LoadAllAssembliesAndSetupDomain (620ms)
		LoadAssemblies (330ms)
		RebuildTransferFunctionScriptingTraits (0ms)
		AnalyzeDomain (348ms)
			TypeCache.Refresh (326ms)
				TypeCache.ScanAssembly (313ms)
			ScanForSourceGeneratedMonoScriptInfo (7ms)
			ResolveRequiredComponents (16ms)
	FinalizeReload (1322ms)
		ReleaseScriptCaches (0ms)
		RebuildScriptCaches (0ms)
		SetupLoadedEditorAssemblies (471ms)
			LogAssemblyErrors (0ms)
			InitializePlatformSupportModulesInManaged (9ms)
			SetLoadedEditorAssemblies (5ms)
			RefreshPlugins (0ms)
			BeforeProcessingInitializeOnLoad (100ms)
			ProcessInitializeOnLoadAttributes (277ms)
			ProcessInitializeOnLoadMethodAttributes (71ms)
			AfterProcessingInitializeOnLoad (8ms)
			EditorAssembliesLoaded (0ms)
		ExecutionOrderSort2 (0ms)
		AwakeInstancesAfterBackupRestoration (14ms)
Refreshing native plugins compatible for Editor in 4.89 ms, found 4 plugins.
Preloading 0 native plugins for Editor in 0.00 ms.
Unloading 5663 Unused Serialized files (Serialized files now loaded: 0)
Unloading 48 unused Assets / (391.6 KB). Loaded Objects now: 6310.
Memory consumption went from 194.5 MB to 194.1 MB.
Total: 4.271100 ms (FindLiveObjects: 0.620300 ms CreateObjectMapping: 0.181400 ms MarkObjects: 3.305400 ms  DeleteObjects: 0.162800 ms)

Prepare: number of updated asset objects reloaded= 0
AssetImportParameters requested are different than current active one (requested -> active):
  custom:container-demuxer-ogg: 62fdf1f143b41e24485cea50d1cbac27 -> 
  custom:video-decoder-ogg-theora: a1e56fd34408186e4bbccfd4996cb3dc -> 
  custom:framework-win-MediaFoundation: 216162199b28c13a410421893ffa2e32 -> 
  custom:CustomObjectIndexerAttribute: a3ef5dd2817f97addfee359851a9dba5 -> 
  custom:container-demuxer-webm: 4f35f7cbe854078d1ac9338744f61a02 -> 
  custom:container-muxer-webm: aa71ff27fc2769a1b78a27578f13a17b -> 
  custom:video-decoder-webm-vp8: 9c59270c3fd7afecdb556c50c9e8de78 -> 
  custom:AudioImporter_EditorPlatform: d09bf68614088b80899f8185d706f6e7 -> 
  custom:video-encoder-webm-vp8: eb34c28f22e8b96e1ab97ce403110664 -> 
  custom:audio-decoder-ogg-vorbis: bf7c407c2cedff20999df2af8eb42d56 -> 
  custom:audio-encoder-webm-vorbis: bf7c407c2cedff20999df2af8eb42d56 -> 
========================================================================
Received Prepare
Begin MonoManager ReloadAssembly
Symbol file LoadedFromMemory doesn't match image C:\Users\naveb\Documents\GitHub\Team1-Proj1\Team1-Proj1-HorrorGame\Team1-Proj1-HorrorGame\Library\PackageCache\com.unity.visualscripting@1.8.0\Editor\VisualScripting.Core\Dependencies\YamlDotNet\Unity.VisualScripting.YamlDotNet.dll
Symbol file LoadedFromMemory doesn't match image C:\Users\naveb\Documents\GitHub\Team1-Proj1\Team1-Proj1-HorrorGame\Team1-Proj1-HorrorGame\Library\PackageCache\com.unity.visualscripting@1.8.0\Editor\VisualScripting.Core\Dependencies\DotNetZip\Unity.VisualScripting.IonicZip.dll
- Loaded All Assemblies, in  0.840 seconds
Refreshing native plugins compatible for Editor in 6.25 ms, found 4 plugins.
Native extension for WindowsStandalone target not found
Native extension for WebGL target not found
Mono: successfully reloaded assembly
- Finished resetting the current domain, in  1.462 seconds
Domain Reload Profiling: 2295ms
	BeginReloadAssembly (165ms)
		ExecutionOrderSort (0ms)
		DisableScriptedObjects (11ms)
		BackupInstance (0ms)
		ReleaseScriptingObjects (0ms)
		CreateAndSetChildDomain (49ms)
	RebuildCommonClasses (34ms)
	RebuildNativeTypeToScriptingClass (12ms)
	initialDomainReloadingComplete (38ms)
	LoadAllAssembliesAndSetupDomain (583ms)
		LoadAssemblies (333ms)
		RebuildTransferFunctionScriptingTraits (0ms)
		AnalyzeDomain (307ms)
			TypeCache.Refresh (294ms)
				TypeCache.ScanAssembly (280ms)
			ScanForSourceGeneratedMonoScriptInfo (0ms)
			ResolveRequiredComponents (13ms)
	FinalizeReload (1462ms)
		ReleaseScriptCaches (0ms)
		RebuildScriptCaches (0ms)
		SetupLoadedEditorAssemblies (590ms)
			LogAssemblyErrors (0ms)
			InitializePlatformSupportModulesInManaged (12ms)
			SetLoadedEditorAssemblies (5ms)
			RefreshPlugins (0ms)
			BeforeProcessingInitializeOnLoad (113ms)
			ProcessInitializeOnLoadAttributes (348ms)
			ProcessInitializeOnLoadMethodAttributes (98ms)
			AfterProcessingInitializeOnLoad (14ms)
			EditorAssembliesLoaded (0ms)
		ExecutionOrderSort2 (0ms)
		AwakeInstancesAfterBackupRestoration (18ms)
Refreshing native plugins compatible for Editor in 7.22 ms, found 4 plugins.
Preloading 0 native plugins for Editor in 0.00 ms.
Unloading 5663 Unused Serialized files (Serialized files now loaded: 0)
Unloading 48 unused Assets / (391.6 KB). Loaded Objects now: 6327.
Memory consumption went from 194.5 MB to 194.1 MB.
Total: 5.057100 ms (FindLiveObjects: 0.705900 ms CreateObjectMapping: 0.186900 ms MarkObjects: 3.972000 ms  DeleteObjects: 0.190800 ms)

Prepare: number of updated asset objects reloaded= 0
AssetImportParameters requested are different than current active one (requested -> active):
  custom:container-demuxer-ogg: 62fdf1f143b41e24485cea50d1cbac27 -> 
  custom:video-decoder-ogg-theora: a1e56fd34408186e4bbccfd4996cb3dc -> 
  custom:framework-win-MediaFoundation: 216162199b28c13a410421893ffa2e32 -> 
  custom:CustomObjectIndexerAttribute: a3ef5dd2817f97addfee359851a9dba5 -> 
  custom:container-demuxer-webm: 4f35f7cbe854078d1ac9338744f61a02 -> 
  custom:container-muxer-webm: aa71ff27fc2769a1b78a27578f13a17b -> 
  custom:video-decoder-webm-vp8: 9c59270c3fd7afecdb556c50c9e8de78 -> 
  custom:AudioImporter_EditorPlatform: d09bf68614088b80899f8185d706f6e7 -> 
  custom:video-encoder-webm-vp8: eb34c28f22e8b96e1ab97ce403110664 -> 
  custom:audio-decoder-ogg-vorbis: bf7c407c2cedff20999df2af8eb42d56 -> 
  custom:audio-encoder-webm-vorbis: bf7c407c2cedff20999df2af8eb42d56 -> 
========================================================================
Received Prepare
Begin MonoManager ReloadAssembly
Symbol file LoadedFromMemory doesn't match image C:\Users\naveb\Documents\GitHub\Team1-Proj1\Team1-Proj1-HorrorGame\Team1-Proj1-HorrorGame\Library\PackageCache\com.unity.visualscripting@1.8.0\Editor\VisualScripting.Core\Dependencies\YamlDotNet\Unity.VisualScripting.YamlDotNet.dll
Symbol file LoadedFromMemory doesn't match image C:\Users\naveb\Documents\GitHub\Team1-Proj1\Team1-Proj1-HorrorGame\Team1-Proj1-HorrorGame\Library\PackageCache\com.unity.visualscripting@1.8.0\Editor\VisualScripting.Core\Dependencies\DotNetZip\Unity.VisualScripting.IonicZip.dll
- Loaded All Assemblies, in  0.872 seconds
Refreshing native plugins compatible for Editor in 6.49 ms, found 4 plugins.
Native extension for WindowsStandalone target not found
Native extension for WebGL target not found
Mono: successfully reloaded assembly
- Finished resetting the current domain, in  1.597 seconds
Domain Reload Profiling: 2462ms
	BeginReloadAssembly (172ms)
		ExecutionOrderSort (0ms)
		DisableScriptedObjects (11ms)
		BackupInstance (0ms)
		ReleaseScriptingObjects (0ms)
		CreateAndSetChildDomain (50ms)
	RebuildCommonClasses (36ms)
	RebuildNativeTypeToScriptingClass (12ms)
	initialDomainReloadingComplete (37ms)
	LoadAllAssembliesAndSetupDomain (607ms)
		LoadAssemblies (347ms)
		RebuildTransferFunctionScriptingTraits (0ms)
		AnalyzeDomain (323ms)
			TypeCache.Refresh (309ms)
				TypeCache.ScanAssembly (292ms)
			ScanForSourceGeneratedMonoScriptInfo (0ms)
			ResolveRequiredComponents (14ms)
	FinalizeReload (1597ms)
		ReleaseScriptCaches (0ms)
		RebuildScriptCaches (0ms)
		SetupLoadedEditorAssemblies (668ms)
			LogAssemblyErrors (0ms)
			InitializePlatformSupportModulesInManaged (10ms)
			SetLoadedEditorAssemblies (7ms)
			RefreshPlugins (0ms)
			BeforeProcessingInitializeOnLoad (143ms)
			ProcessInitializeOnLoadAttributes (400ms)
			ProcessInitializeOnLoadMethodAttributes (98ms)
			AfterProcessingInitializeOnLoad (10ms)
			EditorAssembliesLoaded (0ms)
		ExecutionOrderSort2 (0ms)
		AwakeInstancesAfterBackupRestoration (18ms)
Refreshing native plugins compatible for Editor in 6.20 ms, found 4 plugins.
Preloading 0 native plugins for Editor in 0.00 ms.
Unloading 5663 Unused Serialized files (Serialized files now loaded: 0)
Unloading 48 unused Assets / (391.7 KB). Loaded Objects now: 6344.
Memory consumption went from 194.5 MB to 194.1 MB.
Total: 6.874500 ms (FindLiveObjects: 1.166300 ms CreateObjectMapping: 0.488300 ms MarkObjects: 4.977800 ms  DeleteObjects: 0.240100 ms)

Prepare: number of updated asset objects reloaded= 0
AssetImportParameters requested are different than current active one (requested -> active):
  custom:container-demuxer-ogg: 62fdf1f143b41e24485cea50d1cbac27 -> 
  custom:video-decoder-ogg-theora: a1e56fd34408186e4bbccfd4996cb3dc -> 
  custom:framework-win-MediaFoundation: 216162199b28c13a410421893ffa2e32 -> 
  custom:CustomObjectIndexerAttribute: a3ef5dd2817f97addfee359851a9dba5 -> 
  custom:container-demuxer-webm: 4f35f7cbe854078d1ac9338744f61a02 -> 
  custom:container-muxer-webm: aa71ff27fc2769a1b78a27578f13a17b -> 
  custom:video-decoder-webm-vp8: 9c59270c3fd7afecdb556c50c9e8de78 -> 
  custom:AudioImporter_EditorPlatform: d09bf68614088b80899f8185d706f6e7 -> 
  custom:video-encoder-webm-vp8: eb34c28f22e8b96e1ab97ce403110664 -> 
  custom:audio-decoder-ogg-vorbis: bf7c407c2cedff20999df2af8eb42d56 -> 
  custom:audio-encoder-webm-vorbis: bf7c407c2cedff20999df2af8eb42d56 -> 
========================================================================
Received Prepare
Begin MonoManager ReloadAssembly
Symbol file LoadedFromMemory doesn't match image C:\Users\naveb\Documents\GitHub\Team1-Proj1\Team1-Proj1-HorrorGame\Team1-Proj1-HorrorGame\Library\PackageCache\com.unity.visualscripting@1.8.0\Editor\VisualScripting.Core\Dependencies\YamlDotNet\Unity.VisualScripting.YamlDotNet.dll
Symbol file LoadedFromMemory doesn't match image C:\Users\naveb\Documents\GitHub\Team1-Proj1\Team1-Proj1-HorrorGame\Team1-Proj1-HorrorGame\Library\PackageCache\com.unity.visualscripting@1.8.0\Editor\VisualScripting.Core\Dependencies\DotNetZip\Unity.VisualScripting.IonicZip.dll
- Loaded All Assemblies, in  0.895 seconds
Refreshing native plugins compatible for Editor in 5.69 ms, found 4 plugins.
Native extension for WindowsStandalone target not found
Native extension for WebGL target not found
Mono: successfully reloaded assembly
- Finished resetting the current domain, in  1.671 seconds
Domain Reload Profiling: 2558ms
	BeginReloadAssembly (164ms)
		ExecutionOrderSort (0ms)
		DisableScriptedObjects (12ms)
		BackupInstance (0ms)
		ReleaseScriptingObjects (0ms)
		CreateAndSetChildDomain (46ms)
	RebuildCommonClasses (34ms)
	RebuildNativeTypeToScriptingClass (15ms)
	initialDomainReloadingComplete (38ms)
	LoadAllAssembliesAndSetupDomain (635ms)
		LoadAssemblies (355ms)
		RebuildTransferFunctionScriptingTraits (0ms)
		AnalyzeDomain (334ms)
			TypeCache.Refresh (320ms)
				TypeCache.ScanAssembly (303ms)
			ScanForSourceGeneratedMonoScriptInfo (0ms)
			ResolveRequiredComponents (14ms)
	FinalizeReload (1671ms)
		ReleaseScriptCaches (0ms)
		RebuildScriptCaches (0ms)
		SetupLoadedEditorAssemblies (693ms)
			LogAssemblyErrors (0ms)
			InitializePlatformSupportModulesInManaged (12ms)
			SetLoadedEditorAssemblies (6ms)
			RefreshPlugins (0ms)
			BeforeProcessingInitializeOnLoad (148ms)
			ProcessInitializeOnLoadAttributes (401ms)
			ProcessInitializeOnLoadMethodAttributes (111ms)
			AfterProcessingInitializeOnLoad (14ms)
			EditorAssembliesLoaded (0ms)
		ExecutionOrderSort2 (0ms)
		AwakeInstancesAfterBackupRestoration (19ms)
Refreshing native plugins compatible for Editor in 6.88 ms, found 4 plugins.
Preloading 0 native plugins for Editor in 0.00 ms.
Unloading 5663 Unused Serialized files (Serialized files now loaded: 0)
Unloading 48 unused Assets / (391.6 KB). Loaded Objects now: 6361.
Memory consumption went from 194.5 MB to 194.1 MB.
Total: 5.252100 ms (FindLiveObjects: 0.708300 ms CreateObjectMapping: 0.187300 ms MarkObjects: 4.175100 ms  DeleteObjects: 0.179900 ms)

Prepare: number of updated asset objects reloaded= 0
AssetImportParameters requested are different than current active one (requested -> active):
  custom:container-demuxer-ogg: 62fdf1f143b41e24485cea50d1cbac27 -> 
  custom:video-decoder-ogg-theora: a1e56fd34408186e4bbccfd4996cb3dc -> 
  custom:framework-win-MediaFoundation: 216162199b28c13a410421893ffa2e32 -> 
  custom:CustomObjectIndexerAttribute: a3ef5dd2817f97addfee359851a9dba5 -> 
  custom:container-demuxer-webm: 4f35f7cbe854078d1ac9338744f61a02 -> 
  custom:container-muxer-webm: aa71ff27fc2769a1b78a27578f13a17b -> 
  custom:video-decoder-webm-vp8: 9c59270c3fd7afecdb556c50c9e8de78 -> 
  custom:AudioImporter_EditorPlatform: d09bf68614088b80899f8185d706f6e7 -> 
  custom:video-encoder-webm-vp8: eb34c28f22e8b96e1ab97ce403110664 -> 
  custom:audio-decoder-ogg-vorbis: bf7c407c2cedff20999df2af8eb42d56 -> 
  custom:audio-encoder-webm-vorbis: bf7c407c2cedff20999df2af8eb42d56 -> 
========================================================================
Received Prepare
Begin MonoManager ReloadAssembly
Symbol file LoadedFromMemory doesn't match image C:\Users\naveb\Documents\GitHub\Team1-Proj1\Team1-Proj1-HorrorGame\Team1-Proj1-HorrorGame\Library\PackageCache\com.unity.visualscripting@1.8.0\Editor\VisualScripting.Core\Dependencies\YamlDotNet\Unity.VisualScripting.YamlDotNet.dll
Symbol file LoadedFromMemory doesn't match image C:\Users\naveb\Documents\GitHub\Team1-Proj1\Team1-Proj1-HorrorGame\Team1-Proj1-HorrorGame\Library\PackageCache\com.unity.visualscripting@1.8.0\Editor\VisualScripting.Core\Dependencies\DotNetZip\Unity.VisualScripting.IonicZip.dll
- Loaded All Assemblies, in  0.933 seconds
Refreshing native plugins compatible for Editor in 6.91 ms, found 4 plugins.
Native extension for WindowsStandalone target not found
Native extension for WebGL target not found
Mono: successfully reloaded assembly
- Finished resetting the current domain, in  1.354 seconds
Domain Reload Profiling: 2280ms
	BeginReloadAssembly (171ms)
		ExecutionOrderSort (0ms)
		DisableScriptedObjects (12ms)
		BackupInstance (0ms)
		ReleaseScriptingObjects (0ms)
		CreateAndSetChildDomain (53ms)
	RebuildCommonClasses (40ms)
	RebuildNativeTypeToScriptingClass (13ms)
	initialDomainReloadingComplete (38ms)
	LoadAllAssembliesAndSetupDomain (664ms)
		LoadAssemblies (373ms)
		RebuildTransferFunctionScriptingTraits (0ms)
		AnalyzeDomain (345ms)
			TypeCache.Refresh (328ms)
				TypeCache.ScanAssembly (315ms)
			ScanForSourceGeneratedMonoScriptInfo (6ms)
			ResolveRequiredComponents (12ms)
	FinalizeReload (1354ms)
		ReleaseScriptCaches (0ms)
		RebuildScriptCaches (0ms)
		SetupLoadedEditorAssemblies (494ms)
			LogAssemblyErrors (0ms)
			InitializePlatformSupportModulesInManaged (11ms)
			SetLoadedEditorAssemblies (6ms)
			RefreshPlugins (0ms)
			BeforeProcessingInitializeOnLoad (117ms)
			ProcessInitializeOnLoadAttributes (274ms)
			ProcessInitializeOnLoadMethodAttributes (76ms)
			AfterProcessingInitializeOnLoad (9ms)
			EditorAssembliesLoaded (0ms)
		ExecutionOrderSort2 (0ms)
		AwakeInstancesAfterBackupRestoration (13ms)
Refreshing native plugins compatible for Editor in 5.75 ms, found 4 plugins.
Preloading 0 native plugins for Editor in 0.00 ms.
Unloading 5663 Unused Serialized files (Serialized files now loaded: 0)
Unloading 48 unused Assets / (391.6 KB). Loaded Objects now: 6378.
Memory consumption went from 194.5 MB to 194.1 MB.
Total: 5.180200 ms (FindLiveObjects: 0.607800 ms CreateObjectMapping: 0.217100 ms MarkObjects: 4.177900 ms  DeleteObjects: 0.176200 ms)

Prepare: number of updated asset objects reloaded= 0
AssetImportParameters requested are different than current active one (requested -> active):
  custom:container-demuxer-ogg: 62fdf1f143b41e24485cea50d1cbac27 -> 
  custom:video-decoder-ogg-theora: a1e56fd34408186e4bbccfd4996cb3dc -> 
  custom:framework-win-MediaFoundation: 216162199b28c13a410421893ffa2e32 -> 
  custom:CustomObjectIndexerAttribute: a3ef5dd2817f97addfee359851a9dba5 -> 
  custom:container-demuxer-webm: 4f35f7cbe854078d1ac9338744f61a02 -> 
  custom:container-muxer-webm: aa71ff27fc2769a1b78a27578f13a17b -> 
  custom:video-decoder-webm-vp8: 9c59270c3fd7afecdb556c50c9e8de78 -> 
  custom:AudioImporter_EditorPlatform: d09bf68614088b80899f8185d706f6e7 -> 
  custom:video-encoder-webm-vp8: eb34c28f22e8b96e1ab97ce403110664 -> 
  custom:audio-decoder-ogg-vorbis: bf7c407c2cedff20999df2af8eb42d56 -> 
  custom:audio-encoder-webm-vorbis: bf7c407c2cedff20999df2af8eb42d56 -> 
========================================================================
Received Import Request.
  Time since last request: 199732.925088 seconds.
  path: Assets/Art Assets/Menus/arrow_keys.png
  artifactKey: Guid(22566b4840709d240bff887107847666) Importer(815301076,1909f56bfc062723c751e8b465ee728b)
Start importing Assets/Art Assets/Menus/arrow_keys.png using Guid(22566b4840709d240bff887107847666) Importer(815301076,1909f56bfc062723c751e8b465ee728b)  -> (artifact id: '99f8b2618f143cff6aeee7a66f8aa5a8') in 0.036119 seconds
Number of updated asset objects reloaded before import = 0
Number of asset objects unloaded after import = 2
========================================================================
Received Import Request.
  Time since last request: 0.000018 seconds.
  path: Assets/Art Assets/Items/Original/Bottle.png
  artifactKey: Guid(58d966d125f005e4a916b3a6b2fb93c9) Importer(815301076,1909f56bfc062723c751e8b465ee728b)
Start importing Assets/Art Assets/Items/Original/Bottle.png using Guid(58d966d125f005e4a916b3a6b2fb93c9) Importer(815301076,1909f56bfc062723c751e8b465ee728b)  -> (artifact id: 'b34ed9e00ad43dca4dc7d70ce777611b') in 0.001714 seconds
Number of updated asset objects reloaded before import = 0
Number of asset objects unloaded after import = 2
========================================================================
Received Import Request.
  Time since last request: 0.000015 seconds.
  path: Assets/Art Assets/Enviroment_Assets/House_Assets_up/Book_04.png
  artifactKey: Guid(c8e576e7097b7de4c832b4630c9ce6b4) Importer(815301076,1909f56bfc062723c751e8b465ee728b)
Start importing Assets/Art Assets/Enviroment_Assets/House_Assets_up/Book_04.png using Guid(c8e576e7097b7de4c832b4630c9ce6b4) Importer(815301076,1909f56bfc062723c751e8b465ee728b)  -> (artifact id: 'a3e0c07fa92c3285ff178a56edcb0171') in 0.002218 seconds
Number of updated asset objects reloaded before import = 0
Number of asset objects unloaded after import = 2
========================================================================
Received Import Request.
  Time since last request: 0.000019 seconds.
  path: Assets/Art Assets/Enviroment_Assets/House_Assets_up/Bookshelf_01.png
  artifactKey: Guid(74862161f7d71484b8f5dbe867e44113) Importer(815301076,1909f56bfc062723c751e8b465ee728b)
Start importing Assets/Art Assets/Enviroment_Assets/House_Assets_up/Bookshelf_01.png using Guid(74862161f7d71484b8f5dbe867e44113) Importer(815301076,1909f56bfc062723c751e8b465ee728b)  -> (artifact id: '668c192ce371b297ba0a52e57ab3f0a8') in 0.002018 seconds
Number of updated asset objects reloaded before import = 0
Number of asset objects unloaded after import = 2
========================================================================
Received Import Request.
  Time since last request: 0.000016 seconds.
  path: Assets/Art Assets/Floor tiles/Corn/Dense_Corn_Stalks_Sludged_up.png
  artifactKey: Guid(d3fd79d6c2e2acb4288d31e39c46bfd2) Importer(815301076,1909f56bfc062723c751e8b465ee728b)
Start importing Assets/Art Assets/Floor tiles/Corn/Dense_Corn_Stalks_Sludged_up.png using Guid(d3fd79d6c2e2acb4288d31e39c46bfd2) Importer(815301076,1909f56bfc062723c751e8b465ee728b)  -> (artifact id: '643b68a3eb68750dbd8b48c38714c31c') in 0.001806 seconds
Number of updated asset objects reloaded before import = 0
Number of asset objects unloaded after import = 2
========================================================================
Received Import Request.
  Time since last request: 0.000023 seconds.
  path: Assets/Art Assets/Floor tiles/Dirt/Dirt_Grass_Tile_01_up.png
  artifactKey: Guid(8a12d270a49132a4aa4be11de6c864ac) Importer(815301076,1909f56bfc062723c751e8b465ee728b)
Start importing Assets/Art Assets/Floor tiles/Dirt/Dirt_Grass_Tile_01_up.png using Guid(8a12d270a49132a4aa4be11de6c864ac) Importer(815301076,1909f56bfc062723c751e8b465ee728b)  -> (artifact id: '20d0925c471aa6f7eb69d6822741f896') in 0.002396 seconds
Number of updated asset objects reloaded before import = 0
Number of asset objects unloaded after import = 2
========================================================================
Received Import Request.
  Time since last request: 0.000019 seconds.
  path: Assets/Art Assets/Enviroment_Assets/barntile.png
  artifactKey: Guid(047308a903fad8b4691c0b69e64c2776) Importer(815301076,1909f56bfc062723c751e8b465ee728b)
Start importing Assets/Art Assets/Enviroment_Assets/barntile.png using Guid(047308a903fad8b4691c0b69e64c2776) Importer(815301076,1909f56bfc062723c751e8b465ee728b)  -> (artifact id: 'a35964a1e93d1c8c11571e27a73146cc') in 0.001729 seconds
Number of updated asset objects reloaded before import = 0
Number of asset objects unloaded after import = 2
========================================================================
Received Import Request.
  Time since last request: 0.000015 seconds.
  path: Assets/Art Assets/Items/Original/Cloth.png
  artifactKey: Guid(cc1632a22fba4e646a5089367bd54922) Importer(815301076,1909f56bfc062723c751e8b465ee728b)
Start importing Assets/Art Assets/Items/Original/Cloth.png using Guid(cc1632a22fba4e646a5089367bd54922) Importer(815301076,1909f56bfc062723c751e8b465ee728b)  -> (artifact id: 'af183b778a201698483cb1466a49749d') in 0.001656 seconds
Number of updated asset objects reloaded before import = 0
Number of asset objects unloaded after import = 2
========================================================================
Received Import Request.
  Time since last request: 0.000018 seconds.
  path: Assets/Art Assets/Floor tiles/Corn/Dense_Corn_Stalks_Wilted_up.png
  artifactKey: Guid(93b9954c676ea6346ad379b208a3e684) Importer(815301076,1909f56bfc062723c751e8b465ee728b)
Start importing Assets/Art Assets/Floor tiles/Corn/Dense_Corn_Stalks_Wilted_up.png using Guid(93b9954c676ea6346ad379b208a3e684) Importer(815301076,1909f56bfc062723c751e8b465ee728b)  -> (artifact id: '5e7a8c27dbaa5e468560e3675e66ebd7') in 0.001878 seconds
Number of updated asset objects reloaded before import = 0
Number of asset objects unloaded after import = 2
========================================================================
Received Import Request.
  Time since last request: 0.000017 seconds.
  path: Assets/Art Assets/Items/Original/Corn.png
  artifactKey: Guid(ce84bddfc6813b14692769c87457ee4e) Importer(815301076,1909f56bfc062723c751e8b465ee728b)
Start importing Assets/Art Assets/Items/Original/Corn.png using Guid(ce84bddfc6813b14692769c87457ee4e) Importer(815301076,1909f56bfc062723c751e8b465ee728b)  -> (artifact id: '307f71e97ad2fcf1d08644ea0da4f2be') in 0.001913 seconds
Number of updated asset objects reloaded before import = 0
Number of asset objects unloaded after import = 2
========================================================================
Received Import Request.
  Time since last request: 0.000014 seconds.
  path: Assets/Art Assets/Items/Original/Crowbar.png
  artifactKey: Guid(bb0a9066b6e4b144d89d7994c01d6994) Importer(815301076,1909f56bfc062723c751e8b465ee728b)
Start importing Assets/Art Assets/Items/Original/Crowbar.png using Guid(bb0a9066b6e4b144d89d7994c01d6994) Importer(815301076,1909f56bfc062723c751e8b465ee728b)  -> (artifact id: '03c8ebd3c29923768691a20fd7cb2677') in 0.001700 seconds
Number of updated asset objects reloaded before import = 0
Number of asset objects unloaded after import = 2
========================================================================
Received Import Request.
  Time since last request: 0.000018 seconds.
  path: Assets/Art Assets/Items/Upscaled/Bucket.png
  artifactKey: Guid(f8b0662073d67da43a21214a52446f14) Importer(815301076,1909f56bfc062723c751e8b465ee728b)
Start importing Assets/Art Assets/Items/Upscaled/Bucket.png using Guid(f8b0662073d67da43a21214a52446f14) Importer(815301076,1909f56bfc062723c751e8b465ee728b)  -> (artifact id: '532d57c4844425367995025036d5145c') in 0.001519 seconds
Number of updated asset objects reloaded before import = 0
Number of asset objects unloaded after import = 2
========================================================================
Received Import Request.
  Time since last request: 0.000017 seconds.
  path: Assets/Art Assets/Floor tiles/Corn/Baby_Corn_Rotted_01_up.png
  artifactKey: Guid(12b623c439080634eb89aafcbd359e03) Importer(815301076,1909f56bfc062723c751e8b465ee728b)
Start importing Assets/Art Assets/Floor tiles/Corn/Baby_Corn_Rotted_01_up.png using Guid(12b623c439080634eb89aafcbd359e03) Importer(815301076,1909f56bfc062723c751e8b465ee728b)  -> (artifact id: '602ce7ed5fe461303b6c223a3ffb3c34') in 0.002008 seconds
Number of updated asset objects reloaded before import = 0
Number of asset objects unloaded after import = 2
========================================================================
Received Import Request.
  Time since last request: 0.000016 seconds.
  path: Assets/Art Assets/Floor tiles/Corn/Baby_Corn_01_up.png
  artifactKey: Guid(af76d3c5ae0d6ba41bf439373e37ab97) Importer(815301076,1909f56bfc062723c751e8b465ee728b)
Start importing Assets/Art Assets/Floor tiles/Corn/Baby_Corn_01_up.png using Guid(af76d3c5ae0d6ba41bf439373e37ab97) Importer(815301076,1909f56bfc062723c751e8b465ee728b)  -> (artifact id: '5a737d634de45e415eabad42d3b069d9') in 0.001823 seconds
Number of updated asset objects reloaded before import = 0
Number of asset objects unloaded after import = 2
========================================================================
Received Import Request.
  Time since last request: 0.000020 seconds.
  path: Assets/Art Assets/Enviroment_Assets/House_Assets_up/Book_03.png
  artifactKey: Guid(56816626891e8ab4aafc8a5a375bf595) Importer(815301076,1909f56bfc062723c751e8b465ee728b)
Start importing Assets/Art Assets/Enviroment_Assets/House_Assets_up/Book_03.png using Guid(56816626891e8ab4aafc8a5a375bf595) Importer(815301076,1909f56bfc062723c751e8b465ee728b)  -> (artifact id: '59958b910bd0f27e73560483cbe6bcb7') in 0.001417 seconds
Number of updated asset objects reloaded before import = 0
Number of asset objects unloaded after import = 2
========================================================================
Received Import Request.
  Time since last request: 0.000015 seconds.
  path: Assets/Art Assets/Menus/CornForeground.png
  artifactKey: Guid(a0cbe898bd804ca498c03bbb7952472a) Importer(815301076,1909f56bfc062723c751e8b465ee728b)
Start importing Assets/Art Assets/Menus/CornForeground.png using Guid(a0cbe898bd804ca498c03bbb7952472a) Importer(815301076,1909f56bfc062723c751e8b465ee728b)  -> (artifact id: '2a997dd8cdacd53bf00b1c7cb85c2103') in 0.003470 seconds
Number of updated asset objects reloaded before import = 0
Number of asset objects unloaded after import = 2
========================================================================
Received Import Request.
  Time since last request: 0.000015 seconds.
  path: Assets/Art Assets/Enviroment_Assets/House_Assets_up/Couch_Chair_Sludged_up.png
  artifactKey: Guid(6084a1b4f3de11346ae07d666d2a4b43) Importer(815301076,1909f56bfc062723c751e8b465ee728b)
Start importing Assets/Art Assets/Enviroment_Assets/House_Assets_up/Couch_Chair_Sludged_up.png using Guid(6084a1b4f3de11346ae07d666d2a4b43) Importer(815301076,1909f56bfc062723c751e8b465ee728b)  -> (artifact id: '0617399e7e6023f7481212ee5fab6593') in 0.001926 seconds
Number of updated asset objects reloaded before import = 0
Number of asset objects unloaded after import = 2
========================================================================
Received Import Request.
  Time since last request: 0.000012 seconds.
  path: Assets/Art Assets/Enviroment_Assets/House_Assets_up/Bookshelf_04.png
  artifactKey: Guid(e3bcf76ac53d96b45970808e66985b4d) Importer(815301076,1909f56bfc062723c751e8b465ee728b)
Start importing Assets/Art Assets/Enviroment_Assets/House_Assets_up/Bookshelf_04.png using Guid(e3bcf76ac53d96b45970808e66985b4d) Importer(815301076,1909f56bfc062723c751e8b465ee728b)  -> (artifact id: '50ecc36110dee74062f76d2cb56fcbfe') in 0.001677 seconds
Number of updated asset objects reloaded before import = 0
Number of asset objects unloaded after import = 2
========================================================================
Received Import Request.
  Time since last request: 0.000014 seconds.
  path: Assets/Art Assets/Floor tiles/Corn/Dense_Corn_Stalks_Heads_up.png
  artifactKey: Guid(b0193a21d55250b4b8ad82cff1bd5657) Importer(815301076,1909f56bfc062723c751e8b465ee728b)
Start importing Assets/Art Assets/Floor tiles/Corn/Dense_Corn_Stalks_Heads_up.png using Guid(b0193a21d55250b4b8ad82cff1bd5657) Importer(815301076,1909f56bfc062723c751e8b465ee728b)  -> (artifact id: 'ec9918765282122d89e66767fa9f5f01') in 0.002220 seconds
Number of updated asset objects reloaded before import = 0
Number of asset objects unloaded after import = 2
========================================================================
Received Import Request.
  Time since last request: 0.000015 seconds.
  path: Assets/Art Assets/Enviroment_Assets/House_Assets_up/Book_02.png
  artifactKey: Guid(7d42f4e3f3347ca4c89d48c98b3a26b6) Importer(815301076,1909f56bfc062723c751e8b465ee728b)
Start importing Assets/Art Assets/Enviroment_Assets/House_Assets_up/Book_02.png using Guid(7d42f4e3f3347ca4c89d48c98b3a26b6) Importer(815301076,1909f56bfc062723c751e8b465ee728b)  -> (artifact id: 'dc55efe5a00b8551cf33e60a122f9fcb') in 0.001591 seconds
Number of updated asset objects reloaded before import = 0
Number of asset objects unloaded after import = 2
========================================================================
Received Import Request.
  Time since last request: 0.000018 seconds.
  path: Assets/Art Assets/Items/Upscaled/bottle_up.png
  artifactKey: Guid(9a0a1462bdeeb2c458afbc78c678d7d0) Importer(815301076,1909f56bfc062723c751e8b465ee728b)
Start importing Assets/Art Assets/Items/Upscaled/bottle_up.png using Guid(9a0a1462bdeeb2c458afbc78c678d7d0) Importer(815301076,1909f56bfc062723c751e8b465ee728b)  -> (artifact id: '1dccf1eb0cc7255107e1d1da63da3254') in 0.001873 seconds
Number of updated asset objects reloaded before import = 0
Number of asset objects unloaded after import = 2
========================================================================
Received Import Request.
  Time since last request: 0.000020 seconds.
  path: Assets/Art Assets/Enviroment_Assets/House_Assets_up/Bookshelf_02.png
  artifactKey: Guid(b159630df8b78d5498a8682f1094db24) Importer(815301076,1909f56bfc062723c751e8b465ee728b)
Start importing Assets/Art Assets/Enviroment_Assets/House_Assets_up/Bookshelf_02.png using Guid(b159630df8b78d5498a8682f1094db24) Importer(815301076,1909f56bfc062723c751e8b465ee728b)  -> (artifact id: '8c2f1cd6e7e036fa374f18608c3e4482') in 0.001735 seconds
Number of updated asset objects reloaded before import = 0
Number of asset objects unloaded after import = 2
========================================================================
Received Import Request.
  Time since last request: 0.000016 seconds.
  path: Assets/Art Assets/Entities/Crow/Crowflap.png
  artifactKey: Guid(7d3b8d41e7393a942ac0c574e83c830f) Importer(815301076,1909f56bfc062723c751e8b465ee728b)
Start importing Assets/Art Assets/Entities/Crow/Crowflap.png using Guid(7d3b8d41e7393a942ac0c574e83c830f) Importer(815301076,1909f56bfc062723c751e8b465ee728b)  -> (artifact id: '5ee71b9e360e535bc526bb7611c99c78') in 0.001523 seconds
Number of updated asset objects reloaded before import = 0
Number of asset objects unloaded after import = 2
========================================================================
Received Import Request.
  Time since last request: 1.563105 seconds.
  path: Assets/Art Assets/Enviroment_Assets/Barn_Assets/Upscaled/Hay_Pile_Flaming_01.png
  artifactKey: Guid(85eac1f1a088b524180bb8439db1f05a) Importer(815301076,1909f56bfc062723c751e8b465ee728b)
Start importing Assets/Art Assets/Enviroment_Assets/Barn_Assets/Upscaled/Hay_Pile_Flaming_01.png using Guid(85eac1f1a088b524180bb8439db1f05a) Importer(815301076,1909f56bfc062723c751e8b465ee728b)  -> (artifact id: '44c57338e54b1c927fbf4671a63dd2c2') in 0.004224 seconds
Number of updated asset objects reloaded before import = 0
Number of asset objects unloaded after import = 5
========================================================================
Received Import Request.
  Time since last request: 0.000017 seconds.
  path: Assets/Art Assets/Enviroment_Assets/Barn_Assets/Upscaled/Hay_Pile_Flaming_02.png
  artifactKey: Guid(dee46d36ff899144c8a114c659e918e2) Importer(815301076,1909f56bfc062723c751e8b465ee728b)
Start importing Assets/Art Assets/Enviroment_Assets/Barn_Assets/Upscaled/Hay_Pile_Flaming_02.png using Guid(dee46d36ff899144c8a114c659e918e2) Importer(815301076,1909f56bfc062723c751e8b465ee728b)  -> (artifact id: '6df3b7efe40ea9fa78d35b692bc7c8ef') in 0.002488 seconds
Number of updated asset objects reloaded before import = 0
Number of asset objects unloaded after import = 5
========================================================================
Received Import Request.
  Time since last request: 0.000018 seconds.
  path: Assets/Art Assets/Enviroment_Assets/Barn_Assets/Upscaled/Hay_Pile_Flaming_03.png
  artifactKey: Guid(9b8d568fd96d8c24f85f474d0c71f48b) Importer(815301076,1909f56bfc062723c751e8b465ee728b)
Start importing Assets/Art Assets/Enviroment_Assets/Barn_Assets/Upscaled/Hay_Pile_Flaming_03.png using Guid(9b8d568fd96d8c24f85f474d0c71f48b) Importer(815301076,1909f56bfc062723c751e8b465ee728b)  -> (artifact id: 'ace757fc4f55f4360d09025bab69a818') in 0.002523 seconds
Number of updated asset objects reloaded before import = 0
Number of asset objects unloaded after import = 5
========================================================================
Received Import Request.
  Time since last request: 0.918443 seconds.
  path: Assets/Art Assets/Items/Upscaled/Flashlight_up.png
  artifactKey: Guid(c054c5870f1c4cf40b01a515fe568468) Importer(815301076,1909f56bfc062723c751e8b465ee728b)
Start importing Assets/Art Assets/Items/Upscaled/Flashlight_up.png using Guid(c054c5870f1c4cf40b01a515fe568468) Importer(815301076,1909f56bfc062723c751e8b465ee728b)  -> (artifact id: 'd4297991c55ee8dc3d886aff220b28fc') in 0.002025 seconds
Number of updated asset objects reloaded before import = 0
Number of asset objects unloaded after import = 2
========================================================================
Received Import Request.
  Time since last request: 3.305673 seconds.
  path: Assets/Art Assets/Floor tiles/Dirt/Dirt_Rock_Grass_Tile_01_up.png
  artifactKey: Guid(86922caa53e7a7d4ca9950299217fa21) Importer(815301076,1909f56bfc062723c751e8b465ee728b)
Start importing Assets/Art Assets/Floor tiles/Dirt/Dirt_Rock_Grass_Tile_01_up.png using Guid(86922caa53e7a7d4ca9950299217fa21) Importer(815301076,1909f56bfc062723c751e8b465ee728b)  -> (artifact id: 'dfe8376cad6e31e229de3df3b62dcb9c') in 0.001357 seconds
Number of updated asset objects reloaded before import = 0
Number of asset objects unloaded after import = 2
========================================================================
Received Import Request.
  Time since last request: 0.000013 seconds.
  path: Assets/Art Assets/Particle_Effects/Dustcloud.png
  artifactKey: Guid(70446d0b52f04e741beefb4ffc9c93ad) Importer(815301076,1909f56bfc062723c751e8b465ee728b)
Start importing Assets/Art Assets/Particle_Effects/Dustcloud.png using Guid(70446d0b52f04e741beefb4ffc9c93ad) Importer(815301076,1909f56bfc062723c751e8b465ee728b)  -> (artifact id: '45f1008a9117824183a61e023c81b909') in 0.002105 seconds
Number of updated asset objects reloaded before import = 0
Number of asset objects unloaded after import = 5
========================================================================
Received Import Request.
  Time since last request: 0.000045 seconds.
  path: Assets/Art Assets/Floor tiles/Dirt/Dirt_Rock_Grass_Tile_02_up.png
  artifactKey: Guid(7552fade7925c064c966af836552d4ff) Importer(815301076,1909f56bfc062723c751e8b465ee728b)
Start importing Assets/Art Assets/Floor tiles/Dirt/Dirt_Rock_Grass_Tile_02_up.png using Guid(7552fade7925c064c966af836552d4ff) Importer(815301076,1909f56bfc062723c751e8b465ee728b)  -> (artifact id: 'df4b2022835de7fc12b72ce6f25eda7c') in 0.001946 seconds
Number of updated asset objects reloaded before import = 0
Number of asset objects unloaded after import = 2
========================================================================
Received Import Request.
  Time since last request: 0.000019 seconds.
  path: Assets/Art Assets/Enviroment_Assets/House_Assets_up/Fireplace_Sludge.png
  artifactKey: Guid(80d2d68aa8e0f2a459dae4f52787919f) Importer(815301076,1909f56bfc062723c751e8b465ee728b)
Start importing Assets/Art Assets/Enviroment_Assets/House_Assets_up/Fireplace_Sludge.png using Guid(80d2d68aa8e0f2a459dae4f52787919f) Importer(815301076,1909f56bfc062723c751e8b465ee728b)  -> (artifact id: 'e966975204fc5fe4f555143cf6d52fe4') in 0.002239 seconds
Number of updated asset objects reloaded before import = 0
Number of asset objects unloaded after import = 2
========================================================================
Received Import Request.
  Time since last request: 0.000016 seconds.
  path: Assets/Art Assets/Floor tiles/Dirt/Dirt_Rock_Tile_03_up.png
  artifactKey: Guid(1f1070b00e07d0b4aa72a41b3e8980c6) Importer(815301076,1909f56bfc062723c751e8b465ee728b)
Start importing Assets/Art Assets/Floor tiles/Dirt/Dirt_Rock_Tile_03_up.png using Guid(1f1070b00e07d0b4aa72a41b3e8980c6) Importer(815301076,1909f56bfc062723c751e8b465ee728b)  -> (artifact id: '35be8c5e5d24fb75f5f3b2ed0820cfb3') in 0.001898 seconds
Number of updated asset objects reloaded before import = 0
Number of asset objects unloaded after import = 2
========================================================================
Received Import Request.
  Time since last request: 0.000019 seconds.
  path: Assets/Art Assets/Floor tiles/Dirt/Dirt_Tile_03_up.png
  artifactKey: Guid(3a15502452a716b4f9d47c6c0468015b) Importer(815301076,1909f56bfc062723c751e8b465ee728b)
Start importing Assets/Art Assets/Floor tiles/Dirt/Dirt_Tile_03_up.png using Guid(3a15502452a716b4f9d47c6c0468015b) Importer(815301076,1909f56bfc062723c751e8b465ee728b)  -> (artifact id: 'dff7496af62be1fa5e413b625e4a71f7') in 0.001556 seconds
Number of updated asset objects reloaded before import = 0
Number of asset objects unloaded after import = 2
========================================================================
Received Import Request.
  Time since last request: 0.538304 seconds.
  path: Assets/Art Assets/Items/Upscaled/Lighter_Fluid.png
  artifactKey: Guid(1722c213ae5c9ed4b996515670c949ac) Importer(815301076,1909f56bfc062723c751e8b465ee728b)
Start importing Assets/Art Assets/Items/Upscaled/Lighter_Fluid.png using Guid(1722c213ae5c9ed4b996515670c949ac) Importer(815301076,1909f56bfc062723c751e8b465ee728b)  -> (artifact id: '69e60637d93bad42a54e56ce3d932896') in 0.001676 seconds
Number of updated asset objects reloaded before import = 0
Number of asset objects unloaded after import = 2
========================================================================
Received Import Request.
  Time since last request: 0.000014 seconds.
  path: Assets/Art Assets/Enviroment_Assets/String Lights Poles and Wires/Upscaled/String_Light_Bottom_up.png
  artifactKey: Guid(b2583d0ad89e38448b24e7519ffb84e6) Importer(815301076,1909f56bfc062723c751e8b465ee728b)
Start importing Assets/Art Assets/Enviroment_Assets/String Lights Poles and Wires/Upscaled/String_Light_Bottom_up.png using Guid(b2583d0ad89e38448b24e7519ffb84e6) Importer(815301076,1909f56bfc062723c751e8b465ee728b)  -> (artifact id: '87c93eba7b38eb80140d5e7c620ff397') in 0.001983 seconds
Number of updated asset objects reloaded before import = 0
Number of asset objects unloaded after import = 2
========================================================================
Received Import Request.
  Time since last request: 0.000030 seconds.
  path: Assets/Art Assets/Enviroment_Assets/String Lights Poles and Wires/Upscaled/String_Light_End_LUD.png
  artifactKey: Guid(3bfa8be2a2f50574cb9d89db7170a8e4) Importer(815301076,1909f56bfc062723c751e8b465ee728b)
Start importing Assets/Art Assets/Enviroment_Assets/String Lights Poles and Wires/Upscaled/String_Light_End_LUD.png using Guid(3bfa8be2a2f50574cb9d89db7170a8e4) Importer(815301076,1909f56bfc062723c751e8b465ee728b)  -> (artifact id: '94511502ac09eab7eb85372fb3003bc0') in 0.002232 seconds
Number of updated asset objects reloaded before import = 0
Number of asset objects unloaded after import = 2
========================================================================
Received Import Request.
  Time since last request: 0.000019 seconds.
  path: Assets/Art Assets/Enviroment_Assets/String Lights Poles and Wires/Original/String_Light_Multi_01.png
  artifactKey: Guid(55d7b6883d1656f4c94d865c6ebfbfd3) Importer(815301076,1909f56bfc062723c751e8b465ee728b)
Start importing Assets/Art Assets/Enviroment_Assets/String Lights Poles and Wires/Original/String_Light_Multi_01.png using Guid(55d7b6883d1656f4c94d865c6ebfbfd3) Importer(815301076,1909f56bfc062723c751e8b465ee728b)  -> (artifact id: '4f5465581efb2f714921044c9bd7bca6') in 0.001514 seconds
Number of updated asset objects reloaded before import = 0
Number of asset objects unloaded after import = 2
========================================================================
Received Import Request.
  Time since last request: 0.000020 seconds.
  path: Assets/Art Assets/Enviroment_Assets/String Lights Poles and Wires/Original/String_Light_RED.png
  artifactKey: Guid(38928f26bcc637547b196d038bff3536) Importer(815301076,1909f56bfc062723c751e8b465ee728b)
Start importing Assets/Art Assets/Enviroment_Assets/String Lights Poles and Wires/Original/String_Light_RED.png using Guid(38928f26bcc637547b196d038bff3536) Importer(815301076,1909f56bfc062723c751e8b465ee728b)  -> (artifact id: 'b6f15b79770f60ecebd203186d6bcd83') in 0.002168 seconds
Number of updated asset objects reloaded before import = 0
Number of asset objects unloaded after import = 2
========================================================================
Received Import Request.
  Time since last request: 0.000016 seconds.
  path: Assets/Art Assets/Enviroment_Assets/String Lights Poles and Wires/Upscaled/String_Light_Short_End_Bottom_Vertical.png
  artifactKey: Guid(5c651d004d3604b4da0195cb34ea58e4) Importer(815301076,1909f56bfc062723c751e8b465ee728b)
Start importing Assets/Art Assets/Enviroment_Assets/String Lights Poles and Wires/Upscaled/String_Light_Short_End_Bottom_Vertical.png using Guid(5c651d004d3604b4da0195cb34ea58e4) Importer(815301076,1909f56bfc062723c751e8b465ee728b)  -> (artifact id: 'afc16515385af1ded67e452fbeaab1b8') in 0.001290 seconds
Number of updated asset objects reloaded before import = 0
Number of asset objects unloaded after import = 2
========================================================================
Received Import Request.
  Time since last request: 0.000012 seconds.
  path: Assets/Art Assets/Enviroment_Assets/String Lights Poles and Wires/Upscaled/String_Light_Short_End_Top_Vertical.png
  artifactKey: Guid(c0b692fb733b5ed4fb3e0a4cec47932a) Importer(815301076,1909f56bfc062723c751e8b465ee728b)
Start importing Assets/Art Assets/Enviroment_Assets/String Lights Poles and Wires/Upscaled/String_Light_Short_End_Top_Vertical.png using Guid(c0b692fb733b5ed4fb3e0a4cec47932a) Importer(815301076,1909f56bfc062723c751e8b465ee728b)  -> (artifact id: '3517234af9b112a92383328dda9482cd') in 0.001789 seconds
Number of updated asset objects reloaded before import = 0
Number of asset objects unloaded after import = 2
========================================================================
Received Import Request.
  Time since last request: 0.000014 seconds.
  path: Assets/Art Assets/Enviroment_Assets/String Lights Poles and Wires/Upscaled/String_Light_Short_End_RD.png
  artifactKey: Guid(8c0ab7cc397e23b44888e9498aa77168) Importer(815301076,1909f56bfc062723c751e8b465ee728b)
Start importing Assets/Art Assets/Enviroment_Assets/String Lights Poles and Wires/Upscaled/String_Light_Short_End_RD.png using Guid(8c0ab7cc397e23b44888e9498aa77168) Importer(815301076,1909f56bfc062723c751e8b465ee728b)  -> (artifact id: 'b8cfd888e63a504fc480c3e6fe1c7239') in 0.002297 seconds
Number of updated asset objects reloaded before import = 0
Number of asset objects unloaded after import = 2
========================================================================
Received Import Request.
  Time since last request: 0.000015 seconds.
  path: Assets/Art Assets/Enviroment_Assets/String Lights Poles and Wires/Upscaled/String_Light_Short_End_LU.png
  artifactKey: Guid(8a7993f23364d034e8d60e10a4547b17) Importer(815301076,1909f56bfc062723c751e8b465ee728b)
Start importing Assets/Art Assets/Enviroment_Assets/String Lights Poles and Wires/Upscaled/String_Light_Short_End_LU.png using Guid(8a7993f23364d034e8d60e10a4547b17) Importer(815301076,1909f56bfc062723c751e8b465ee728b)  -> (artifact id: '8f4a6d91ce9e105b07ee275a5755f561') in 0.002193 seconds
Number of updated asset objects reloaded before import = 0
Number of asset objects unloaded after import = 2
========================================================================
Received Import Request.
  Time since last request: 0.000020 seconds.
  path: Assets/Art Assets/Enviroment_Assets/String Lights Poles and Wires/Original/String_Light_Short.png
  artifactKey: Guid(c98e1f2ae625f8242baceda9577d8f49) Importer(815301076,1909f56bfc062723c751e8b465ee728b)
Start importing Assets/Art Assets/Enviroment_Assets/String Lights Poles and Wires/Original/String_Light_Short.png using Guid(c98e1f2ae625f8242baceda9577d8f49) Importer(815301076,1909f56bfc062723c751e8b465ee728b)  -> (artifact id: 'e299a545569e58ca450f2dc6cd6fbc58') in 0.001711 seconds
Number of updated asset objects reloaded before import = 0
Number of asset objects unloaded after import = 2
========================================================================
Received Import Request.
  Time since last request: 0.000020 seconds.
  path: Assets/Art Assets/Enviroment_Assets/String Lights Poles and Wires/Original/String_Light_Right_End.png
  artifactKey: Guid(e9e4dadcff80bed49bb363c1af925a91) Importer(815301076,1909f56bfc062723c751e8b465ee728b)
Start importing Assets/Art Assets/Enviroment_Assets/String Lights Poles and Wires/Original/String_Light_Right_End.png using Guid(e9e4dadcff80bed49bb363c1af925a91) Importer(815301076,1909f56bfc062723c751e8b465ee728b)  -> (artifact id: 'e0f2a6f18a9c8e1cb60f3aa1353d5763') in 0.001344 seconds
Number of updated asset objects reloaded before import = 0
Number of asset objects unloaded after import = 2
========================================================================
Received Import Request.
  Time since last request: 0.000013 seconds.
  path: Assets/Art Assets/Enviroment_Assets/String Lights Poles and Wires/Upscaled/String_Light_End_Four_Corners.png
  artifactKey: Guid(1003ca0d75a1f124aa18fa7593438b60) Importer(815301076,1909f56bfc062723c751e8b465ee728b)
Start importing Assets/Art Assets/Enviroment_Assets/String Lights Poles and Wires/Upscaled/String_Light_End_Four_Corners.png using Guid(1003ca0d75a1f124aa18fa7593438b60) Importer(815301076,1909f56bfc062723c751e8b465ee728b)  -> (artifact id: '95da1cacaaba2192dfbfb8de58c83a10') in 0.001721 seconds
Number of updated asset objects reloaded before import = 0
Number of asset objects unloaded after import = 2
========================================================================
Received Import Request.
  Time since last request: 0.000014 seconds.
  path: Assets/Art Assets/Enviroment_Assets/String Lights Poles and Wires/Original/String_Light_BLU.png
  artifactKey: Guid(9f575d5eb967e3049b65a9a4361a6998) Importer(815301076,1909f56bfc062723c751e8b465ee728b)
Start importing Assets/Art Assets/Enviroment_Assets/String Lights Poles and Wires/Original/String_Light_BLU.png using Guid(9f575d5eb967e3049b65a9a4361a6998) Importer(815301076,1909f56bfc062723c751e8b465ee728b)  -> (artifact id: 'f3efbf95fe5666d2a23704fae808ab77') in 0.001255 seconds
Number of updated asset objects reloaded before import = 0
Number of asset objects unloaded after import = 2
========================================================================
Received Import Request.
  Time since last request: 0.000034 seconds.
  path: Assets/Art Assets/Enviroment_Assets/String Lights Poles and Wires/Upscaled/String_Light_Short_End_RU.png
  artifactKey: Guid(14cbc133528aa4f448ab9d90ba09cb6c) Importer(815301076,1909f56bfc062723c751e8b465ee728b)
Start importing Assets/Art Assets/Enviroment_Assets/String Lights Poles and Wires/Upscaled/String_Light_Short_End_RU.png using Guid(14cbc133528aa4f448ab9d90ba09cb6c) Importer(815301076,1909f56bfc062723c751e8b465ee728b)  -> (artifact id: '93ddedf7d6ce674ea1bed56bb104fc6d') in 0.001715 seconds
Number of updated asset objects reloaded before import = 0
Number of asset objects unloaded after import = 2
========================================================================
Received Import Request.
  Time since last request: 0.000039 seconds.
  path: Assets/Art Assets/Enviroment_Assets/String Lights Poles and Wires/Upscaled/String_Light_Short_End_LUD.png
  artifactKey: Guid(19d0c1c22ca10d041be9d65ac33b1440) Importer(815301076,1909f56bfc062723c751e8b465ee728b)
Start importing Assets/Art Assets/Enviroment_Assets/String Lights Poles and Wires/Upscaled/String_Light_Short_End_LUD.png using Guid(19d0c1c22ca10d041be9d65ac33b1440) Importer(815301076,1909f56bfc062723c751e8b465ee728b)  -> (artifact id: 'df79f0f8e40015c8280cc8784d9ee3f2') in 0.001879 seconds
Number of updated asset objects reloaded before import = 0
Number of asset objects unloaded after import = 2
========================================================================
Received Import Request.
  Time since last request: 0.000014 seconds.
  path: Assets/Art Assets/Enviroment_Assets/String Lights Poles and Wires/Upscaled/String_Light_01_up.png
  artifactKey: Guid(a3e7f9bf9c88fec4ca8f093dab04bd9f) Importer(815301076,1909f56bfc062723c751e8b465ee728b)
Start importing Assets/Art Assets/Enviroment_Assets/String Lights Poles and Wires/Upscaled/String_Light_01_up.png using Guid(a3e7f9bf9c88fec4ca8f093dab04bd9f) Importer(815301076,1909f56bfc062723c751e8b465ee728b)  -> (artifact id: '4345d1f5a0a5b00ac4ba9a7f4b5ccb53') in 0.002068 seconds
Number of updated asset objects reloaded before import = 0
Number of asset objects unloaded after import = 2
========================================================================
Received Import Request.
  Time since last request: 0.000016 seconds.
  path: Assets/Art Assets/Enviroment_Assets/String Lights Poles and Wires/Upscaled/String_Light_02_up.png
  artifactKey: Guid(300b7c76b01301443a94210eb8085295) Importer(815301076,1909f56bfc062723c751e8b465ee728b)
Start importing Assets/Art Assets/Enviroment_Assets/String Lights Poles and Wires/Upscaled/String_Light_02_up.png using Guid(300b7c76b01301443a94210eb8085295) Importer(815301076,1909f56bfc062723c751e8b465ee728b)  -> (artifact id: '3487707a35dda4640c6514f8689f95b1') in 0.001808 seconds
Number of updated asset objects reloaded before import = 0
Number of asset objects unloaded after import = 2
========================================================================
Received Import Request.
  Time since last request: 0.000021 seconds.
  path: Assets/Art Assets/Enviroment_Assets/String Lights Poles and Wires/Upscaled/String_Light_End_RU.png
  artifactKey: Guid(a909c9384b03cc44c93c370900ebdecc) Importer(815301076,1909f56bfc062723c751e8b465ee728b)
Start importing Assets/Art Assets/Enviroment_Assets/String Lights Poles and Wires/Upscaled/String_Light_End_RU.png using Guid(a909c9384b03cc44c93c370900ebdecc) Importer(815301076,1909f56bfc062723c751e8b465ee728b)  -> (artifact id: '391de76a3bcc821fb2b57a33e00f1067') in 0.002164 seconds
Number of updated asset objects reloaded before import = 0
Number of asset objects unloaded after import = 2
========================================================================
Received Import Request.
  Time since last request: 0.000021 seconds.
  path: Assets/Art Assets/Enviroment_Assets/String Lights Poles and Wires/Original/String_Light_Multi_02.png
  artifactKey: Guid(4e40d5dd8b94eda48aa07f88e1b3d9fc) Importer(815301076,1909f56bfc062723c751e8b465ee728b)
Start importing Assets/Art Assets/Enviroment_Assets/String Lights Poles and Wires/Original/String_Light_Multi_02.png using Guid(4e40d5dd8b94eda48aa07f88e1b3d9fc) Importer(815301076,1909f56bfc062723c751e8b465ee728b)  -> (artifact id: '4718305fc1c2fb5f8b69c6227989ad3e') in 0.001743 seconds
Number of updated asset objects reloaded before import = 0
Number of asset objects unloaded after import = 2
========================================================================
Received Import Request.
  Time since last request: 0.000023 seconds.
  path: Assets/Art Assets/Items/Upscaled/Lighter_up.png
  artifactKey: Guid(06d48b1dc89ddfc4f823a77121272983) Importer(815301076,1909f56bfc062723c751e8b465ee728b)
Start importing Assets/Art Assets/Items/Upscaled/Lighter_up.png using Guid(06d48b1dc89ddfc4f823a77121272983) Importer(815301076,1909f56bfc062723c751e8b465ee728b)  -> (artifact id: 'e1ce52bf330cdabb72863c467c3d223e') in 0.001570 seconds
Number of updated asset objects reloaded before import = 0
Number of asset objects unloaded after import = 2
========================================================================
Received Import Request.
  Time since last request: 87.964810 seconds.
  path: Packages/com.unity.render-pipelines.universal/Runtime/Materials/FullscreenInvertColors.mat
  artifactKey: Guid(78a08787ca30045abb69f6f7dd878e09) Importer(815301076,1909f56bfc062723c751e8b465ee728b)
Start importing Packages/com.unity.render-pipelines.universal/Runtime/Materials/FullscreenInvertColors.mat using Guid(78a08787ca30045abb69f6f7dd878e09) Importer(815301076,1909f56bfc062723c751e8b465ee728b)  -> (artifact id: '36ac84c0a835b96a9ff454cbf89bc97f') in 0.005354 seconds
Number of updated asset objects reloaded before import = 0
Number of asset objects unloaded after import = 2
========================================================================
Received Import Request.
  Time since last request: 0.000019 seconds.
  path: Packages/com.unity.render-pipelines.universal/Runtime/Materials/SpatialMappingOcclusion.mat
  artifactKey: Guid(b51db210fe78df745a372851b3db949e) Importer(815301076,1909f56bfc062723c751e8b465ee728b)
Start importing Packages/com.unity.render-pipelines.universal/Runtime/Materials/SpatialMappingOcclusion.mat using Guid(b51db210fe78df745a372851b3db949e) Importer(815301076,1909f56bfc062723c751e8b465ee728b)  -> (artifact id: '7d9faa70a3b506bf6a790e24364c1e5a') in 0.001632 seconds
Number of updated asset objects reloaded before import = 0
Number of asset objects unloaded after import = 1
========================================================================
Received Import Request.
  Time since last request: 0.000019 seconds.
  path: Packages/com.unity.render-pipelines.universal/Runtime/Materials/ParticlesUnlit.mat
  artifactKey: Guid(e823cd5b5d27c0f4b8256e7c12ee3e6d) Importer(815301076,1909f56bfc062723c751e8b465ee728b)
Start importing Packages/com.unity.render-pipelines.universal/Runtime/Materials/ParticlesUnlit.mat using Guid(e823cd5b5d27c0f4b8256e7c12ee3e6d) Importer(815301076,1909f56bfc062723c751e8b465ee728b)  -> (artifact id: '8c8dacfcfafc31a40b7e579732dd89f6') in 0.000888 seconds
Number of updated asset objects reloaded before import = 0
Number of asset objects unloaded after import = 0
========================================================================
Received Import Request.
  Time since last request: 0.000035 seconds.
  path: Packages/com.unity.render-pipelines.universal/Runtime/Materials/SpatialMappingWireframe.mat
  artifactKey: Guid(9875a245ac49007498213638a307faa1) Importer(815301076,1909f56bfc062723c751e8b465ee728b)
Start importing Packages/com.unity.render-pipelines.universal/Runtime/Materials/SpatialMappingWireframe.mat using Guid(9875a245ac49007498213638a307faa1) Importer(815301076,1909f56bfc062723c751e8b465ee728b)  -> (artifact id: '10a4ca523320261aade5d371ce0e7605') in 0.001798 seconds
Number of updated asset objects reloaded before import = 0
Number of asset objects unloaded after import = 1
========================================================================
Received Import Request.
  Time since last request: 0.281785 seconds.
  path: Packages/com.unity.render-pipelines.universal/Runtime/Materials/SpriteMask-Default.mat
  artifactKey: Guid(15d0c3709176029428a0da2f8cecf0b5) Importer(815301076,1909f56bfc062723c751e8b465ee728b)
Start importing Packages/com.unity.render-pipelines.universal/Runtime/Materials/SpriteMask-Default.mat using Guid(15d0c3709176029428a0da2f8cecf0b5) Importer(815301076,1909f56bfc062723c751e8b465ee728b)  -> (artifact id: 'e8bd5dd0fe660773db02d111020fa27e') in 0.001312 seconds
Number of updated asset objects reloaded before import = 0
Number of asset objects unloaded after import = 0
Editor requested this worker to shutdown with reason: Scaling down because of idle timeout
TcpMessagingSession - receive error: operation aborted. errorcode: 995, details: The I/O operation has been aborted because of either a thread exit or an application request.
AssetImportWorker is now disconnected from the server
Process exiting
Exiting without the bug reporter. Application will terminate with return code 0