Using pre-set license
Built from '2022.3/release' branch; Version is '2022.3.5f1 (9674261d40ee) revision 9860134'; Using compiler version '192829333'; Build Type 'Release'
OS: 'Windows 10  (10.0.19045) 64bit Professional' Language: 'en' Physical Memory: 16310 MB
BatchMode: 1, IsHumanControllingUs: 0, StartBugReporterOnCrash: 0, Is64bit: 1, IsPro: 1

COMMAND LINE ARGUMENTS:
C:\Program Files\Unity 2022.3.5f1\Editor\Unity.exe
-adb2
-batchMode
-noUpm
-name
AssetImportWorker19
-projectPath
D:/SGD212/Team1-Proj1/Team1-Proj1-HorrorGame/Team1-Proj1-HorrorGame
-logFile
Logs/AssetImportWorker19.log
-srvPort
65457
Successfully changed project path to: D:/SGD212/Team1-Proj1/Team1-Proj1-HorrorGame/Team1-Proj1-HorrorGame
D:/SGD212/Team1-Proj1/Team1-Proj1-HorrorGame/Team1-Proj1-HorrorGame
[UnityMemory] Configuration Parameters - Can be set up in boot.config
    "memorysetup-bucket-allocator-granularity=16"
    "memorysetup-bucket-allocator-bucket-count=8"
    "memorysetup-bucket-allocator-block-size=33554432"
    "memorysetup-bucket-allocator-block-count=8"
    "memorysetup-main-allocator-block-size=16777216"
    "memorysetup-thread-allocator-block-size=16777216"
    "memorysetup-gfx-main-allocator-block-size=16777216"
    "memorysetup-gfx-thread-allocator-block-size=16777216"
    "memorysetup-cache-allocator-block-size=4194304"
    "memorysetup-typetree-allocator-block-size=2097152"
    "memorysetup-profiler-bucket-allocator-granularity=16"
    "memorysetup-profiler-bucket-allocator-bucket-count=8"
    "memorysetup-profiler-bucket-allocator-block-size=33554432"
    "memorysetup-profiler-bucket-allocator-block-count=8"
    "memorysetup-profiler-allocator-block-size=16777216"
    "memorysetup-profiler-editor-allocator-block-size=1048576"
    "memorysetup-temp-allocator-size-main=16777216"
    "memorysetup-job-temp-allocator-block-size=2097152"
    "memorysetup-job-temp-allocator-block-size-background=1048576"
    "memorysetup-job-temp-allocator-reduction-small-platforms=262144"
    "memorysetup-allocator-temp-initial-block-size-main=262144"
    "memorysetup-allocator-temp-initial-block-size-worker=262144"
    "memorysetup-temp-allocator-size-background-worker=32768"
    "memorysetup-temp-allocator-size-job-worker=262144"
    "memorysetup-temp-allocator-size-preload-manager=33554432"
    "memorysetup-temp-allocator-size-nav-mesh-worker=65536"
    "memorysetup-temp-allocator-size-audio-worker=65536"
    "memorysetup-temp-allocator-size-cloud-worker=32768"
    "memorysetup-temp-allocator-size-gi-baking-worker=262144"
    "memorysetup-temp-allocator-size-gfx=262144"
Player connection [38256] Host "[IP] 192.168.68.114 [Port] 0 [Flags] 2 [Guid] 2368563276 [EditorId] 2368563276 [Version] 1048832 [Id] WindowsEditor(7,thebigboy) [Debug] 1 [PackageName] WindowsEditor [ProjectName] Editor" joined multi-casting on [225.0.0.222:54997]...

Player connection [38256] Host "[IP] 192.168.68.114 [Port] 0 [Flags] 2 [Guid] 2368563276 [EditorId] 2368563276 [Version] 1048832 [Id] WindowsEditor(7,thebigboy) [Debug] 1 [PackageName] WindowsEditor [ProjectName] Editor" joined alternative multi-casting on [225.0.0.222:34997]...

Refreshing native plugins compatible for Editor in 9.30 ms, found 4 plugins.
Preloading 0 native plugins for Editor in 0.00 ms.
Initialize engine version: 2022.3.5f1 (9674261d40ee)
[Subsystems] Discovering subsystems at path C:/Program Files/Unity 2022.3.5f1/Editor/Data/Resources/UnitySubsystems
[Subsystems] Discovering subsystems at path D:/SGD212/Team1-Proj1/Team1-Proj1-HorrorGame/Team1-Proj1-HorrorGame/Assets
GfxDevice: creating device client; threaded=0; jobified=0
Direct3D:
    Version:  Direct3D 11.0 [level 11.1]
    Renderer: NVIDIA GeForce GTX 1050 Ti (ID=0x1c82)
    Vendor:   NVIDIA
    VRAM:     4017 MB
    Driver:   31.0.15.3623
Initialize mono
Mono path[0] = 'C:/Program Files/Unity 2022.3.5f1/Editor/Data/Managed'
Mono path[1] = 'C:/Program Files/Unity 2022.3.5f1/Editor/Data/MonoBleedingEdge/lib/mono/unityjit-win32'
Mono config path = 'C:/Program Files/Unity 2022.3.5f1/Editor/Data/MonoBleedingEdge/etc'
Using monoOptions --debugger-agent=transport=dt_socket,embedding=1,server=y,suspend=n,address=127.0.0.1:56176
Begin MonoManager ReloadAssembly
Registering precompiled unity dll's ...
Register platform support module: C:/Program Files/Unity 2022.3.5f1/Editor/Data/PlaybackEngines/WindowsStandaloneSupport/UnityEditor.WindowsStandalone.Extensions.dll
Registered in 0.008112 seconds.
- Loaded All Assemblies, in  0.325 seconds
Native extension for WindowsStandalone target not found
Mono: successfully reloaded assembly
- Finished resetting the current domain, in  0.244 seconds
Domain Reload Profiling: 566ms
	BeginReloadAssembly (79ms)
		ExecutionOrderSort (0ms)
		DisableScriptedObjects (0ms)
		BackupInstance (0ms)
		ReleaseScriptingObjects (0ms)
		CreateAndSetChildDomain (1ms)
	RebuildCommonClasses (33ms)
	RebuildNativeTypeToScriptingClass (16ms)
	initialDomainReloadingComplete (60ms)
	LoadAllAssembliesAndSetupDomain (134ms)
		LoadAssemblies (76ms)
		RebuildTransferFunctionScriptingTraits (0ms)
		AnalyzeDomain (125ms)
			TypeCache.Refresh (124ms)
				TypeCache.ScanAssembly (114ms)
			ScanForSourceGeneratedMonoScriptInfo (0ms)
			ResolveRequiredComponents (0ms)
	FinalizeReload (245ms)
		ReleaseScriptCaches (0ms)
		RebuildScriptCaches (0ms)
		SetupLoadedEditorAssemblies (191ms)
			LogAssemblyErrors (0ms)
			InitializePlatformSupportModulesInManaged (9ms)
			SetLoadedEditorAssemblies (7ms)
			RefreshPlugins (0ms)
			BeforeProcessingInitializeOnLoad (2ms)
			ProcessInitializeOnLoadAttributes (130ms)
			ProcessInitializeOnLoadMethodAttributes (43ms)
			AfterProcessingInitializeOnLoad (0ms)
			EditorAssembliesLoaded (0ms)
		ExecutionOrderSort2 (0ms)
		AwakeInstancesAfterBackupRestoration (0ms)
========================================================================
Worker process is ready to serve import requests
Begin MonoManager ReloadAssembly
Symbol file LoadedFromMemory doesn't match image D:\SGD212\Team1-Proj1\Team1-Proj1-HorrorGame\Team1-Proj1-HorrorGame\Library\PackageCache\com.unity.visualscripting@1.8.0\Editor\VisualScripting.Core\Dependencies\YamlDotNet\Unity.VisualScripting.YamlDotNet.dll
Symbol file LoadedFromMemory doesn't match image D:\SGD212\Team1-Proj1\Team1-Proj1-HorrorGame\Team1-Proj1-HorrorGame\Library\PackageCache\com.unity.visualscripting@1.8.0\Editor\VisualScripting.Core\Dependencies\DotNetZip\Unity.VisualScripting.IonicZip.dll
- Loaded All Assemblies, in  0.774 seconds
Refreshing native plugins compatible for Editor in 4.04 ms, found 4 plugins.
Native extension for WindowsStandalone target not found
Mono: successfully reloaded assembly
- Finished resetting the current domain, in  0.649 seconds
Domain Reload Profiling: 1417ms
	BeginReloadAssembly (129ms)
		ExecutionOrderSort (0ms)
		DisableScriptedObjects (5ms)
		BackupInstance (0ms)
		ReleaseScriptingObjects (0ms)
		CreateAndSetChildDomain (20ms)
	RebuildCommonClasses (32ms)
	RebuildNativeTypeToScriptingClass (11ms)
	initialDomainReloadingComplete (43ms)
	LoadAllAssembliesAndSetupDomain (553ms)
		LoadAssemblies (316ms)
		RebuildTransferFunctionScriptingTraits (0ms)
		AnalyzeDomain (296ms)
			TypeCache.Refresh (261ms)
				TypeCache.ScanAssembly (249ms)
			ScanForSourceGeneratedMonoScriptInfo (26ms)
			ResolveRequiredComponents (10ms)
	FinalizeReload (650ms)
		ReleaseScriptCaches (0ms)
		RebuildScriptCaches (0ms)
		SetupLoadedEditorAssemblies (490ms)
			LogAssemblyErrors (0ms)
			InitializePlatformSupportModulesInManaged (5ms)
			SetLoadedEditorAssemblies (5ms)
			RefreshPlugins (0ms)
			BeforeProcessingInitializeOnLoad (107ms)
			ProcessInitializeOnLoadAttributes (285ms)
			ProcessInitializeOnLoadMethodAttributes (79ms)
			AfterProcessingInitializeOnLoad (9ms)
			EditorAssembliesLoaded (0ms)
		ExecutionOrderSort2 (0ms)
		AwakeInstancesAfterBackupRestoration (6ms)
Launched and connected shader compiler UnityShaderCompiler.exe after 0.04 seconds
Refreshing native plugins compatible for Editor in 4.00 ms, found 4 plugins.
Preloading 0 native plugins for Editor in 0.00 ms.
Unloading 5827 Unused Serialized files (Serialized files now loaded: 0)
Unloading 97 unused Assets / (423.1 KB). Loaded Objects now: 6289.
Memory consumption went from 224.5 MB to 224.0 MB.
Total: 3.749500 ms (FindLiveObjects: 0.506600 ms CreateObjectMapping: 0.142900 ms MarkObjects: 2.863500 ms  DeleteObjects: 0.235700 ms)

AssetImportParameters requested are different than current active one (requested -> active):
  custom:container-demuxer-ogg: 62fdf1f143b41e24485cea50d1cbac27 -> 
  custom:video-decoder-ogg-theora: a1e56fd34408186e4bbccfd4996cb3dc -> 
  custom:framework-win-MediaFoundation: 216162199b28c13a410421893ffa2e32 -> 
  custom:CustomObjectIndexerAttribute: a3ef5dd2817f97addfee359851a9dba5 -> 
  custom:container-demuxer-webm: 4f35f7cbe854078d1ac9338744f61a02 -> 
  custom:container-muxer-webm: aa71ff27fc2769a1b78a27578f13a17b -> 
  custom:video-decoder-webm-vp8: 9c59270c3fd7afecdb556c50c9e8de78 -> 
  custom:AudioImporter_EditorPlatform: d09bf68614088b80899f8185d706f6e7 -> 
  custom:video-encoder-webm-vp8: eb34c28f22e8b96e1ab97ce403110664 -> 
  custom:audio-decoder-ogg-vorbis: bf7c407c2cedff20999df2af8eb42d56 -> 
  custom:audio-encoder-webm-vorbis: bf7c407c2cedff20999df2af8eb42d56 -> 
========================================================================
Received Import Request.
  Time since last request: 474086.788593 seconds.
  path: Assets/Art Assets/Enviroment_Assets/String Lights Poles and Wires/Upscaled/String_Light_Short_Right_End_up.png
  artifactKey: Guid(9b2f270defd05ae48bb62c3b5df8eb41) Importer(815301076,1909f56bfc062723c751e8b465ee728b)
Start importing Assets/Art Assets/Enviroment_Assets/String Lights Poles and Wires/Upscaled/String_Light_Short_Right_End_up.png using Guid(9b2f270defd05ae48bb62c3b5df8eb41) Importer(815301076,1909f56bfc062723c751e8b465ee728b)  -> (artifact id: '058190d15e2d02a31ea00ee973d9f785') in 0.014486 seconds
Number of updated asset objects reloaded before import = 0
Number of asset objects unloaded after import = 2
========================================================================
Received Import Request.
  Time since last request: 0.000013 seconds.
  path: Assets/Art Assets/Enviroment_Assets/String Lights Poles and Wires/Upscaled/String_Light_Vert_L_01.png
  artifactKey: Guid(3d34d8cf3ce21dd4190a1492f221a8a5) Importer(815301076,1909f56bfc062723c751e8b465ee728b)
Start importing Assets/Art Assets/Enviroment_Assets/String Lights Poles and Wires/Upscaled/String_Light_Vert_L_01.png using Guid(3d34d8cf3ce21dd4190a1492f221a8a5) Importer(815301076,1909f56bfc062723c751e8b465ee728b)  -> (artifact id: '68d877463ab11cd090d107da9ee5164b') in 0.001997 seconds
Number of updated asset objects reloaded before import = 0
Number of asset objects unloaded after import = 2
========================================================================
Received Import Request.
  Time since last request: 0.000012 seconds.
  path: Assets/Art Assets/Enviroment_Assets/String Lights Poles and Wires/Upscaled/String_Lights_Vert_L_Multi_03.png
  artifactKey: Guid(6b0fa2ed08213db46be33c01d9c11321) Importer(815301076,1909f56bfc062723c751e8b465ee728b)
Start importing Assets/Art Assets/Enviroment_Assets/String Lights Poles and Wires/Upscaled/String_Lights_Vert_L_Multi_03.png using Guid(6b0fa2ed08213db46be33c01d9c11321) Importer(815301076,1909f56bfc062723c751e8b465ee728b)  -> (artifact id: '8588ab51c9d0a130dde0686cd5c3a687') in 0.001400 seconds
Number of updated asset objects reloaded before import = 0
Number of asset objects unloaded after import = 2
========================================================================
Received Import Request.
  Time since last request: 0.000012 seconds.
  path: Assets/Art Assets/Enviroment_Assets/String Lights Poles and Wires/Upscaled/String_Light_Vert_L_Wire.png
  artifactKey: Guid(84d54d1a35f7d7e48888a5835dfc152a) Importer(815301076,1909f56bfc062723c751e8b465ee728b)
Start importing Assets/Art Assets/Enviroment_Assets/String Lights Poles and Wires/Upscaled/String_Light_Vert_L_Wire.png using Guid(84d54d1a35f7d7e48888a5835dfc152a) Importer(815301076,1909f56bfc062723c751e8b465ee728b)  -> (artifact id: '7e270c089691b95368a0d3ce27f7b29b') in 0.001133 seconds
Number of updated asset objects reloaded before import = 0
Number of asset objects unloaded after import = 2
========================================================================
Received Import Request.
  Time since last request: 0.000015 seconds.
  path: Assets/Art Assets/Enviroment_Assets/String Lights Poles and Wires/Upscaled/String_Lights_Vert_L_Multi_01.png
  artifactKey: Guid(db9a44ffe240dfa459582d02cd70fdc9) Importer(815301076,1909f56bfc062723c751e8b465ee728b)
Start importing Assets/Art Assets/Enviroment_Assets/String Lights Poles and Wires/Upscaled/String_Lights_Vert_L_Multi_01.png using Guid(db9a44ffe240dfa459582d02cd70fdc9) Importer(815301076,1909f56bfc062723c751e8b465ee728b)  -> (artifact id: '7316487fc8a700faa787d89ee5a8fa53') in 0.001552 seconds
Number of updated asset objects reloaded before import = 0
Number of asset objects unloaded after import = 2
========================================================================
Received Import Request.
  Time since last request: 0.000015 seconds.
  path: Assets/Art Assets/Enviroment_Assets/String Lights Poles and Wires/Upscaled/String_Light_Top_Vertical.png
  artifactKey: Guid(9d51da80be038cc4d82ed1d0a72b7577) Importer(815301076,1909f56bfc062723c751e8b465ee728b)
Start importing Assets/Art Assets/Enviroment_Assets/String Lights Poles and Wires/Upscaled/String_Light_Top_Vertical.png using Guid(9d51da80be038cc4d82ed1d0a72b7577) Importer(815301076,1909f56bfc062723c751e8b465ee728b)  -> (artifact id: '36c570c7c71cb5e408ed35e89170face') in 0.001506 seconds
Number of updated asset objects reloaded before import = 0
Number of asset objects unloaded after import = 2
========================================================================
Received Import Request.
  Time since last request: 0.000017 seconds.
  path: Assets/Art Assets/Enviroment_Assets/String Lights Poles and Wires/Upscaled/String_Light_Vert_R_Wire.png
  artifactKey: Guid(6f0720a48702c724ea0a0efb1c42f971) Importer(815301076,1909f56bfc062723c751e8b465ee728b)
Start importing Assets/Art Assets/Enviroment_Assets/String Lights Poles and Wires/Upscaled/String_Light_Vert_R_Wire.png using Guid(6f0720a48702c724ea0a0efb1c42f971) Importer(815301076,1909f56bfc062723c751e8b465ee728b)  -> (artifact id: 'a6285e884d68e73a329f5d368df8f907') in 0.001493 seconds
Number of updated asset objects reloaded before import = 0
Number of asset objects unloaded after import = 2
========================================================================
Received Import Request.
  Time since last request: 0.000012 seconds.
  path: Assets/Art Assets/Enviroment_Assets/String Lights Poles and Wires/Upscaled/String_Lights_Vert_L_Multi_02.png
  artifactKey: Guid(3ea287922e6e2134f98260a310b06b20) Importer(815301076,1909f56bfc062723c751e8b465ee728b)
Start importing Assets/Art Assets/Enviroment_Assets/String Lights Poles and Wires/Upscaled/String_Lights_Vert_L_Multi_02.png using Guid(3ea287922e6e2134f98260a310b06b20) Importer(815301076,1909f56bfc062723c751e8b465ee728b)  -> (artifact id: '84422a9896d6856089e237356f5d5997') in 0.001563 seconds
Number of updated asset objects reloaded before import = 0
Number of asset objects unloaded after import = 2
========================================================================
Received Import Request.
  Time since last request: 0.000012 seconds.
  path: Assets/Art Assets/Enviroment_Assets/String Lights Poles and Wires/Upscaled/String_Light_Vert_R_Off.png
  artifactKey: Guid(a8e879fdd588bee419d322f2e2f8fc38) Importer(815301076,1909f56bfc062723c751e8b465ee728b)
Start importing Assets/Art Assets/Enviroment_Assets/String Lights Poles and Wires/Upscaled/String_Light_Vert_R_Off.png using Guid(a8e879fdd588bee419d322f2e2f8fc38) Importer(815301076,1909f56bfc062723c751e8b465ee728b)  -> (artifact id: '88f7b87b6d4bb64ad6797904670d1811') in 0.001151 seconds
Number of updated asset objects reloaded before import = 0
Number of asset objects unloaded after import = 2
========================================================================
Received Import Request.
  Time since last request: 8.036927 seconds.
  path: Assets/Art Assets/Enviroment_Assets/String Lights Poles and Wires/Upscaled/String_Light_Short_End_LD.png
  artifactKey: Guid(ac2d0ba7165471a47a5e699062e71a6f) Importer(815301076,1909f56bfc062723c751e8b465ee728b)
Start importing Assets/Art Assets/Enviroment_Assets/String Lights Poles and Wires/Upscaled/String_Light_Short_End_LD.png using Guid(ac2d0ba7165471a47a5e699062e71a6f) Importer(815301076,1909f56bfc062723c751e8b465ee728b)  -> (artifact id: '295f1208e8999dd5cf44c143474282cc') in 0.001303 seconds
Number of updated asset objects reloaded before import = 0
Number of asset objects unloaded after import = 2
========================================================================
Received Import Request.
  Time since last request: 0.000020 seconds.
  path: Assets/Art Assets/Enviroment_Assets/String Lights Poles and Wires/Upscaled/String_Light_Short_Four_Corners.png
  artifactKey: Guid(3d1d25bf504712143bfe23487a405e4a) Importer(815301076,1909f56bfc062723c751e8b465ee728b)
Start importing Assets/Art Assets/Enviroment_Assets/String Lights Poles and Wires/Upscaled/String_Light_Short_Four_Corners.png using Guid(3d1d25bf504712143bfe23487a405e4a) Importer(815301076,1909f56bfc062723c751e8b465ee728b)  -> (artifact id: '0f2120140126f005598d2f69f3891329') in 0.001283 seconds
Number of updated asset objects reloaded before import = 0
Number of asset objects unloaded after import = 2
========================================================================
Received Import Request.
  Time since last request: 0.000015 seconds.
  path: Assets/Art Assets/Enviroment_Assets/String Lights Poles and Wires/Upscaled/String_Light_Short_End_RU.png
  artifactKey: Guid(14cbc133528aa4f448ab9d90ba09cb6c) Importer(815301076,1909f56bfc062723c751e8b465ee728b)
Start importing Assets/Art Assets/Enviroment_Assets/String Lights Poles and Wires/Upscaled/String_Light_Short_End_RU.png using Guid(14cbc133528aa4f448ab9d90ba09cb6c) Importer(815301076,1909f56bfc062723c751e8b465ee728b)  -> (artifact id: '87046d66a9e7124564d23fa97a5939b3') in 0.001560 seconds
Number of updated asset objects reloaded before import = 0
Number of asset objects unloaded after import = 2
========================================================================
Received Import Request.
  Time since last request: 0.465952 seconds.
  path: Assets/Art Assets/Enviroment_Assets/String Lights Poles and Wires/Upscaled/String_Light_End_RUD.png
  artifactKey: Guid(67d77b23218065845b0ee5bf3362ea57) Importer(815301076,1909f56bfc062723c751e8b465ee728b)
Start importing Assets/Art Assets/Enviroment_Assets/String Lights Poles and Wires/Upscaled/String_Light_End_RUD.png using Guid(67d77b23218065845b0ee5bf3362ea57) Importer(815301076,1909f56bfc062723c751e8b465ee728b)  -> (artifact id: '57e3213c7a5ea30798b36ce721e1bffd') in 0.001326 seconds
Number of updated asset objects reloaded before import = 0
Number of asset objects unloaded after import = 2
========================================================================
Received Import Request.
  Time since last request: 0.000014 seconds.
  path: Assets/Art Assets/Enviroment_Assets/String Lights Poles and Wires/Upscaled/String_Light_GRN_up.png
  artifactKey: Guid(f88612dfd7dd72d42bb2fb90c4dd0e86) Importer(815301076,1909f56bfc062723c751e8b465ee728b)
Start importing Assets/Art Assets/Enviroment_Assets/String Lights Poles and Wires/Upscaled/String_Light_GRN_up.png using Guid(f88612dfd7dd72d42bb2fb90c4dd0e86) Importer(815301076,1909f56bfc062723c751e8b465ee728b)  -> (artifact id: '95e73224090f8f8483ef851581416df6') in 0.001313 seconds
Number of updated asset objects reloaded before import = 0
Number of asset objects unloaded after import = 2
========================================================================
Received Import Request.
  Time since last request: 0.000014 seconds.
  path: Assets/Art Assets/Enviroment_Assets/String Lights Poles and Wires/Upscaled/String_Light_Multi_01_up.png
  artifactKey: Guid(29576a2f999ca564bb2defaadb5f5f06) Importer(815301076,1909f56bfc062723c751e8b465ee728b)
Start importing Assets/Art Assets/Enviroment_Assets/String Lights Poles and Wires/Upscaled/String_Light_Multi_01_up.png using Guid(29576a2f999ca564bb2defaadb5f5f06) Importer(815301076,1909f56bfc062723c751e8b465ee728b)  -> (artifact id: '3a59aca8c04f09a04dbd48710c2664f6') in 0.001397 seconds
Number of updated asset objects reloaded before import = 0
Number of asset objects unloaded after import = 2
Editor requested this worker to shutdown with reason: Scaling down because of idle timeout
TcpMessagingSession - receive error: operation aborted. errorcode: 995, details: The I/O operation has been aborted because of either a thread exit or an application request.
AssetImportWorker is now disconnected from the server
Process exiting
Exiting without the bug reporter. Application will terminate with return code 0