Using pre-set license
Built from '2022.3/release' branch; Version is '2022.3.5f1 (9674261d40ee) revision 9860134'; Using compiler version '192829333'; Build Type 'Release'
OS: 'Windows 10  (10.0.19045) 64bit Professional' Language: 'en' Physical Memory: 16310 MB
BatchMode: 1, IsHumanControllingUs: 0, StartBugReporterOnCrash: 0, Is64bit: 1, IsPro: 1

COMMAND LINE ARGUMENTS:
C:\Program Files\Unity 2022.3.5f1\Editor\Unity.exe
-adb2
-batchMode
-noUpm
-name
AssetImportWorker9
-projectPath
D:/SGD212/Team1-Proj1/Team1-Proj1-HorrorGame/Team1-Proj1-HorrorGame
-logFile
Logs/AssetImportWorker9.log
-srvPort
54426
Successfully changed project path to: D:/SGD212/Team1-Proj1/Team1-Proj1-HorrorGame/Team1-Proj1-HorrorGame
D:/SGD212/Team1-Proj1/Team1-Proj1-HorrorGame/Team1-Proj1-HorrorGame
[UnityMemory] Configuration Parameters - Can be set up in boot.config
    "memorysetup-bucket-allocator-granularity=16"
    "memorysetup-bucket-allocator-bucket-count=8"
    "memorysetup-bucket-allocator-block-size=33554432"
    "memorysetup-bucket-allocator-block-count=8"
    "memorysetup-main-allocator-block-size=16777216"
    "memorysetup-thread-allocator-block-size=16777216"
    "memorysetup-gfx-main-allocator-block-size=16777216"
    "memorysetup-gfx-thread-allocator-block-size=16777216"
    "memorysetup-cache-allocator-block-size=4194304"
    "memorysetup-typetree-allocator-block-size=2097152"
    "memorysetup-profiler-bucket-allocator-granularity=16"
    "memorysetup-profiler-bucket-allocator-bucket-count=8"
    "memorysetup-profiler-bucket-allocator-block-size=33554432"
    "memorysetup-profiler-bucket-allocator-block-count=8"
    "memorysetup-profiler-allocator-block-size=16777216"
    "memorysetup-profiler-editor-allocator-block-size=1048576"
    "memorysetup-temp-allocator-size-main=16777216"
    "memorysetup-job-temp-allocator-block-size=2097152"
    "memorysetup-job-temp-allocator-block-size-background=1048576"
    "memorysetup-job-temp-allocator-reduction-small-platforms=262144"
    "memorysetup-allocator-temp-initial-block-size-main=262144"
    "memorysetup-allocator-temp-initial-block-size-worker=262144"
    "memorysetup-temp-allocator-size-background-worker=32768"
    "memorysetup-temp-allocator-size-job-worker=262144"
    "memorysetup-temp-allocator-size-preload-manager=33554432"
    "memorysetup-temp-allocator-size-nav-mesh-worker=65536"
    "memorysetup-temp-allocator-size-audio-worker=65536"
    "memorysetup-temp-allocator-size-cloud-worker=32768"
    "memorysetup-temp-allocator-size-gi-baking-worker=262144"
    "memorysetup-temp-allocator-size-gfx=262144"
Player connection [37404] Host "[IP] 192.168.68.114 [Port] 0 [Flags] 2 [Guid] 430175216 [EditorId] 430175216 [Version] 1048832 [Id] WindowsEditor(7,thebigboy) [Debug] 1 [PackageName] WindowsEditor [ProjectName] Editor" joined multi-casting on [225.0.0.222:54997]...

Player connection [37404] Host "[IP] 192.168.68.114 [Port] 0 [Flags] 2 [Guid] 430175216 [EditorId] 430175216 [Version] 1048832 [Id] WindowsEditor(7,thebigboy) [Debug] 1 [PackageName] WindowsEditor [ProjectName] Editor" joined alternative multi-casting on [225.0.0.222:34997]...

Refreshing native plugins compatible for Editor in 160.95 ms, found 4 plugins.
Preloading 0 native plugins for Editor in 0.00 ms.
Initialize engine version: 2022.3.5f1 (9674261d40ee)
[Subsystems] Discovering subsystems at path C:/Program Files/Unity 2022.3.5f1/Editor/Data/Resources/UnitySubsystems
[Subsystems] Discovering subsystems at path D:/SGD212/Team1-Proj1/Team1-Proj1-HorrorGame/Team1-Proj1-HorrorGame/Assets
GfxDevice: creating device client; threaded=0; jobified=0
Direct3D:
    Version:  Direct3D 11.0 [level 11.1]
    Renderer: NVIDIA GeForce GTX 1050 Ti (ID=0x1c82)
    Vendor:   NVIDIA
    VRAM:     4017 MB
    Driver:   31.0.15.3623
Initialize mono
Mono path[0] = 'C:/Program Files/Unity 2022.3.5f1/Editor/Data/Managed'
Mono path[1] = 'C:/Program Files/Unity 2022.3.5f1/Editor/Data/MonoBleedingEdge/lib/mono/unityjit-win32'
Mono config path = 'C:/Program Files/Unity 2022.3.5f1/Editor/Data/MonoBleedingEdge/etc'
Using monoOptions --debugger-agent=transport=dt_socket,embedding=1,server=y,suspend=n,address=127.0.0.1:56096
Begin MonoManager ReloadAssembly
Registering precompiled unity dll's ...
Register platform support module: C:/Program Files/Unity 2022.3.5f1/Editor/Data/PlaybackEngines/WindowsStandaloneSupport/UnityEditor.WindowsStandalone.Extensions.dll
Registered in 0.009236 seconds.
- Loaded All Assemblies, in  0.669 seconds
Native extension for WindowsStandalone target not found
Mono: successfully reloaded assembly
- Finished resetting the current domain, in  0.252 seconds
Domain Reload Profiling: 919ms
	BeginReloadAssembly (86ms)
		ExecutionOrderSort (0ms)
		DisableScriptedObjects (0ms)
		BackupInstance (0ms)
		ReleaseScriptingObjects (0ms)
		CreateAndSetChildDomain (1ms)
	RebuildCommonClasses (190ms)
	RebuildNativeTypeToScriptingClass (11ms)
	initialDomainReloadingComplete (60ms)
	LoadAllAssembliesAndSetupDomain (320ms)
		LoadAssemblies (83ms)
		RebuildTransferFunctionScriptingTraits (0ms)
		AnalyzeDomain (313ms)
			TypeCache.Refresh (312ms)
				TypeCache.ScanAssembly (302ms)
			ScanForSourceGeneratedMonoScriptInfo (0ms)
			ResolveRequiredComponents (0ms)
	FinalizeReload (253ms)
		ReleaseScriptCaches (0ms)
		RebuildScriptCaches (0ms)
		SetupLoadedEditorAssemblies (197ms)
			LogAssemblyErrors (0ms)
			InitializePlatformSupportModulesInManaged (9ms)
			SetLoadedEditorAssemblies (7ms)
			RefreshPlugins (0ms)
			BeforeProcessingInitializeOnLoad (3ms)
			ProcessInitializeOnLoadAttributes (127ms)
			ProcessInitializeOnLoadMethodAttributes (51ms)
			AfterProcessingInitializeOnLoad (0ms)
			EditorAssembliesLoaded (0ms)
		ExecutionOrderSort2 (0ms)
		AwakeInstancesAfterBackupRestoration (0ms)
========================================================================
Worker process is ready to serve import requests
Begin MonoManager ReloadAssembly
Symbol file LoadedFromMemory doesn't match image D:\SGD212\Team1-Proj1\Team1-Proj1-HorrorGame\Team1-Proj1-HorrorGame\Library\PackageCache\com.unity.visualscripting@1.8.0\Editor\VisualScripting.Core\Dependencies\YamlDotNet\Unity.VisualScripting.YamlDotNet.dll
Symbol file LoadedFromMemory doesn't match image D:\SGD212\Team1-Proj1\Team1-Proj1-HorrorGame\Team1-Proj1-HorrorGame\Library\PackageCache\com.unity.visualscripting@1.8.0\Editor\VisualScripting.Core\Dependencies\DotNetZip\Unity.VisualScripting.IonicZip.dll
- Loaded All Assemblies, in  0.809 seconds
Refreshing native plugins compatible for Editor in 3.23 ms, found 4 plugins.
Native extension for WindowsStandalone target not found
Mono: successfully reloaded assembly
- Finished resetting the current domain, in  0.668 seconds
Domain Reload Profiling: 1469ms
	BeginReloadAssembly (126ms)
		ExecutionOrderSort (0ms)
		DisableScriptedObjects (5ms)
		BackupInstance (0ms)
		ReleaseScriptingObjects (0ms)
		CreateAndSetChildDomain (21ms)
	RebuildCommonClasses (32ms)
	RebuildNativeTypeToScriptingClass (11ms)
	initialDomainReloadingComplete (44ms)
	LoadAllAssembliesAndSetupDomain (588ms)
		LoadAssemblies (336ms)
		RebuildTransferFunctionScriptingTraits (0ms)
		AnalyzeDomain (312ms)
			TypeCache.Refresh (274ms)
				TypeCache.ScanAssembly (263ms)
			ScanForSourceGeneratedMonoScriptInfo (28ms)
			ResolveRequiredComponents (10ms)
	FinalizeReload (668ms)
		ReleaseScriptCaches (0ms)
		RebuildScriptCaches (0ms)
		SetupLoadedEditorAssemblies (509ms)
			LogAssemblyErrors (0ms)
			InitializePlatformSupportModulesInManaged (5ms)
			SetLoadedEditorAssemblies (5ms)
			RefreshPlugins (0ms)
			BeforeProcessingInitializeOnLoad (120ms)
			ProcessInitializeOnLoadAttributes (296ms)
			ProcessInitializeOnLoadMethodAttributes (74ms)
			AfterProcessingInitializeOnLoad (9ms)
			EditorAssembliesLoaded (0ms)
		ExecutionOrderSort2 (0ms)
		AwakeInstancesAfterBackupRestoration (6ms)
Launched and connected shader compiler UnityShaderCompiler.exe after 0.05 seconds
Refreshing native plugins compatible for Editor in 6.68 ms, found 4 plugins.
Preloading 0 native plugins for Editor in 0.00 ms.
Unloading 5881 Unused Serialized files (Serialized files now loaded: 0)
Unloading 97 unused Assets / (423.2 KB). Loaded Objects now: 6344.
Memory consumption went from 226.0 MB to 225.6 MB.
Total: 4.198100 ms (FindLiveObjects: 0.607900 ms CreateObjectMapping: 0.157700 ms MarkObjects: 3.153400 ms  DeleteObjects: 0.277900 ms)

AssetImportParameters requested are different than current active one (requested -> active):
  custom:container-demuxer-ogg: 62fdf1f143b41e24485cea50d1cbac27 -> 
  custom:video-decoder-ogg-theora: a1e56fd34408186e4bbccfd4996cb3dc -> 
  custom:framework-win-MediaFoundation: 216162199b28c13a410421893ffa2e32 -> 
  custom:CustomObjectIndexerAttribute: a3ef5dd2817f97addfee359851a9dba5 -> 
  custom:container-demuxer-webm: 4f35f7cbe854078d1ac9338744f61a02 -> 
  custom:container-muxer-webm: aa71ff27fc2769a1b78a27578f13a17b -> 
  custom:video-decoder-webm-vp8: 9c59270c3fd7afecdb556c50c9e8de78 -> 
  custom:AudioImporter_EditorPlatform: d09bf68614088b80899f8185d706f6e7 -> 
  custom:video-encoder-webm-vp8: eb34c28f22e8b96e1ab97ce403110664 -> 
  custom:audio-decoder-ogg-vorbis: bf7c407c2cedff20999df2af8eb42d56 -> 
  custom:audio-encoder-webm-vorbis: bf7c407c2cedff20999df2af8eb42d56 -> 
========================================================================
Received Import Request.
  Time since last request: 413993.015560 seconds.
  path: Assets/Art Assets/Entities/Player/Player Split.png
  artifactKey: Guid(79a61acc62f78d549880324e31b994f8) Importer(815301076,1909f56bfc062723c751e8b465ee728b)
Start importing Assets/Art Assets/Entities/Player/Player Split.png using Guid(79a61acc62f78d549880324e31b994f8) Importer(815301076,1909f56bfc062723c751e8b465ee728b)  -> (artifact id: 'bfb963794a0de514aef01353c049cf36') in 0.027685 seconds
Number of updated asset objects reloaded before import = 0
Number of asset objects unloaded after import = 3
========================================================================
Received Import Request.
  Time since last request: 0.000016 seconds.
  path: Assets/Art Assets/Entities/Player/Player_Spritesheet_FWD_up.png
  artifactKey: Guid(44532569b88702c488646b51a0dc071a) Importer(815301076,1909f56bfc062723c751e8b465ee728b)
Start importing Assets/Art Assets/Entities/Player/Player_Spritesheet_FWD_up.png using Guid(44532569b88702c488646b51a0dc071a) Importer(815301076,1909f56bfc062723c751e8b465ee728b)  -> (artifact id: '6b12933bd828c6511f27e339928365c4') in 0.005344 seconds
Number of updated asset objects reloaded before import = 0
Number of asset objects unloaded after import = 5
========================================================================
Received Import Request.
  Time since last request: 0.000015 seconds.
  path: Assets/Art Assets/Entities/Player/PlayerDeath_Anim.png
  artifactKey: Guid(f493394a9a2cef24ba27e162f89d4ad4) Importer(815301076,1909f56bfc062723c751e8b465ee728b)
Start importing Assets/Art Assets/Entities/Player/PlayerDeath_Anim.png using Guid(f493394a9a2cef24ba27e162f89d4ad4) Importer(815301076,1909f56bfc062723c751e8b465ee728b)  -> (artifact id: '7b8638f627d697638f0cd74ec33fb047') in 0.004108 seconds
Number of updated asset objects reloaded before import = 0
Number of asset objects unloaded after import = 5
========================================================================
Received Import Request.
  Time since last request: 0.000017 seconds.
  path: Assets/Art Assets/Entities/Player/Player_Spritesheet_BHD_up.png
  artifactKey: Guid(9c0f2f5303ebd5547b29556298d80db4) Importer(815301076,1909f56bfc062723c751e8b465ee728b)
Start importing Assets/Art Assets/Entities/Player/Player_Spritesheet_BHD_up.png using Guid(9c0f2f5303ebd5547b29556298d80db4) Importer(815301076,1909f56bfc062723c751e8b465ee728b)  -> (artifact id: 'b927ea8115d663ba8f7d79cae326becb') in 0.010477 seconds
Number of updated asset objects reloaded before import = 0
Number of asset objects unloaded after import = 5
========================================================================
Received Import Request.
  Time since last request: 0.033936 seconds.
  path: Assets/Art Assets/Entities/Player/PlayerHurt_Flash_FWD.png
  artifactKey: Guid(a28a0e6b736bc0a43823978ca3112b04) Importer(815301076,1909f56bfc062723c751e8b465ee728b)
Start importing Assets/Art Assets/Entities/Player/PlayerHurt_Flash_FWD.png using Guid(a28a0e6b736bc0a43823978ca3112b04) Importer(815301076,1909f56bfc062723c751e8b465ee728b)  -> (artifact id: '4cd83855538e0a5d90b99fb4e023fc37') in 0.003753 seconds
Number of updated asset objects reloaded before import = 0
Number of asset objects unloaded after import = 6
========================================================================
Received Import Request.
  Time since last request: 0.004036 seconds.
  path: Assets/Art Assets/Entities/Player/PlayerHurt_Flash_RGT.png
  artifactKey: Guid(a0d1d835ab0d0e140a9b689b0612eb78) Importer(815301076,1909f56bfc062723c751e8b465ee728b)
Start importing Assets/Art Assets/Entities/Player/PlayerHurt_Flash_RGT.png using Guid(a0d1d835ab0d0e140a9b689b0612eb78) Importer(815301076,1909f56bfc062723c751e8b465ee728b)  -> (artifact id: '01c27184570bf8c201ef1106012c5ebf') in 16.885022 seconds
Number of updated asset objects reloaded before import = 0
Number of asset objects unloaded after import = 2
========================================================================
Received Import Request.
  Time since last request: 0.015893 seconds.
  path: Assets/Art Assets/Entities/Player/PlayerHurt_RGT.png
  artifactKey: Guid(f787f5baa0ceea64f9c66b8997b1e8f1) Importer(815301076,1909f56bfc062723c751e8b465ee728b)
Start importing Assets/Art Assets/Entities/Player/PlayerHurt_RGT.png using Guid(f787f5baa0ceea64f9c66b8997b1e8f1) Importer(815301076,1909f56bfc062723c751e8b465ee728b)  -> (artifact id: '1157394f70be16a5b6a4726474837e34') in 0.002662 seconds
Number of updated asset objects reloaded before import = 0
Number of asset objects unloaded after import = 1
========================================================================
Received Import Request.
  Time since last request: 0.000014 seconds.
  path: Assets/Art Assets/Entities/Player/Split_PlayerHurt_Flash_RGT 1.png
  artifactKey: Guid(ecc2ea43cb85600438d42698d63ebb3f) Importer(815301076,1909f56bfc062723c751e8b465ee728b)
Start importing Assets/Art Assets/Entities/Player/Split_PlayerHurt_Flash_RGT 1.png using Guid(ecc2ea43cb85600438d42698d63ebb3f) Importer(815301076,1909f56bfc062723c751e8b465ee728b)  -> (artifact id: '7205a08943510f113212ce9500454e62') in 0.012104 seconds
Number of updated asset objects reloaded before import = 0
Number of asset objects unloaded after import = 11
========================================================================
Received Import Request.
  Time since last request: 0.000018 seconds.
  path: Assets/Art Assets/Entities/Player/Split_Player_Spritesheet_BHD_up 1.png
  artifactKey: Guid(a0cf04377ebfc4046800743cc2bc87ae) Importer(815301076,1909f56bfc062723c751e8b465ee728b)
Start importing Assets/Art Assets/Entities/Player/Split_Player_Spritesheet_BHD_up 1.png using Guid(a0cf04377ebfc4046800743cc2bc87ae) Importer(815301076,1909f56bfc062723c751e8b465ee728b)  -> (artifact id: '8d4a0ec548bbc919f9e5945eabdf28c5') in 0.011797 seconds
Number of updated asset objects reloaded before import = 0
Number of asset objects unloaded after import = 9
========================================================================
Received Import Request.
  Time since last request: 0.000014 seconds.
  path: Assets/Art Assets/Entities/Player/Split_PlayerHurt_Flash_BHD 1.png
  artifactKey: Guid(670de7f613beda74babbd84f12a05196) Importer(815301076,1909f56bfc062723c751e8b465ee728b)
Start importing Assets/Art Assets/Entities/Player/Split_PlayerHurt_Flash_BHD 1.png using Guid(670de7f613beda74babbd84f12a05196) Importer(815301076,1909f56bfc062723c751e8b465ee728b)  -> (artifact id: '6eecab175a0eb34849811ffa8ebd148d') in 0.011970 seconds
Number of updated asset objects reloaded before import = 0
Number of asset objects unloaded after import = 11
========================================================================
Received Import Request.
  Time since last request: 0.000019 seconds.
  path: Assets/Art Assets/Entities/Player/Split_Player_Spritesheet_RGT_up 1.png
  artifactKey: Guid(9ee3ea67925aa3b45b9a64e34645a077) Importer(815301076,1909f56bfc062723c751e8b465ee728b)
Start importing Assets/Art Assets/Entities/Player/Split_Player_Spritesheet_RGT_up 1.png using Guid(9ee3ea67925aa3b45b9a64e34645a077) Importer(815301076,1909f56bfc062723c751e8b465ee728b)  -> (artifact id: 'd66178c3fc0bcb3410bd8ae5b498a59a') in 0.020110 seconds
Number of updated asset objects reloaded before import = 0
Number of asset objects unloaded after import = 9
========================================================================
Received Import Request.
  Time since last request: 0.000017 seconds.
  path: Assets/Art Assets/Entities/Player/Split_PlayerHurt_Flash_FWD 1.png
  artifactKey: Guid(7ff29944b044f174e8aab3e3fc8c67e9) Importer(815301076,1909f56bfc062723c751e8b465ee728b)
Start importing Assets/Art Assets/Entities/Player/Split_PlayerHurt_Flash_FWD 1.png using Guid(7ff29944b044f174e8aab3e3fc8c67e9) Importer(815301076,1909f56bfc062723c751e8b465ee728b)  -> (artifact id: 'f50795af04922995e956f834394c390a') in 0.051148 seconds
Number of updated asset objects reloaded before import = 0
Number of asset objects unloaded after import = 11
========================================================================
Received Import Request.
  Time since last request: 49.541314 seconds.
  path: Assets/Art Assets/Items/MedBoxOpen.png
  artifactKey: Guid(3aeb1426219c2344ebd3208d42a80adb) Importer(815301076,1909f56bfc062723c751e8b465ee728b)
Start importing Assets/Art Assets/Items/MedBoxOpen.png using Guid(3aeb1426219c2344ebd3208d42a80adb) Importer(815301076,1909f56bfc062723c751e8b465ee728b)  -> (artifact id: 'ea2f3625f9639d9732ffe04c44ca9ef5') in 0.011212 seconds
Number of updated asset objects reloaded before import = 0
Number of asset objects unloaded after import = 2
========================================================================
Received Import Request.
  Time since last request: 1.418867 seconds.
  path: Assets/Art Assets/Items/Upscaled/Bucket_Sludge.png
  artifactKey: Guid(cf180ad5e63b0104394beeb0881861a8) Importer(815301076,1909f56bfc062723c751e8b465ee728b)
Start importing Assets/Art Assets/Items/Upscaled/Bucket_Sludge.png using Guid(cf180ad5e63b0104394beeb0881861a8) Importer(815301076,1909f56bfc062723c751e8b465ee728b)  -> (artifact id: '129b3c1263b7ebaff195044d197e2168') in 0.001288 seconds
Number of updated asset objects reloaded before import = 0
Number of asset objects unloaded after import = 2
========================================================================
Received Import Request.
  Time since last request: 0.067694 seconds.
  path: Assets/Art Assets/Items/Upscaled/Lantern.png
  artifactKey: Guid(e3e33db61d5397245b0d389233dae087) Importer(815301076,1909f56bfc062723c751e8b465ee728b)
Start importing Assets/Art Assets/Items/Upscaled/Lantern.png using Guid(e3e33db61d5397245b0d389233dae087) Importer(815301076,1909f56bfc062723c751e8b465ee728b)  -> (artifact id: 'c86bb5a34300b6f8700070ed203969f2') in 0.007490 seconds
Number of updated asset objects reloaded before import = 0
Number of asset objects unloaded after import = 2
========================================================================
Received Import Request.
  Time since last request: 0.000012 seconds.
  path: Assets/Art Assets/Items/Upscaled/Molotov_Cocktail_up.png
  artifactKey: Guid(e10ccac653acb0240a60e5426ebc149a) Importer(815301076,1909f56bfc062723c751e8b465ee728b)
Start importing Assets/Art Assets/Items/Upscaled/Molotov_Cocktail_up.png using Guid(e10ccac653acb0240a60e5426ebc149a) Importer(815301076,1909f56bfc062723c751e8b465ee728b)  -> (artifact id: '932964eac11d1000291323408efdad03') in 0.001383 seconds
Number of updated asset objects reloaded before import = 0
Number of asset objects unloaded after import = 2
========================================================================
Received Import Request.
  Time since last request: 0.000013 seconds.
  path: Assets/Art Assets/Items/Upscaled/Padlock.png
  artifactKey: Guid(eced20e3bc107f543a0135442b6c57b0) Importer(815301076,1909f56bfc062723c751e8b465ee728b)
Start importing Assets/Art Assets/Items/Upscaled/Padlock.png using Guid(eced20e3bc107f543a0135442b6c57b0) Importer(815301076,1909f56bfc062723c751e8b465ee728b)  -> (artifact id: 'de732b91e2133bfec2b173082b91f46c') in 0.001394 seconds
Number of updated asset objects reloaded before import = 0
Number of asset objects unloaded after import = 2
========================================================================
Received Import Request.
  Time since last request: 0.000011 seconds.
  path: Assets/Art Assets/Items/Upscaled/Lighter_up.png
  artifactKey: Guid(06d48b1dc89ddfc4f823a77121272983) Importer(815301076,1909f56bfc062723c751e8b465ee728b)
Start importing Assets/Art Assets/Items/Upscaled/Lighter_up.png using Guid(06d48b1dc89ddfc4f823a77121272983) Importer(815301076,1909f56bfc062723c751e8b465ee728b)  -> (artifact id: 'e1ce52bf330cdabb72863c467c3d223e') in 0.006938 seconds
Number of updated asset objects reloaded before import = 0
Number of asset objects unloaded after import = 2
Editor requested this worker to shutdown with reason: Scaling down because of idle timeout
TcpMessagingSession - receive error: operation aborted. errorcode: 995, details: The I/O operation has been aborted because of either a thread exit or an application request.
AssetImportWorker is now disconnected from the server
Process exiting
Exiting without the bug reporter. Application will terminate with return code 0