Using pre-set license
Built from '2022.3/release' branch; Version is '2022.3.5f1 (9674261d40ee) revision 9860134'; Using compiler version '192829333'; Build Type 'Release'
OS: 'Windows 10  (10.0.19045) 64bit Enterprise' Language: 'en' Physical Memory: 32693 MB
BatchMode: 1, IsHumanControllingUs: 0, StartBugReporterOnCrash: 0, Is64bit: 1, IsPro: 1

COMMAND LINE ARGUMENTS:
C:\Program Files\Unity\Hub\Editor\2022.3.5f1\Editor\Unity.exe
-adb2
-batchMode
-noUpm
-name
AssetImportWorker5
-projectPath
C:/Users/naveb/Documents/GitHub/Team1-Proj1/Team1-Proj1-HorrorGame/Team1-Proj1-HorrorGame
-logFile
Logs/AssetImportWorker5.log
-srvPort
56981
Successfully changed project path to: C:/Users/naveb/Documents/GitHub/Team1-Proj1/Team1-Proj1-HorrorGame/Team1-Proj1-HorrorGame
C:/Users/naveb/Documents/GitHub/Team1-Proj1/Team1-Proj1-HorrorGame/Team1-Proj1-HorrorGame
[UnityMemory] Configuration Parameters - Can be set up in boot.config
    "memorysetup-bucket-allocator-granularity=16"
    "memorysetup-bucket-allocator-bucket-count=8"
    "memorysetup-bucket-allocator-block-size=33554432"
    "memorysetup-bucket-allocator-block-count=8"
    "memorysetup-main-allocator-block-size=16777216"
    "memorysetup-thread-allocator-block-size=16777216"
    "memorysetup-gfx-main-allocator-block-size=16777216"
    "memorysetup-gfx-thread-allocator-block-size=16777216"
    "memorysetup-cache-allocator-block-size=4194304"
    "memorysetup-typetree-allocator-block-size=2097152"
    "memorysetup-profiler-bucket-allocator-granularity=16"
    "memorysetup-profiler-bucket-allocator-bucket-count=8"
    "memorysetup-profiler-bucket-allocator-block-size=33554432"
    "memorysetup-profiler-bucket-allocator-block-count=8"
    "memorysetup-profiler-allocator-block-size=16777216"
    "memorysetup-profiler-editor-allocator-block-size=1048576"
    "memorysetup-temp-allocator-size-main=16777216"
    "memorysetup-job-temp-allocator-block-size=2097152"
    "memorysetup-job-temp-allocator-block-size-background=1048576"
    "memorysetup-job-temp-allocator-reduction-small-platforms=262144"
    "memorysetup-allocator-temp-initial-block-size-main=262144"
    "memorysetup-allocator-temp-initial-block-size-worker=262144"
    "memorysetup-temp-allocator-size-background-worker=32768"
    "memorysetup-temp-allocator-size-job-worker=262144"
    "memorysetup-temp-allocator-size-preload-manager=33554432"
    "memorysetup-temp-allocator-size-nav-mesh-worker=65536"
    "memorysetup-temp-allocator-size-audio-worker=65536"
    "memorysetup-temp-allocator-size-cloud-worker=32768"
    "memorysetup-temp-allocator-size-gi-baking-worker=262144"
    "memorysetup-temp-allocator-size-gfx=262144"
Player connection [9884] Host "[IP] 192.168.1.50 [Port] 0 [Flags] 2 [Guid] 4249499270 [EditorId] 4249499270 [Version] 1048832 [Id] WindowsEditor(7,Evan-PC) [Debug] 1 [PackageName] WindowsEditor [ProjectName] Editor" joined multi-casting on [225.0.0.222:54997]...

Player connection [9884] Host "[IP] 192.168.1.50 [Port] 0 [Flags] 2 [Guid] 4249499270 [EditorId] 4249499270 [Version] 1048832 [Id] WindowsEditor(7,Evan-PC) [Debug] 1 [PackageName] WindowsEditor [ProjectName] Editor" joined alternative multi-casting on [225.0.0.222:34997]...

Refreshing native plugins compatible for Editor in 13.81 ms, found 4 plugins.
Preloading 0 native plugins for Editor in 0.00 ms.
Initialize engine version: 2022.3.5f1 (9674261d40ee)
[Subsystems] Discovering subsystems at path C:/Program Files/Unity/Hub/Editor/2022.3.5f1/Editor/Data/Resources/UnitySubsystems
[Subsystems] Discovering subsystems at path C:/Users/naveb/Documents/GitHub/Team1-Proj1/Team1-Proj1-HorrorGame/Team1-Proj1-HorrorGame/Assets
GfxDevice: creating device client; threaded=0; jobified=0
Direct3D:
    Version:  Direct3D 11.0 [level 11.1]
    Renderer: NVIDIA GeForce RTX 3060 (ID=0x2487)
    Vendor:   NVIDIA
    VRAM:     12124 MB
    Driver:   31.0.15.3713
Initialize mono
Mono path[0] = 'C:/Program Files/Unity/Hub/Editor/2022.3.5f1/Editor/Data/Managed'
Mono path[1] = 'C:/Program Files/Unity/Hub/Editor/2022.3.5f1/Editor/Data/MonoBleedingEdge/lib/mono/unityjit-win32'
Mono config path = 'C:/Program Files/Unity/Hub/Editor/2022.3.5f1/Editor/Data/MonoBleedingEdge/etc'
Using monoOptions --debugger-agent=transport=dt_socket,embedding=1,server=y,suspend=n,address=127.0.0.1:56488
Begin MonoManager ReloadAssembly
Registering precompiled unity dll's ...
Register platform support module: C:/Program Files/Unity/Hub/Editor/2022.3.5f1/Editor/Data/PlaybackEngines/WebGLSupport/UnityEditor.WebGL.Extensions.dll
Register platform support module: C:/Program Files/Unity/Hub/Editor/2022.3.5f1/Editor/Data/PlaybackEngines/WindowsStandaloneSupport/UnityEditor.WindowsStandalone.Extensions.dll
Registered in 0.011077 seconds.
- Loaded All Assemblies, in  0.337 seconds
Native extension for WindowsStandalone target not found
Native extension for WebGL target not found
Mono: successfully reloaded assembly
- Finished resetting the current domain, in  0.269 seconds
Domain Reload Profiling: 604ms
	BeginReloadAssembly (89ms)
		ExecutionOrderSort (0ms)
		DisableScriptedObjects (0ms)
		BackupInstance (0ms)
		ReleaseScriptingObjects (0ms)
		CreateAndSetChildDomain (1ms)
	RebuildCommonClasses (34ms)
	RebuildNativeTypeToScriptingClass (11ms)
	initialDomainReloadingComplete (62ms)
	LoadAllAssembliesAndSetupDomain (138ms)
		LoadAssemblies (87ms)
		RebuildTransferFunctionScriptingTraits (0ms)
		AnalyzeDomain (130ms)
			TypeCache.Refresh (129ms)
				TypeCache.ScanAssembly (118ms)
			ScanForSourceGeneratedMonoScriptInfo (0ms)
			ResolveRequiredComponents (1ms)
	FinalizeReload (269ms)
		ReleaseScriptCaches (0ms)
		RebuildScriptCaches (0ms)
		SetupLoadedEditorAssemblies (204ms)
			LogAssemblyErrors (0ms)
			InitializePlatformSupportModulesInManaged (13ms)
			SetLoadedEditorAssemblies (5ms)
			RefreshPlugins (0ms)
			BeforeProcessingInitializeOnLoad (2ms)
			ProcessInitializeOnLoadAttributes (138ms)
			ProcessInitializeOnLoadMethodAttributes (45ms)
			AfterProcessingInitializeOnLoad (0ms)
			EditorAssembliesLoaded (0ms)
		ExecutionOrderSort2 (0ms)
		AwakeInstancesAfterBackupRestoration (0ms)
========================================================================
Worker process is ready to serve import requests
Begin MonoManager ReloadAssembly
Symbol file LoadedFromMemory doesn't match image C:\Users\naveb\Documents\GitHub\Team1-Proj1\Team1-Proj1-HorrorGame\Team1-Proj1-HorrorGame\Library\PackageCache\com.unity.visualscripting@1.8.0\Editor\VisualScripting.Core\Dependencies\YamlDotNet\Unity.VisualScripting.YamlDotNet.dll
Symbol file LoadedFromMemory doesn't match image C:\Users\naveb\Documents\GitHub\Team1-Proj1\Team1-Proj1-HorrorGame\Team1-Proj1-HorrorGame\Library\PackageCache\com.unity.visualscripting@1.8.0\Editor\VisualScripting.Core\Dependencies\DotNetZip\Unity.VisualScripting.IonicZip.dll
- Loaded All Assemblies, in  0.845 seconds
Refreshing native plugins compatible for Editor in 6.04 ms, found 4 plugins.
Native extension for WindowsStandalone target not found
Native extension for WebGL target not found
Mono: successfully reloaded assembly
- Finished resetting the current domain, in  0.676 seconds
Domain Reload Profiling: 1516ms
	BeginReloadAssembly (140ms)
		ExecutionOrderSort (0ms)
		DisableScriptedObjects (5ms)
		BackupInstance (0ms)
		ReleaseScriptingObjects (0ms)
		CreateAndSetChildDomain (22ms)
	RebuildCommonClasses (34ms)
	RebuildNativeTypeToScriptingClass (11ms)
	initialDomainReloadingComplete (45ms)
	LoadAllAssembliesAndSetupDomain (608ms)
		LoadAssemblies (330ms)
		RebuildTransferFunctionScriptingTraits (0ms)
		AnalyzeDomain (334ms)
			TypeCache.Refresh (297ms)
				TypeCache.ScanAssembly (285ms)
			ScanForSourceGeneratedMonoScriptInfo (26ms)
			ResolveRequiredComponents (10ms)
	FinalizeReload (677ms)
		ReleaseScriptCaches (0ms)
		RebuildScriptCaches (0ms)
		SetupLoadedEditorAssemblies (493ms)
			LogAssemblyErrors (0ms)
			InitializePlatformSupportModulesInManaged (8ms)
			SetLoadedEditorAssemblies (5ms)
			RefreshPlugins (0ms)
			BeforeProcessingInitializeOnLoad (99ms)
			ProcessInitializeOnLoadAttributes (293ms)
			ProcessInitializeOnLoadMethodAttributes (79ms)
			AfterProcessingInitializeOnLoad (9ms)
			EditorAssembliesLoaded (0ms)
		ExecutionOrderSort2 (0ms)
		AwakeInstancesAfterBackupRestoration (6ms)
Launched and connected shader compiler UnityShaderCompiler.exe after 0.04 seconds
Refreshing native plugins compatible for Editor in 5.82 ms, found 4 plugins.
Preloading 0 native plugins for Editor in 0.00 ms.
Unloading 5815 Unused Serialized files (Serialized files now loaded: 0)
Unloading 97 unused Assets / (421.6 KB). Loaded Objects now: 6277.
Memory consumption went from 224.4 MB to 223.9 MB.
Total: 4.147200 ms (FindLiveObjects: 0.591600 ms CreateObjectMapping: 0.188500 ms MarkObjects: 3.113900 ms  DeleteObjects: 0.252100 ms)

AssetImportParameters requested are different than current active one (requested -> active):
  custom:container-demuxer-ogg: 62fdf1f143b41e24485cea50d1cbac27 -> 
  custom:video-decoder-ogg-theora: a1e56fd34408186e4bbccfd4996cb3dc -> 
  custom:framework-win-MediaFoundation: 216162199b28c13a410421893ffa2e32 -> 
  custom:CustomObjectIndexerAttribute: a3ef5dd2817f97addfee359851a9dba5 -> 
  custom:container-demuxer-webm: 4f35f7cbe854078d1ac9338744f61a02 -> 
  custom:container-muxer-webm: aa71ff27fc2769a1b78a27578f13a17b -> 
  custom:video-decoder-webm-vp8: 9c59270c3fd7afecdb556c50c9e8de78 -> 
  custom:AudioImporter_EditorPlatform: d09bf68614088b80899f8185d706f6e7 -> 
  custom:video-encoder-webm-vp8: eb34c28f22e8b96e1ab97ce403110664 -> 
  custom:audio-decoder-ogg-vorbis: bf7c407c2cedff20999df2af8eb42d56 -> 
  custom:audio-encoder-webm-vorbis: bf7c407c2cedff20999df2af8eb42d56 -> 
========================================================================
Received Import Request.
  Time since last request: 34028.467671 seconds.
  path: Assets/Art Assets/Floor tiles/HighRes/Other/Floorboards_03_up.png
  artifactKey: Guid(3761d9822451bc44db7ddbe89d68532f) Importer(815301076,1909f56bfc062723c751e8b465ee728b)
Start importing Assets/Art Assets/Floor tiles/HighRes/Other/Floorboards_03_up.png using Guid(3761d9822451bc44db7ddbe89d68532f) Importer(815301076,1909f56bfc062723c751e8b465ee728b)  -> (artifact id: '507d7b1fee08b30da34ab52b7745ed0a') in 0.018175 seconds
Number of updated asset objects reloaded before import = 0
Number of asset objects unloaded after import = 2
========================================================================
Received Import Request.
  Time since last request: 0.000019 seconds.
  path: Assets/Art Assets/Floor tiles/HighRes/Other/Floorboards_Damaged_04_up.png
  artifactKey: Guid(fc2aa47493688fc43912b01afd0967a6) Importer(815301076,1909f56bfc062723c751e8b465ee728b)
Start importing Assets/Art Assets/Floor tiles/HighRes/Other/Floorboards_Damaged_04_up.png using Guid(fc2aa47493688fc43912b01afd0967a6) Importer(815301076,1909f56bfc062723c751e8b465ee728b)  -> (artifact id: '0c2f3182de518da08edee2ca405b7361') in 0.002097 seconds
Number of updated asset objects reloaded before import = 0
Number of asset objects unloaded after import = 2
========================================================================
Received Import Request.
  Time since last request: 0.000029 seconds.
  path: Assets/Art Assets/Floor tiles/HighRes/Other/Floorboards_Damaged_03_up.png
  artifactKey: Guid(d782822a824d8b246b302aa9a5114b67) Importer(815301076,1909f56bfc062723c751e8b465ee728b)
Start importing Assets/Art Assets/Floor tiles/HighRes/Other/Floorboards_Damaged_03_up.png using Guid(d782822a824d8b246b302aa9a5114b67) Importer(815301076,1909f56bfc062723c751e8b465ee728b)  -> (artifact id: '1dbea1332820f15c0d78e2499912a4d1') in 0.001692 seconds
Number of updated asset objects reloaded before import = 0
Number of asset objects unloaded after import = 2
========================================================================
Received Import Request.
  Time since last request: 10.550658 seconds.
  path: Assets/Art Assets/Furniture/Furniture_tiles/Furniture_tiles_03.png
  artifactKey: Guid(e4760a296a1f22d4f91a09905ed5fcd9) Importer(815301076,1909f56bfc062723c751e8b465ee728b)
Start importing Assets/Art Assets/Furniture/Furniture_tiles/Furniture_tiles_03.png using Guid(e4760a296a1f22d4f91a09905ed5fcd9) Importer(815301076,1909f56bfc062723c751e8b465ee728b)  -> (artifact id: 'cfa5d1d344897986d44e4c7a62fb449e') in 0.001754 seconds
Number of updated asset objects reloaded before import = 0
Number of asset objects unloaded after import = 2
========================================================================
Received Import Request.
  Time since last request: 0.000014 seconds.
  path: Assets/Art Assets/Furniture/Furniture_tiles/Furniture_tiles_11.png
  artifactKey: Guid(4c68bbc7245b8d84db53f7cab722a1b0) Importer(815301076,1909f56bfc062723c751e8b465ee728b)
Start importing Assets/Art Assets/Furniture/Furniture_tiles/Furniture_tiles_11.png using Guid(4c68bbc7245b8d84db53f7cab722a1b0) Importer(815301076,1909f56bfc062723c751e8b465ee728b)  -> (artifact id: '363bae802936efdd50b4693f2a443b4e') in 0.001728 seconds
Number of updated asset objects reloaded before import = 0
Number of asset objects unloaded after import = 2
========================================================================
Received Import Request.
  Time since last request: 0.000013 seconds.
  path: Assets/Art Assets/Furniture/Furniture_tiles/Furniture_tiles_12.png
  artifactKey: Guid(ef66a8f571733334b818b2d5099b2782) Importer(815301076,1909f56bfc062723c751e8b465ee728b)
Start importing Assets/Art Assets/Furniture/Furniture_tiles/Furniture_tiles_12.png using Guid(ef66a8f571733334b818b2d5099b2782) Importer(815301076,1909f56bfc062723c751e8b465ee728b)  -> (artifact id: '060aff2acfe2d5b675d4ef5fcfd11d06') in 0.001819 seconds
Number of updated asset objects reloaded before import = 0
Number of asset objects unloaded after import = 2
========================================================================
Received Import Request.
  Time since last request: 0.000013 seconds.
  path: Assets/Art Assets/Furniture/Furniture_tiles/Furniture_tiles_13.png
  artifactKey: Guid(50e9b29450cfef94db071492eca0631b) Importer(815301076,1909f56bfc062723c751e8b465ee728b)
Start importing Assets/Art Assets/Furniture/Furniture_tiles/Furniture_tiles_13.png using Guid(50e9b29450cfef94db071492eca0631b) Importer(815301076,1909f56bfc062723c751e8b465ee728b)  -> (artifact id: '3a6db2b84d6d37e364946e3c4fec42ca') in 0.001499 seconds
Number of updated asset objects reloaded before import = 0
Number of asset objects unloaded after import = 2
========================================================================
Received Import Request.
  Time since last request: 50.419399 seconds.
  path: Assets/Art Assets/Items/HighRes/Corn_up.png
  artifactKey: Guid(f296aabf257fa91469ba26403fe2fc0f) Importer(815301076,1909f56bfc062723c751e8b465ee728b)
Start importing Assets/Art Assets/Items/HighRes/Corn_up.png using Guid(f296aabf257fa91469ba26403fe2fc0f) Importer(815301076,1909f56bfc062723c751e8b465ee728b)  -> (artifact id: 'dcca8333396acc58f5f955cb745bc70a') in 0.002017 seconds
Number of updated asset objects reloaded before import = 0
Number of asset objects unloaded after import = 2
========================================================================
Received Import Request.
  Time since last request: 0.000019 seconds.
  path: Assets/Art Assets/Items/HighRes/Molotov_Cocktail_up.png
  artifactKey: Guid(36a5e39431bcabf4885b75b1d8b382c5) Importer(815301076,1909f56bfc062723c751e8b465ee728b)
Start importing Assets/Art Assets/Items/HighRes/Molotov_Cocktail_up.png using Guid(36a5e39431bcabf4885b75b1d8b382c5) Importer(815301076,1909f56bfc062723c751e8b465ee728b)  -> (artifact id: '13720af01683ad03668908792fccb888') in 0.002042 seconds
Number of updated asset objects reloaded before import = 0
Number of asset objects unloaded after import = 2
========================================================================
Received Import Request.
  Time since last request: 0.000016 seconds.
  path: Assets/Art Assets/Items/HighRes/Key_01_up.png
  artifactKey: Guid(bc29df6fa8a50e3498fbc2bfc33abf60) Importer(815301076,1909f56bfc062723c751e8b465ee728b)
Start importing Assets/Art Assets/Items/HighRes/Key_01_up.png using Guid(bc29df6fa8a50e3498fbc2bfc33abf60) Importer(815301076,1909f56bfc062723c751e8b465ee728b)  -> (artifact id: '336e9ae6d8e680c4e3391f6b2321c544') in 0.001808 seconds
Number of updated asset objects reloaded before import = 0
Number of asset objects unloaded after import = 2
========================================================================
Received Import Request.
  Time since last request: 0.000038 seconds.
  path: Assets/Art Assets/Items/HighRes/Key_04_up.png
  artifactKey: Guid(e827e5cb229cdd14c823be86fe093ddb) Importer(815301076,1909f56bfc062723c751e8b465ee728b)
Start importing Assets/Art Assets/Items/HighRes/Key_04_up.png using Guid(e827e5cb229cdd14c823be86fe093ddb) Importer(815301076,1909f56bfc062723c751e8b465ee728b)  -> (artifact id: '1c83f116a0b9836bd15ee5b511e00d05') in 0.001613 seconds
Number of updated asset objects reloaded before import = 0
Number of asset objects unloaded after import = 2
========================================================================
Received Import Request.
  Time since last request: 11.103631 seconds.
  path: Assets/Art Assets/Palettes/Palette Assets/String_Light_Short_Right_End_up.asset
  artifactKey: Guid(c1b97846162b3434ba531a11c57b24db) Importer(815301076,1909f56bfc062723c751e8b465ee728b)
Start importing Assets/Art Assets/Palettes/Palette Assets/String_Light_Short_Right_End_up.asset using Guid(c1b97846162b3434ba531a11c57b24db) Importer(815301076,1909f56bfc062723c751e8b465ee728b)  -> (artifact id: '96f3cc60ca6de96bb81bb403e362cbe7') in 0.003095 seconds
Number of updated asset objects reloaded before import = 0
Number of asset objects unloaded after import = 2
========================================================================
Received Import Request.
  Time since last request: 38.224129 seconds.
  path: Assets/Art Assets/Enviroment_Assets/String Lights Poles and Wires/HighRes/String_Light_Bare_Wire_up.png
  artifactKey: Guid(45c5555ff9ff74f45a124439d8262921) Importer(815301076,1909f56bfc062723c751e8b465ee728b)
Start importing Assets/Art Assets/Enviroment_Assets/String Lights Poles and Wires/HighRes/String_Light_Bare_Wire_up.png using Guid(45c5555ff9ff74f45a124439d8262921) Importer(815301076,1909f56bfc062723c751e8b465ee728b)  -> (artifact id: '1bddf6c6f44e0f4c55d5365f8d421140') in 0.001810 seconds
Number of updated asset objects reloaded before import = 0
Number of asset objects unloaded after import = 2
========================================================================
Received Import Request.
  Time since last request: 0.000016 seconds.
  path: Assets/Art Assets/Enviroment_Assets/String Lights Poles and Wires/HighRes/String_Light_Bottom_up.png
  artifactKey: Guid(7d3ba269aa44ad043ba537bf0c749a53) Importer(815301076,1909f56bfc062723c751e8b465ee728b)
Start importing Assets/Art Assets/Enviroment_Assets/String Lights Poles and Wires/HighRes/String_Light_Bottom_up.png using Guid(7d3ba269aa44ad043ba537bf0c749a53) Importer(815301076,1909f56bfc062723c751e8b465ee728b)  -> (artifact id: 'd1d0e4d6e6ca240c55beea2fad754ecd') in 0.002015 seconds
Number of updated asset objects reloaded before import = 0
Number of asset objects unloaded after import = 2
========================================================================
Received Import Request.
  Time since last request: 0.000021 seconds.
  path: Assets/Art Assets/Enviroment_Assets/String Lights Poles and Wires/HighRes/String_Light_Right_End_up.png
  artifactKey: Guid(12da3e01329800549947e8fbfe8332f5) Importer(815301076,1909f56bfc062723c751e8b465ee728b)
Start importing Assets/Art Assets/Enviroment_Assets/String Lights Poles and Wires/HighRes/String_Light_Right_End_up.png using Guid(12da3e01329800549947e8fbfe8332f5) Importer(815301076,1909f56bfc062723c751e8b465ee728b)  -> (artifact id: '67a0e54029838da3130ed8e1f10b4db9') in 0.001396 seconds
Number of updated asset objects reloaded before import = 0
Number of asset objects unloaded after import = 2
========================================================================
Received Import Request.
  Time since last request: 0.000023 seconds.
  path: Assets/Art Assets/Enviroment_Assets/String Lights Poles and Wires/HighRes/String_Light_BLU_up.png
  artifactKey: Guid(02e99a31b17f9ad4fa44afaadb6d701a) Importer(815301076,1909f56bfc062723c751e8b465ee728b)
Start importing Assets/Art Assets/Enviroment_Assets/String Lights Poles and Wires/HighRes/String_Light_BLU_up.png using Guid(02e99a31b17f9ad4fa44afaadb6d701a) Importer(815301076,1909f56bfc062723c751e8b465ee728b)  -> (artifact id: '7cc20abee2d1816cb6288e9d4655e181') in 0.001947 seconds
Number of updated asset objects reloaded before import = 0
Number of asset objects unloaded after import = 2
========================================================================
Received Import Request.
  Time since last request: 0.000024 seconds.
  path: Assets/Art Assets/Enviroment_Assets/String Lights Poles and Wires/HighRes/String_Light_Top_up.png
  artifactKey: Guid(ca4634f6a36d3624e89bf133e53c353f) Importer(815301076,1909f56bfc062723c751e8b465ee728b)
Start importing Assets/Art Assets/Enviroment_Assets/String Lights Poles and Wires/HighRes/String_Light_Top_up.png using Guid(ca4634f6a36d3624e89bf133e53c353f) Importer(815301076,1909f56bfc062723c751e8b465ee728b)  -> (artifact id: '775a8cf2477d2a4d4403f98db099c090') in 0.002437 seconds
Number of updated asset objects reloaded before import = 0
Number of asset objects unloaded after import = 2
Editor requested this worker to shutdown with reason: Scaling down because of idle timeout
TcpMessagingSession - receive error: operation aborted. errorcode: 995, details: The I/O operation has been aborted because of either a thread exit or an application request.
AssetImportWorker is now disconnected from the server
Process exiting
Exiting without the bug reporter. Application will terminate with return code 0