Using pre-set license
Built from '2022.3/release' branch; Version is '2022.3.5f1 (9674261d40ee) revision 9860134'; Using compiler version '192829333'; Build Type 'Release'
OS: 'Windows 10  (10.0.19045) 64bit Professional' Language: 'en' Physical Memory: 16310 MB
BatchMode: 1, IsHumanControllingUs: 0, StartBugReporterOnCrash: 0, Is64bit: 1, IsPro: 1

COMMAND LINE ARGUMENTS:
C:\Program Files\Unity 2022.3.5f1\Editor\Unity.exe
-adb2
-batchMode
-noUpm
-name
AssetImportWorker20
-projectPath
D:/SGD212/Team1-Proj1/Team1-Proj1-HorrorGame/Team1-Proj1-HorrorGame
-logFile
Logs/AssetImportWorker20.log
-srvPort
65457
Successfully changed project path to: D:/SGD212/Team1-Proj1/Team1-Proj1-HorrorGame/Team1-Proj1-HorrorGame
D:/SGD212/Team1-Proj1/Team1-Proj1-HorrorGame/Team1-Proj1-HorrorGame
[UnityMemory] Configuration Parameters - Can be set up in boot.config
    "memorysetup-bucket-allocator-granularity=16"
    "memorysetup-bucket-allocator-bucket-count=8"
    "memorysetup-bucket-allocator-block-size=33554432"
    "memorysetup-bucket-allocator-block-count=8"
    "memorysetup-main-allocator-block-size=16777216"
    "memorysetup-thread-allocator-block-size=16777216"
    "memorysetup-gfx-main-allocator-block-size=16777216"
    "memorysetup-gfx-thread-allocator-block-size=16777216"
    "memorysetup-cache-allocator-block-size=4194304"
    "memorysetup-typetree-allocator-block-size=2097152"
    "memorysetup-profiler-bucket-allocator-granularity=16"
    "memorysetup-profiler-bucket-allocator-bucket-count=8"
    "memorysetup-profiler-bucket-allocator-block-size=33554432"
    "memorysetup-profiler-bucket-allocator-block-count=8"
    "memorysetup-profiler-allocator-block-size=16777216"
    "memorysetup-profiler-editor-allocator-block-size=1048576"
    "memorysetup-temp-allocator-size-main=16777216"
    "memorysetup-job-temp-allocator-block-size=2097152"
    "memorysetup-job-temp-allocator-block-size-background=1048576"
    "memorysetup-job-temp-allocator-reduction-small-platforms=262144"
    "memorysetup-allocator-temp-initial-block-size-main=262144"
    "memorysetup-allocator-temp-initial-block-size-worker=262144"
    "memorysetup-temp-allocator-size-background-worker=32768"
    "memorysetup-temp-allocator-size-job-worker=262144"
    "memorysetup-temp-allocator-size-preload-manager=33554432"
    "memorysetup-temp-allocator-size-nav-mesh-worker=65536"
    "memorysetup-temp-allocator-size-audio-worker=65536"
    "memorysetup-temp-allocator-size-cloud-worker=32768"
    "memorysetup-temp-allocator-size-gi-baking-worker=262144"
    "memorysetup-temp-allocator-size-gfx=262144"
Player connection [25468] Host "[IP] 192.168.68.114 [Port] 0 [Flags] 2 [Guid] 3747450002 [EditorId] 3747450002 [Version] 1048832 [Id] WindowsEditor(7,thebigboy) [Debug] 1 [PackageName] WindowsEditor [ProjectName] Editor" joined multi-casting on [225.0.0.222:54997]...

Player connection [25468] Host "[IP] 192.168.68.114 [Port] 0 [Flags] 2 [Guid] 3747450002 [EditorId] 3747450002 [Version] 1048832 [Id] WindowsEditor(7,thebigboy) [Debug] 1 [PackageName] WindowsEditor [ProjectName] Editor" joined alternative multi-casting on [225.0.0.222:34997]...

Refreshing native plugins compatible for Editor in 12.99 ms, found 4 plugins.
Preloading 0 native plugins for Editor in 0.00 ms.
Initialize engine version: 2022.3.5f1 (9674261d40ee)
[Subsystems] Discovering subsystems at path C:/Program Files/Unity 2022.3.5f1/Editor/Data/Resources/UnitySubsystems
[Subsystems] Discovering subsystems at path D:/SGD212/Team1-Proj1/Team1-Proj1-HorrorGame/Team1-Proj1-HorrorGame/Assets
GfxDevice: creating device client; threaded=0; jobified=0
Direct3D:
    Version:  Direct3D 11.0 [level 11.1]
    Renderer: NVIDIA GeForce GTX 1050 Ti (ID=0x1c82)
    Vendor:   NVIDIA
    VRAM:     4017 MB
    Driver:   31.0.15.3623
Initialize mono
Mono path[0] = 'C:/Program Files/Unity 2022.3.5f1/Editor/Data/Managed'
Mono path[1] = 'C:/Program Files/Unity 2022.3.5f1/Editor/Data/MonoBleedingEdge/lib/mono/unityjit-win32'
Mono config path = 'C:/Program Files/Unity 2022.3.5f1/Editor/Data/MonoBleedingEdge/etc'
Using monoOptions --debugger-agent=transport=dt_socket,embedding=1,server=y,suspend=n,address=127.0.0.1:56176
Begin MonoManager ReloadAssembly
Registering precompiled unity dll's ...
Register platform support module: C:/Program Files/Unity 2022.3.5f1/Editor/Data/PlaybackEngines/WindowsStandaloneSupport/UnityEditor.WindowsStandalone.Extensions.dll
Registered in 0.008874 seconds.
- Loaded All Assemblies, in  0.388 seconds
Native extension for WindowsStandalone target not found
Mono: successfully reloaded assembly
- Finished resetting the current domain, in  0.295 seconds
Domain Reload Profiling: 679ms
	BeginReloadAssembly (101ms)
		ExecutionOrderSort (0ms)
		DisableScriptedObjects (0ms)
		BackupInstance (0ms)
		ReleaseScriptingObjects (0ms)
		CreateAndSetChildDomain (1ms)
	RebuildCommonClasses (41ms)
	RebuildNativeTypeToScriptingClass (12ms)
	initialDomainReloadingComplete (67ms)
	LoadAllAssembliesAndSetupDomain (162ms)
		LoadAssemblies (98ms)
		RebuildTransferFunctionScriptingTraits (0ms)
		AnalyzeDomain (154ms)
			TypeCache.Refresh (153ms)
				TypeCache.ScanAssembly (141ms)
			ScanForSourceGeneratedMonoScriptInfo (0ms)
			ResolveRequiredComponents (0ms)
	FinalizeReload (296ms)
		ReleaseScriptCaches (0ms)
		RebuildScriptCaches (0ms)
		SetupLoadedEditorAssemblies (232ms)
			LogAssemblyErrors (0ms)
			InitializePlatformSupportModulesInManaged (11ms)
			SetLoadedEditorAssemblies (10ms)
			RefreshPlugins (0ms)
			BeforeProcessingInitializeOnLoad (2ms)
			ProcessInitializeOnLoadAttributes (156ms)
			ProcessInitializeOnLoadMethodAttributes (54ms)
			AfterProcessingInitializeOnLoad (0ms)
			EditorAssembliesLoaded (0ms)
		ExecutionOrderSort2 (0ms)
		AwakeInstancesAfterBackupRestoration (0ms)
========================================================================
Worker process is ready to serve import requests
Begin MonoManager ReloadAssembly
Symbol file LoadedFromMemory doesn't match image D:\SGD212\Team1-Proj1\Team1-Proj1-HorrorGame\Team1-Proj1-HorrorGame\Library\PackageCache\com.unity.visualscripting@1.8.0\Editor\VisualScripting.Core\Dependencies\YamlDotNet\Unity.VisualScripting.YamlDotNet.dll
Symbol file LoadedFromMemory doesn't match image D:\SGD212\Team1-Proj1\Team1-Proj1-HorrorGame\Team1-Proj1-HorrorGame\Library\PackageCache\com.unity.visualscripting@1.8.0\Editor\VisualScripting.Core\Dependencies\DotNetZip\Unity.VisualScripting.IonicZip.dll
- Loaded All Assemblies, in  0.906 seconds
Refreshing native plugins compatible for Editor in 5.90 ms, found 4 plugins.
Native extension for WindowsStandalone target not found
Mono: successfully reloaded assembly
- Finished resetting the current domain, in  0.801 seconds
Domain Reload Profiling: 1701ms
	BeginReloadAssembly (138ms)
		ExecutionOrderSort (0ms)
		DisableScriptedObjects (5ms)
		BackupInstance (0ms)
		ReleaseScriptingObjects (0ms)
		CreateAndSetChildDomain (23ms)
	RebuildCommonClasses (36ms)
	RebuildNativeTypeToScriptingClass (12ms)
	initialDomainReloadingComplete (47ms)
	LoadAllAssembliesAndSetupDomain (667ms)
		LoadAssemblies (354ms)
		RebuildTransferFunctionScriptingTraits (0ms)
		AnalyzeDomain (376ms)
			TypeCache.Refresh (324ms)
				TypeCache.ScanAssembly (310ms)
			ScanForSourceGeneratedMonoScriptInfo (38ms)
			ResolveRequiredComponents (14ms)
	FinalizeReload (801ms)
		ReleaseScriptCaches (0ms)
		RebuildScriptCaches (0ms)
		SetupLoadedEditorAssemblies (602ms)
			LogAssemblyErrors (0ms)
			InitializePlatformSupportModulesInManaged (7ms)
			SetLoadedEditorAssemblies (5ms)
			RefreshPlugins (0ms)
			BeforeProcessingInitializeOnLoad (126ms)
			ProcessInitializeOnLoadAttributes (358ms)
			ProcessInitializeOnLoadMethodAttributes (95ms)
			AfterProcessingInitializeOnLoad (11ms)
			EditorAssembliesLoaded (0ms)
		ExecutionOrderSort2 (0ms)
		AwakeInstancesAfterBackupRestoration (7ms)
Launched and connected shader compiler UnityShaderCompiler.exe after 0.05 seconds
Refreshing native plugins compatible for Editor in 4.71 ms, found 4 plugins.
Preloading 0 native plugins for Editor in 0.00 ms.
Unloading 5827 Unused Serialized files (Serialized files now loaded: 0)
Unloading 97 unused Assets / (423.4 KB). Loaded Objects now: 6289.
Memory consumption went from 224.4 MB to 224.0 MB.
Total: 4.557100 ms (FindLiveObjects: 0.709100 ms CreateObjectMapping: 0.195000 ms MarkObjects: 3.384700 ms  DeleteObjects: 0.267200 ms)

AssetImportParameters requested are different than current active one (requested -> active):
  custom:container-demuxer-ogg: 62fdf1f143b41e24485cea50d1cbac27 -> 
  custom:video-decoder-ogg-theora: a1e56fd34408186e4bbccfd4996cb3dc -> 
  custom:framework-win-MediaFoundation: 216162199b28c13a410421893ffa2e32 -> 
  custom:CustomObjectIndexerAttribute: a3ef5dd2817f97addfee359851a9dba5 -> 
  custom:container-demuxer-webm: 4f35f7cbe854078d1ac9338744f61a02 -> 
  custom:container-muxer-webm: aa71ff27fc2769a1b78a27578f13a17b -> 
  custom:video-decoder-webm-vp8: 9c59270c3fd7afecdb556c50c9e8de78 -> 
  custom:AudioImporter_EditorPlatform: d09bf68614088b80899f8185d706f6e7 -> 
  custom:video-encoder-webm-vp8: eb34c28f22e8b96e1ab97ce403110664 -> 
  custom:audio-decoder-ogg-vorbis: bf7c407c2cedff20999df2af8eb42d56 -> 
  custom:audio-encoder-webm-vorbis: bf7c407c2cedff20999df2af8eb42d56 -> 
========================================================================
Received Import Request.
  Time since last request: 474508.055506 seconds.
  path: Assets/Art Assets/Enviroment_Assets/String Lights Poles and Wires/Upscaled/String_Lights_Vert_L_Multi_02.asset
  artifactKey: Guid(c6b42db2b61307340a1401358ee53603) Importer(815301076,1909f56bfc062723c751e8b465ee728b)
Start importing Assets/Art Assets/Enviroment_Assets/String Lights Poles and Wires/Upscaled/String_Lights_Vert_L_Multi_02.asset using Guid(c6b42db2b61307340a1401358ee53603) Importer(815301076,1909f56bfc062723c751e8b465ee728b)  -> (artifact id: '65e61eb3947d9a0f80697e9784db0b2e') in 0.017381 seconds
Number of updated asset objects reloaded before import = 0
Number of asset objects unloaded after import = 2
========================================================================
Received Import Request.
  Time since last request: 33.417490 seconds.
  path: Assets/Art Assets/Enviroment_Assets/String Lights Poles and Wires/Upscaled/String_Lights_Vert_L_Multi_03.asset
  artifactKey: Guid(843334484b67bb6479697085654d099b) Importer(815301076,1909f56bfc062723c751e8b465ee728b)
Start importing Assets/Art Assets/Enviroment_Assets/String Lights Poles and Wires/Upscaled/String_Lights_Vert_L_Multi_03.asset using Guid(843334484b67bb6479697085654d099b) Importer(815301076,1909f56bfc062723c751e8b465ee728b)  -> (artifact id: '2937380f3c7544d20c1bcc6be9d1b1a9') in 0.001235 seconds
Number of updated asset objects reloaded before import = 0
Number of asset objects unloaded after import = 2
========================================================================
Received Import Request.
  Time since last request: 16.834031 seconds.
  path: Assets/Art Assets/Palettes/Palette Assets/StringLights/String_Light_01_up.asset
  artifactKey: Guid(5c429e87c34951e489ffe1e084ca4498) Importer(815301076,1909f56bfc062723c751e8b465ee728b)
Start importing Assets/Art Assets/Palettes/Palette Assets/StringLights/String_Light_01_up.asset using Guid(5c429e87c34951e489ffe1e084ca4498) Importer(815301076,1909f56bfc062723c751e8b465ee728b)  -> (artifact id: '7da577ede04d9723ea20d0fe57c86015') in 0.003110 seconds
Number of updated asset objects reloaded before import = 0
Number of asset objects unloaded after import = 2
========================================================================
Received Import Request.
  Time since last request: 0.000027 seconds.
  path: Assets/Art Assets/Palettes/Palette Assets/StringLights/String_Light_Bare_Wire_up.asset
  artifactKey: Guid(7282ea482cfa84d4b9600cb647c3344f) Importer(815301076,1909f56bfc062723c751e8b465ee728b)
Start importing Assets/Art Assets/Palettes/Palette Assets/StringLights/String_Light_Bare_Wire_up.asset using Guid(7282ea482cfa84d4b9600cb647c3344f) Importer(815301076,1909f56bfc062723c751e8b465ee728b)  -> (artifact id: 'a7b3bc7d8fd48c731e855d79e54a76fe') in 0.001479 seconds
Number of updated asset objects reloaded before import = 0
Number of asset objects unloaded after import = 2
========================================================================
Received Import Request.
  Time since last request: 0.000013 seconds.
  path: Assets/Art Assets/Palettes/Palette Assets/StringLights/String_Light_Vert_L_01.asset
  artifactKey: Guid(c631c63831664e7489e7728d06d2a476) Importer(815301076,1909f56bfc062723c751e8b465ee728b)
Start importing Assets/Art Assets/Palettes/Palette Assets/StringLights/String_Light_Vert_L_01.asset using Guid(c631c63831664e7489e7728d06d2a476) Importer(815301076,1909f56bfc062723c751e8b465ee728b)  -> (artifact id: '6efd73ca97fa7691a9dbe3d779585422') in 0.001350 seconds
Number of updated asset objects reloaded before import = 0
Number of asset objects unloaded after import = 2
========================================================================
Received Import Request.
  Time since last request: 0.000013 seconds.
  path: Assets/Art Assets/Palettes/Palette Assets/StringLights/String_Light_Vert_R_01.asset
  artifactKey: Guid(ccb82f19501e57f48be33cfe8f188767) Importer(815301076,1909f56bfc062723c751e8b465ee728b)
Start importing Assets/Art Assets/Palettes/Palette Assets/StringLights/String_Light_Vert_R_01.asset using Guid(ccb82f19501e57f48be33cfe8f188767) Importer(815301076,1909f56bfc062723c751e8b465ee728b)  -> (artifact id: 'a83cd5a89d7a5435c2f9b76862cfeeac') in 0.001383 seconds
Number of updated asset objects reloaded before import = 0
Number of asset objects unloaded after import = 2
========================================================================
Received Import Request.
  Time since last request: 0.000030 seconds.
  path: Assets/Art Assets/Palettes/Palette Assets/StringLights/String_Light_BLU_up.asset
  artifactKey: Guid(f1fad70ca409a2a4ba0a23837052ec03) Importer(815301076,1909f56bfc062723c751e8b465ee728b)
Start importing Assets/Art Assets/Palettes/Palette Assets/StringLights/String_Light_BLU_up.asset using Guid(f1fad70ca409a2a4ba0a23837052ec03) Importer(815301076,1909f56bfc062723c751e8b465ee728b)  -> (artifact id: '5beabafc0bfd0d65f595c0960cf2cb3c') in 0.001305 seconds
Number of updated asset objects reloaded before import = 0
Number of asset objects unloaded after import = 2
========================================================================
Received Import Request.
  Time since last request: 0.000019 seconds.
  path: Assets/Art Assets/Palettes/Palette Assets/StringLights/String_Light_GRN_up.asset
  artifactKey: Guid(505b7f53918aaf4429374d32813edb6e) Importer(815301076,1909f56bfc062723c751e8b465ee728b)
Start importing Assets/Art Assets/Palettes/Palette Assets/StringLights/String_Light_GRN_up.asset using Guid(505b7f53918aaf4429374d32813edb6e) Importer(815301076,1909f56bfc062723c751e8b465ee728b)  -> (artifact id: '6d429102e6bf421b0e38525e017ffb1a') in 0.001992 seconds
Number of updated asset objects reloaded before import = 0
Number of asset objects unloaded after import = 2
========================================================================
Received Import Request.
  Time since last request: 0.000011 seconds.
  path: Assets/Art Assets/Palettes/Palette Assets/StringLights/String_Lights_Vert_L_BLU.asset
  artifactKey: Guid(ecc5caea93092964688743a4264ffacf) Importer(815301076,1909f56bfc062723c751e8b465ee728b)
Start importing Assets/Art Assets/Palettes/Palette Assets/StringLights/String_Lights_Vert_L_BLU.asset using Guid(ecc5caea93092964688743a4264ffacf) Importer(815301076,1909f56bfc062723c751e8b465ee728b)  -> (artifact id: 'e45026e0c2a41640d5f9ada39084017b') in 0.001474 seconds
Number of updated asset objects reloaded before import = 0
Number of asset objects unloaded after import = 2
========================================================================
Received Import Request.
  Time since last request: 0.000016 seconds.
  path: Assets/Art Assets/Palettes/Palette Assets/StringLights/String_Lights_Vert_L_GRN.asset
  artifactKey: Guid(b8ce78777083ab948a6353bfbabe51d8) Importer(815301076,1909f56bfc062723c751e8b465ee728b)
Start importing Assets/Art Assets/Palettes/Palette Assets/StringLights/String_Lights_Vert_L_GRN.asset using Guid(b8ce78777083ab948a6353bfbabe51d8) Importer(815301076,1909f56bfc062723c751e8b465ee728b)  -> (artifact id: '488bb02c6b9117e46fa4adc2ab81d6ab') in 0.001420 seconds
Number of updated asset objects reloaded before import = 0
Number of asset objects unloaded after import = 2
========================================================================
Received Import Request.
  Time since last request: 0.000041 seconds.
  path: Assets/Art Assets/Palettes/Palette Assets/StringLights/String_Light_White_up.asset
  artifactKey: Guid(a1ae3f0ae4a79794988891ea3a7a7b5e) Importer(815301076,1909f56bfc062723c751e8b465ee728b)
Start importing Assets/Art Assets/Palettes/Palette Assets/StringLights/String_Light_White_up.asset using Guid(a1ae3f0ae4a79794988891ea3a7a7b5e) Importer(815301076,1909f56bfc062723c751e8b465ee728b)  -> (artifact id: '15ff39333a2805e4ffdb330443ea8e2b') in 0.001589 seconds
Number of updated asset objects reloaded before import = 0
Number of asset objects unloaded after import = 2
========================================================================
Received Import Request.
  Time since last request: 0.000010 seconds.
  path: Assets/Art Assets/Palettes/Palette Assets/StringLights/String_Light_Vert_R_White.asset
  artifactKey: Guid(fe17ed20ad57c0d42ba42c872d940597) Importer(815301076,1909f56bfc062723c751e8b465ee728b)
Start importing Assets/Art Assets/Palettes/Palette Assets/StringLights/String_Light_Vert_R_White.asset using Guid(fe17ed20ad57c0d42ba42c872d940597) Importer(815301076,1909f56bfc062723c751e8b465ee728b)  -> (artifact id: '26da3f9efbd65c8cdee2d29b7c928c25') in 0.001312 seconds
Number of updated asset objects reloaded before import = 0
Number of asset objects unloaded after import = 2
========================================================================
Received Import Request.
  Time since last request: 0.000011 seconds.
  path: Assets/Art Assets/Palettes/Palette Assets/StringLights/String_Light_Multi_03_up.asset
  artifactKey: Guid(123c51af47b306f419c2b4a992ae4188) Importer(815301076,1909f56bfc062723c751e8b465ee728b)
Start importing Assets/Art Assets/Palettes/Palette Assets/StringLights/String_Light_Multi_03_up.asset using Guid(123c51af47b306f419c2b4a992ae4188) Importer(815301076,1909f56bfc062723c751e8b465ee728b)  -> (artifact id: 'a90c40df1205b71cf56b569f7792aaf6') in 0.001642 seconds
Number of updated asset objects reloaded before import = 0
Number of asset objects unloaded after import = 2
========================================================================
Received Import Request.
  Time since last request: 0.000015 seconds.
  path: Assets/Art Assets/Palettes/Palette Assets/StringLights/String_Light_Vert_R_Off.asset
  artifactKey: Guid(edfde0b8221227742a2bc7cf1ae762ef) Importer(815301076,1909f56bfc062723c751e8b465ee728b)
Start importing Assets/Art Assets/Palettes/Palette Assets/StringLights/String_Light_Vert_R_Off.asset using Guid(edfde0b8221227742a2bc7cf1ae762ef) Importer(815301076,1909f56bfc062723c751e8b465ee728b)  -> (artifact id: 'da659fe041500e84218a97ccb99517de') in 0.001338 seconds
Number of updated asset objects reloaded before import = 0
Number of asset objects unloaded after import = 2
========================================================================
Received Import Request.
  Time since last request: 118.272701 seconds.
  path: Assets/Art Assets/Palettes/Palette Assets/StringLights/String_Lights_Vert_R_BLU.asset
  artifactKey: Guid(f6a702273c19354439f09432e3756088) Importer(815301076,1909f56bfc062723c751e8b465ee728b)
Start importing Assets/Art Assets/Palettes/Palette Assets/StringLights/String_Lights_Vert_R_BLU.asset using Guid(f6a702273c19354439f09432e3756088) Importer(815301076,1909f56bfc062723c751e8b465ee728b)  -> (artifact id: '6b0e6e54ea935acdc8d29851036a7f87') in 0.001458 seconds
Number of updated asset objects reloaded before import = 0
Number of asset objects unloaded after import = 2
========================================================================
Received Import Request.
  Time since last request: 0.000053 seconds.
  path: Assets/Art Assets/Palettes/Palette Assets/StringLights/String_Lights_Vert_R_Multi_03.asset
  artifactKey: Guid(d7fa06007cb9796429427c106dbaa36e) Importer(815301076,1909f56bfc062723c751e8b465ee728b)
Start importing Assets/Art Assets/Palettes/Palette Assets/StringLights/String_Lights_Vert_R_Multi_03.asset using Guid(d7fa06007cb9796429427c106dbaa36e) Importer(815301076,1909f56bfc062723c751e8b465ee728b)  -> (artifact id: '0042d25f47a1194ae6c9f746411239f0') in 0.001250 seconds
Number of updated asset objects reloaded before import = 0
Number of asset objects unloaded after import = 2
========================================================================
Received Import Request.
  Time since last request: 0.000016 seconds.
  path: Assets/Art Assets/Palettes/Palette Assets/StringLights/String_Lights_Vert_R_RED.asset
  artifactKey: Guid(3178a5fca6599b14096fab19206fe47f) Importer(815301076,1909f56bfc062723c751e8b465ee728b)
Start importing Assets/Art Assets/Palettes/Palette Assets/StringLights/String_Lights_Vert_R_RED.asset using Guid(3178a5fca6599b14096fab19206fe47f) Importer(815301076,1909f56bfc062723c751e8b465ee728b)  -> (artifact id: '4896daa2a9b86d9f17824801494fdb97') in 0.001216 seconds
Number of updated asset objects reloaded before import = 0
Number of asset objects unloaded after import = 2
Editor requested this worker to shutdown with reason: Scaling down because of idle timeout
TcpMessagingSession - receive error: operation aborted. errorcode: 995, details: The I/O operation has been aborted because of either a thread exit or an application request.
AssetImportWorker is now disconnected from the server
Process exiting
Exiting without the bug reporter. Application will terminate with return code 0