Using pre-set license
Built from '2022.3/release' branch; Version is '2022.3.5f1 (9674261d40ee) revision 9860134'; Using compiler version '192829333'; Build Type 'Release'
OS: 'Windows 10  (10.0.19045) 64bit Professional' Language: 'en' Physical Memory: 16310 MB
BatchMode: 1, IsHumanControllingUs: 0, StartBugReporterOnCrash: 0, Is64bit: 1, IsPro: 1

COMMAND LINE ARGUMENTS:
C:\Program Files\Unity 2022.3.5f1\Editor\Unity.exe
-adb2
-batchMode
-noUpm
-name
AssetImportWorker12
-projectPath
D:/SGD212/Team1-Proj1/Team1-Proj1-HorrorGame/Team1-Proj1-HorrorGame
-logFile
Logs/AssetImportWorker12.log
-srvPort
65457
Successfully changed project path to: D:/SGD212/Team1-Proj1/Team1-Proj1-HorrorGame/Team1-Proj1-HorrorGame
D:/SGD212/Team1-Proj1/Team1-Proj1-HorrorGame/Team1-Proj1-HorrorGame
[UnityMemory] Configuration Parameters - Can be set up in boot.config
    "memorysetup-bucket-allocator-granularity=16"
    "memorysetup-bucket-allocator-bucket-count=8"
    "memorysetup-bucket-allocator-block-size=33554432"
    "memorysetup-bucket-allocator-block-count=8"
    "memorysetup-main-allocator-block-size=16777216"
    "memorysetup-thread-allocator-block-size=16777216"
    "memorysetup-gfx-main-allocator-block-size=16777216"
    "memorysetup-gfx-thread-allocator-block-size=16777216"
    "memorysetup-cache-allocator-block-size=4194304"
    "memorysetup-typetree-allocator-block-size=2097152"
    "memorysetup-profiler-bucket-allocator-granularity=16"
    "memorysetup-profiler-bucket-allocator-bucket-count=8"
    "memorysetup-profiler-bucket-allocator-block-size=33554432"
    "memorysetup-profiler-bucket-allocator-block-count=8"
    "memorysetup-profiler-allocator-block-size=16777216"
    "memorysetup-profiler-editor-allocator-block-size=1048576"
    "memorysetup-temp-allocator-size-main=16777216"
    "memorysetup-job-temp-allocator-block-size=2097152"
    "memorysetup-job-temp-allocator-block-size-background=1048576"
    "memorysetup-job-temp-allocator-reduction-small-platforms=262144"
    "memorysetup-allocator-temp-initial-block-size-main=262144"
    "memorysetup-allocator-temp-initial-block-size-worker=262144"
    "memorysetup-temp-allocator-size-background-worker=32768"
    "memorysetup-temp-allocator-size-job-worker=262144"
    "memorysetup-temp-allocator-size-preload-manager=33554432"
    "memorysetup-temp-allocator-size-nav-mesh-worker=65536"
    "memorysetup-temp-allocator-size-audio-worker=65536"
    "memorysetup-temp-allocator-size-cloud-worker=32768"
    "memorysetup-temp-allocator-size-gi-baking-worker=262144"
    "memorysetup-temp-allocator-size-gfx=262144"
Player connection [30944] Host "[IP] 192.168.68.114 [Port] 0 [Flags] 2 [Guid] 1425779427 [EditorId] 1425779427 [Version] 1048832 [Id] WindowsEditor(7,thebigboy) [Debug] 1 [PackageName] WindowsEditor [ProjectName] Editor" joined multi-casting on [225.0.0.222:54997]...

Player connection [30944] Host "[IP] 192.168.68.114 [Port] 0 [Flags] 2 [Guid] 1425779427 [EditorId] 1425779427 [Version] 1048832 [Id] WindowsEditor(7,thebigboy) [Debug] 1 [PackageName] WindowsEditor [ProjectName] Editor" joined alternative multi-casting on [225.0.0.222:34997]...

Refreshing native plugins compatible for Editor in 21.95 ms, found 4 plugins.
Preloading 0 native plugins for Editor in 0.00 ms.
Initialize engine version: 2022.3.5f1 (9674261d40ee)
[Subsystems] Discovering subsystems at path C:/Program Files/Unity 2022.3.5f1/Editor/Data/Resources/UnitySubsystems
[Subsystems] Discovering subsystems at path D:/SGD212/Team1-Proj1/Team1-Proj1-HorrorGame/Team1-Proj1-HorrorGame/Assets
GfxDevice: creating device client; threaded=0; jobified=0
Direct3D:
    Version:  Direct3D 11.0 [level 11.1]
    Renderer: NVIDIA GeForce GTX 1050 Ti (ID=0x1c82)
    Vendor:   NVIDIA
    VRAM:     4017 MB
    Driver:   31.0.15.3623
Initialize mono
Mono path[0] = 'C:/Program Files/Unity 2022.3.5f1/Editor/Data/Managed'
Mono path[1] = 'C:/Program Files/Unity 2022.3.5f1/Editor/Data/MonoBleedingEdge/lib/mono/unityjit-win32'
Mono config path = 'C:/Program Files/Unity 2022.3.5f1/Editor/Data/MonoBleedingEdge/etc'
Using monoOptions --debugger-agent=transport=dt_socket,embedding=1,server=y,suspend=n,address=127.0.0.1:56100
Begin MonoManager ReloadAssembly
Registering precompiled unity dll's ...
Register platform support module: C:/Program Files/Unity 2022.3.5f1/Editor/Data/PlaybackEngines/WindowsStandaloneSupport/UnityEditor.WindowsStandalone.Extensions.dll
Registered in 0.007964 seconds.
- Loaded All Assemblies, in  0.349 seconds
Native extension for WindowsStandalone target not found
Mono: successfully reloaded assembly
- Finished resetting the current domain, in  0.274 seconds
Domain Reload Profiling: 622ms
	BeginReloadAssembly (96ms)
		ExecutionOrderSort (0ms)
		DisableScriptedObjects (0ms)
		BackupInstance (0ms)
		ReleaseScriptingObjects (0ms)
		CreateAndSetChildDomain (1ms)
	RebuildCommonClasses (38ms)
	RebuildNativeTypeToScriptingClass (12ms)
	initialDomainReloadingComplete (62ms)
	LoadAllAssembliesAndSetupDomain (139ms)
		LoadAssemblies (93ms)
		RebuildTransferFunctionScriptingTraits (0ms)
		AnalyzeDomain (131ms)
			TypeCache.Refresh (131ms)
				TypeCache.ScanAssembly (120ms)
			ScanForSourceGeneratedMonoScriptInfo (0ms)
			ResolveRequiredComponents (0ms)
	FinalizeReload (275ms)
		ReleaseScriptCaches (0ms)
		RebuildScriptCaches (0ms)
		SetupLoadedEditorAssemblies (208ms)
			LogAssemblyErrors (0ms)
			InitializePlatformSupportModulesInManaged (9ms)
			SetLoadedEditorAssemblies (8ms)
			RefreshPlugins (0ms)
			BeforeProcessingInitializeOnLoad (2ms)
			ProcessInitializeOnLoadAttributes (138ms)
			ProcessInitializeOnLoadMethodAttributes (50ms)
			AfterProcessingInitializeOnLoad (0ms)
			EditorAssembliesLoaded (0ms)
		ExecutionOrderSort2 (0ms)
		AwakeInstancesAfterBackupRestoration (0ms)
========================================================================
Worker process is ready to serve import requests
Begin MonoManager ReloadAssembly
Symbol file LoadedFromMemory doesn't match image D:\SGD212\Team1-Proj1\Team1-Proj1-HorrorGame\Team1-Proj1-HorrorGame\Library\PackageCache\com.unity.visualscripting@1.8.0\Editor\VisualScripting.Core\Dependencies\YamlDotNet\Unity.VisualScripting.YamlDotNet.dll
Symbol file LoadedFromMemory doesn't match image D:\SGD212\Team1-Proj1\Team1-Proj1-HorrorGame\Team1-Proj1-HorrorGame\Library\PackageCache\com.unity.visualscripting@1.8.0\Editor\VisualScripting.Core\Dependencies\DotNetZip\Unity.VisualScripting.IonicZip.dll
- Loaded All Assemblies, in  0.879 seconds
Refreshing native plugins compatible for Editor in 10.60 ms, found 4 plugins.
Native extension for WindowsStandalone target not found
Mono: successfully reloaded assembly
- Finished resetting the current domain, in  0.848 seconds
Domain Reload Profiling: 1716ms
	BeginReloadAssembly (120ms)
		ExecutionOrderSort (0ms)
		DisableScriptedObjects (7ms)
		BackupInstance (0ms)
		ReleaseScriptingObjects (0ms)
		CreateAndSetChildDomain (19ms)
	RebuildCommonClasses (36ms)
	RebuildNativeTypeToScriptingClass (10ms)
	initialDomainReloadingComplete (50ms)
	LoadAllAssembliesAndSetupDomain (651ms)
		LoadAssemblies (390ms)
		RebuildTransferFunctionScriptingTraits (0ms)
		AnalyzeDomain (305ms)
			TypeCache.Refresh (265ms)
				TypeCache.ScanAssembly (253ms)
			ScanForSourceGeneratedMonoScriptInfo (31ms)
			ResolveRequiredComponents (10ms)
	FinalizeReload (849ms)
		ReleaseScriptCaches (0ms)
		RebuildScriptCaches (0ms)
		SetupLoadedEditorAssemblies (642ms)
			LogAssemblyErrors (0ms)
			InitializePlatformSupportModulesInManaged (6ms)
			SetLoadedEditorAssemblies (6ms)
			RefreshPlugins (0ms)
			BeforeProcessingInitializeOnLoad (150ms)
			ProcessInitializeOnLoadAttributes (377ms)
			ProcessInitializeOnLoadMethodAttributes (94ms)
			AfterProcessingInitializeOnLoad (10ms)
			EditorAssembliesLoaded (0ms)
		ExecutionOrderSort2 (0ms)
		AwakeInstancesAfterBackupRestoration (6ms)
Launched and connected shader compiler UnityShaderCompiler.exe after 0.05 seconds
Refreshing native plugins compatible for Editor in 6.94 ms, found 4 plugins.
Preloading 0 native plugins for Editor in 0.00 ms.
Unloading 5827 Unused Serialized files (Serialized files now loaded: 0)
Unloading 97 unused Assets / (421.5 KB). Loaded Objects now: 6289.
Memory consumption went from 224.6 MB to 224.2 MB.
Total: 4.826100 ms (FindLiveObjects: 0.740700 ms CreateObjectMapping: 0.314300 ms MarkObjects: 3.376500 ms  DeleteObjects: 0.393500 ms)

AssetImportParameters requested are different than current active one (requested -> active):
  custom:container-demuxer-ogg: 62fdf1f143b41e24485cea50d1cbac27 -> 
  custom:video-decoder-ogg-theora: a1e56fd34408186e4bbccfd4996cb3dc -> 
  custom:framework-win-MediaFoundation: 216162199b28c13a410421893ffa2e32 -> 
  custom:CustomObjectIndexerAttribute: a3ef5dd2817f97addfee359851a9dba5 -> 
  custom:container-demuxer-webm: 4f35f7cbe854078d1ac9338744f61a02 -> 
  custom:container-muxer-webm: aa71ff27fc2769a1b78a27578f13a17b -> 
  custom:video-decoder-webm-vp8: 9c59270c3fd7afecdb556c50c9e8de78 -> 
  custom:AudioImporter_EditorPlatform: d09bf68614088b80899f8185d706f6e7 -> 
  custom:video-encoder-webm-vp8: eb34c28f22e8b96e1ab97ce403110664 -> 
  custom:audio-decoder-ogg-vorbis: bf7c407c2cedff20999df2af8eb42d56 -> 
  custom:audio-encoder-webm-vorbis: bf7c407c2cedff20999df2af8eb42d56 -> 
========================================================================
Received Import Request.
  Time since last request: 468746.661769 seconds.
  path: Assets/Art Assets/Enviroment_Assets/House_Assets_up/Window_Curtain_Transparent.png
  artifactKey: Guid(f9089f08d78932846b73a6d80eae51db) Importer(815301076,1909f56bfc062723c751e8b465ee728b)
Start importing Assets/Art Assets/Enviroment_Assets/House_Assets_up/Window_Curtain_Transparent.png using Guid(f9089f08d78932846b73a6d80eae51db) Importer(815301076,1909f56bfc062723c751e8b465ee728b)  -> (artifact id: '6afae6d65b3fa56931fac16e2f635084') in 0.021845 seconds
Number of updated asset objects reloaded before import = 0
Number of asset objects unloaded after import = 2
========================================================================
Received Import Request.
  Time since last request: 0.000020 seconds.
  path: Assets/Art Assets/Enviroment_Assets/House_Assets_up/Window_Transparent.png
  artifactKey: Guid(9ec1d33852a648f4695ccfe7b229a9f2) Importer(815301076,1909f56bfc062723c751e8b465ee728b)
Start importing Assets/Art Assets/Enviroment_Assets/House_Assets_up/Window_Transparent.png using Guid(9ec1d33852a648f4695ccfe7b229a9f2) Importer(815301076,1909f56bfc062723c751e8b465ee728b)  -> (artifact id: 'd7e7fd993b6a2650e7984fdf7f94ad13') in 0.002586 seconds
Number of updated asset objects reloaded before import = 0
Number of asset objects unloaded after import = 2
========================================================================
Received Import Request.
  Time since last request: 0.000021 seconds.
  path: Assets/Art Assets/Enviroment_Assets/House_Assets_up/Window_Passby_Transparent.png
  artifactKey: Guid(f9881927514388f4b9a3cd4f176cfc3f) Importer(815301076,1909f56bfc062723c751e8b465ee728b)
Start importing Assets/Art Assets/Enviroment_Assets/House_Assets_up/Window_Passby_Transparent.png using Guid(f9881927514388f4b9a3cd4f176cfc3f) Importer(815301076,1909f56bfc062723c751e8b465ee728b)  -> (artifact id: 'aa278e475ea23eff60dedeaa8279410a') in 0.002465 seconds
Number of updated asset objects reloaded before import = 0
Number of asset objects unloaded after import = 2
========================================================================
Received Import Request.
  Time since last request: 0.000016 seconds.
  path: Assets/Art Assets/Enviroment_Assets/House_Assets_up/Window_Passby_Curtain_02.png
  artifactKey: Guid(218fd3787d7192b45b43ef264b5cdff3) Importer(815301076,1909f56bfc062723c751e8b465ee728b)
Start importing Assets/Art Assets/Enviroment_Assets/House_Assets_up/Window_Passby_Curtain_02.png using Guid(218fd3787d7192b45b43ef264b5cdff3) Importer(815301076,1909f56bfc062723c751e8b465ee728b)  -> (artifact id: '20d4260d5ec13f4abafe75b45055e4f1') in 0.002043 seconds
Number of updated asset objects reloaded before import = 0
Number of asset objects unloaded after import = 2
========================================================================
Received Import Request.
  Time since last request: 10.410938 seconds.
  path: Assets/Art Assets/Enviroment_Assets/House_Assets_up/Book_02.png
  artifactKey: Guid(7d42f4e3f3347ca4c89d48c98b3a26b6) Importer(815301076,1909f56bfc062723c751e8b465ee728b)
Start importing Assets/Art Assets/Enviroment_Assets/House_Assets_up/Book_02.png using Guid(7d42f4e3f3347ca4c89d48c98b3a26b6) Importer(815301076,1909f56bfc062723c751e8b465ee728b)  -> (artifact id: 'f1128d44957c876ff74ce8744cd3b72e') in 0.001753 seconds
Number of updated asset objects reloaded before import = 0
Number of asset objects unloaded after import = 2
========================================================================
Received Import Request.
  Time since last request: 0.000013 seconds.
  path: Assets/Art Assets/Enviroment_Assets/House_Assets_up/Fireplace.png
  artifactKey: Guid(d03ec14e32c4e584a937c701bb48c975) Importer(815301076,1909f56bfc062723c751e8b465ee728b)
Start importing Assets/Art Assets/Enviroment_Assets/House_Assets_up/Fireplace.png using Guid(d03ec14e32c4e584a937c701bb48c975) Importer(815301076,1909f56bfc062723c751e8b465ee728b)  -> (artifact id: '93d23b8682066679b5bc3e7ba226ea73') in 0.001705 seconds
Number of updated asset objects reloaded before import = 0
Number of asset objects unloaded after import = 2
========================================================================
Received Import Request.
  Time since last request: 0.000018 seconds.
  path: Assets/Art Assets/Enviroment_Assets/House_Assets_up/Window_01.png
  artifactKey: Guid(bb19f5874db71de41bde02a484587097) Importer(815301076,1909f56bfc062723c751e8b465ee728b)
Start importing Assets/Art Assets/Enviroment_Assets/House_Assets_up/Window_01.png using Guid(bb19f5874db71de41bde02a484587097) Importer(815301076,1909f56bfc062723c751e8b465ee728b)  -> (artifact id: '165bd31c4e548124d2ea8aeda4337198') in 0.001439 seconds
Number of updated asset objects reloaded before import = 0
Number of asset objects unloaded after import = 2
========================================================================
Received Import Request.
  Time since last request: 0.000012 seconds.
  path: Assets/Art Assets/Enviroment_Assets/House_Assets_up/Couch_Chair_up.png
  artifactKey: Guid(ee59304182dcb3f4e91609bfd149269c) Importer(815301076,1909f56bfc062723c751e8b465ee728b)
Start importing Assets/Art Assets/Enviroment_Assets/House_Assets_up/Couch_Chair_up.png using Guid(ee59304182dcb3f4e91609bfd149269c) Importer(815301076,1909f56bfc062723c751e8b465ee728b)  -> (artifact id: '6e36af1fa776fda7d058c620b5a25bc1') in 0.001532 seconds
Number of updated asset objects reloaded before import = 0
Number of asset objects unloaded after import = 2
========================================================================
Received Import Request.
  Time since last request: 0.000015 seconds.
  path: Assets/Art Assets/Enviroment_Assets/House_Assets_up/Fireplace_Sludge.png
  artifactKey: Guid(80d2d68aa8e0f2a459dae4f52787919f) Importer(815301076,1909f56bfc062723c751e8b465ee728b)
Start importing Assets/Art Assets/Enviroment_Assets/House_Assets_up/Fireplace_Sludge.png using Guid(80d2d68aa8e0f2a459dae4f52787919f) Importer(815301076,1909f56bfc062723c751e8b465ee728b)  -> (artifact id: '34501528121a46cabdcd39a6dc1ecf6d') in 0.001854 seconds
Number of updated asset objects reloaded before import = 0
Number of asset objects unloaded after import = 2
========================================================================
Received Import Request.
  Time since last request: 0.000016 seconds.
  path: Assets/Art Assets/Enviroment_Assets/House_Assets_up/Bookshelf_01.png
  artifactKey: Guid(74862161f7d71484b8f5dbe867e44113) Importer(815301076,1909f56bfc062723c751e8b465ee728b)
Start importing Assets/Art Assets/Enviroment_Assets/House_Assets_up/Bookshelf_01.png using Guid(74862161f7d71484b8f5dbe867e44113) Importer(815301076,1909f56bfc062723c751e8b465ee728b)  -> (artifact id: '502eb14458ed82d17f48e38c90d92ed2') in 0.002089 seconds
Number of updated asset objects reloaded before import = 0
Number of asset objects unloaded after import = 2
========================================================================
Received Import Request.
  Time since last request: 0.000014 seconds.
  path: Assets/Art Assets/Enviroment_Assets/House_Assets_up/Couch_Chair_Sludged_up.png
  artifactKey: Guid(6084a1b4f3de11346ae07d666d2a4b43) Importer(815301076,1909f56bfc062723c751e8b465ee728b)
Start importing Assets/Art Assets/Enviroment_Assets/House_Assets_up/Couch_Chair_Sludged_up.png using Guid(6084a1b4f3de11346ae07d666d2a4b43) Importer(815301076,1909f56bfc062723c751e8b465ee728b)  -> (artifact id: '74bf49fdff5ce17120501dad4e244141') in 0.001791 seconds
Number of updated asset objects reloaded before import = 0
Number of asset objects unloaded after import = 2
========================================================================
Received Import Request.
  Time since last request: 0.000013 seconds.
  path: Assets/Art Assets/Enviroment_Assets/House_Assets_up/Bookshelf_04.png
  artifactKey: Guid(e3bcf76ac53d96b45970808e66985b4d) Importer(815301076,1909f56bfc062723c751e8b465ee728b)
Start importing Assets/Art Assets/Enviroment_Assets/House_Assets_up/Bookshelf_04.png using Guid(e3bcf76ac53d96b45970808e66985b4d) Importer(815301076,1909f56bfc062723c751e8b465ee728b)  -> (artifact id: '8aad3abcab54c25a72167565408e407f') in 0.001870 seconds
Number of updated asset objects reloaded before import = 0
Number of asset objects unloaded after import = 2
========================================================================
Received Import Request.
  Time since last request: 0.000013 seconds.
  path: Assets/Art Assets/Enviroment_Assets/House_Assets_up/Window_Curtain_02.png
  artifactKey: Guid(e9a7d94693cd00248a7653783f84e4bf) Importer(815301076,1909f56bfc062723c751e8b465ee728b)
Start importing Assets/Art Assets/Enviroment_Assets/House_Assets_up/Window_Curtain_02.png using Guid(e9a7d94693cd00248a7653783f84e4bf) Importer(815301076,1909f56bfc062723c751e8b465ee728b)  -> (artifact id: '96e2d9a9837803b6aa6aa4d471d7e40f') in 0.001915 seconds
Number of updated asset objects reloaded before import = 0
Number of asset objects unloaded after import = 2
========================================================================
Received Import Request.
  Time since last request: 0.000015 seconds.
  path: Assets/Art Assets/Enviroment_Assets/House_Assets_up/Large_Rug_02.png
  artifactKey: Guid(80aa4a3934942f442bd53a6a9cea7326) Importer(815301076,1909f56bfc062723c751e8b465ee728b)
Start importing Assets/Art Assets/Enviroment_Assets/House_Assets_up/Large_Rug_02.png using Guid(80aa4a3934942f442bd53a6a9cea7326) Importer(815301076,1909f56bfc062723c751e8b465ee728b)  -> (artifact id: 'b060d004d3453560ea6aa74329a1b026') in 0.001677 seconds
Number of updated asset objects reloaded before import = 0
Number of asset objects unloaded after import = 2
========================================================================
Received Import Request.
  Time since last request: 0.000012 seconds.
  path: Assets/Art Assets/Enviroment_Assets/House_Assets_up/House_Plant_Rotted.png
  artifactKey: Guid(2c651e6b16fdc3841b6dc9fb0131b875) Importer(815301076,1909f56bfc062723c751e8b465ee728b)
Start importing Assets/Art Assets/Enviroment_Assets/House_Assets_up/House_Plant_Rotted.png using Guid(2c651e6b16fdc3841b6dc9fb0131b875) Importer(815301076,1909f56bfc062723c751e8b465ee728b)  -> (artifact id: 'ce861277021db77ed87c6078b47b3890') in 0.001662 seconds
Number of updated asset objects reloaded before import = 0
Number of asset objects unloaded after import = 2
========================================================================
Received Import Request.
  Time since last request: 0.000014 seconds.
  path: Assets/Art Assets/Enviroment_Assets/House_Assets_up/Lamp_Short.png
  artifactKey: Guid(4c8c608cdbee0ee4c802bc1df281a64d) Importer(815301076,1909f56bfc062723c751e8b465ee728b)
Start importing Assets/Art Assets/Enviroment_Assets/House_Assets_up/Lamp_Short.png using Guid(4c8c608cdbee0ee4c802bc1df281a64d) Importer(815301076,1909f56bfc062723c751e8b465ee728b)  -> (artifact id: 'ea9809d5706ce61a6710c38fb8d6621e') in 0.001249 seconds
Number of updated asset objects reloaded before import = 0
Number of asset objects unloaded after import = 2
========================================================================
Received Import Request.
  Time since last request: 12.760936 seconds.
  path: Assets/Art Assets/Enviroment_Assets/House_Assets_up/Window_Curtain_Transparent.png
  artifactKey: Guid(f9089f08d78932846b73a6d80eae51db) Importer(815301076,1909f56bfc062723c751e8b465ee728b)
Start importing Assets/Art Assets/Enviroment_Assets/House_Assets_up/Window_Curtain_Transparent.png using Guid(f9089f08d78932846b73a6d80eae51db) Importer(815301076,1909f56bfc062723c751e8b465ee728b)  -> (artifact id: '924f270907835602899d3971a3bf39d3') in 0.001542 seconds
Number of updated asset objects reloaded before import = 0
Number of asset objects unloaded after import = 2
========================================================================
Received Import Request.
  Time since last request: 0.000015 seconds.
  path: Assets/Art Assets/Enviroment_Assets/House_Assets_up/Window_Passby_Curtain_Transparent.png
  artifactKey: Guid(f8d334f9bad2da446ab43292be66d7b9) Importer(815301076,1909f56bfc062723c751e8b465ee728b)
Start importing Assets/Art Assets/Enviroment_Assets/House_Assets_up/Window_Passby_Curtain_Transparent.png using Guid(f8d334f9bad2da446ab43292be66d7b9) Importer(815301076,1909f56bfc062723c751e8b465ee728b)  -> (artifact id: 'a51a98544bde7c886f563e2b316a1f49') in 0.001556 seconds
Number of updated asset objects reloaded before import = 0
Number of asset objects unloaded after import = 2
========================================================================
Received Import Request.
  Time since last request: 0.000014 seconds.
  path: Assets/Art Assets/Enviroment_Assets/House_Assets_up/Window_Passby_Curtain_01.png
  artifactKey: Guid(9456b3cb3e07d694fbf4a279c854f8b2) Importer(815301076,1909f56bfc062723c751e8b465ee728b)
Start importing Assets/Art Assets/Enviroment_Assets/House_Assets_up/Window_Passby_Curtain_01.png using Guid(9456b3cb3e07d694fbf4a279c854f8b2) Importer(815301076,1909f56bfc062723c751e8b465ee728b)  -> (artifact id: '35e37513b4651592df391b965543150d') in 0.001986 seconds
Number of updated asset objects reloaded before import = 0
Number of asset objects unloaded after import = 2
========================================================================
Received Import Request.
  Time since last request: 2412.076179 seconds.
  path: Assets/Art Assets/Enviroment_Assets/Barn_Assets/Upscaled/Hay_Pile_02_up.png
  artifactKey: Guid(41d28f0adb6fad1409d2440a23c74276) Importer(815301076,1909f56bfc062723c751e8b465ee728b)
Start importing Assets/Art Assets/Enviroment_Assets/Barn_Assets/Upscaled/Hay_Pile_02_up.png using Guid(41d28f0adb6fad1409d2440a23c74276) Importer(815301076,1909f56bfc062723c751e8b465ee728b)  -> (artifact id: '32bcc1a9f9a71d80ed5691bc360131bd') in 0.006469 seconds
Number of updated asset objects reloaded before import = 0
Number of asset objects unloaded after import = 2
========================================================================
Received Import Request.
  Time since last request: 0.000031 seconds.
  path: Assets/Art Assets/Enviroment_Assets/Barn_Assets/Upscaled/Hay_Pile_Flaming_03.png
  artifactKey: Guid(9b8d568fd96d8c24f85f474d0c71f48b) Importer(815301076,1909f56bfc062723c751e8b465ee728b)
Start importing Assets/Art Assets/Enviroment_Assets/Barn_Assets/Upscaled/Hay_Pile_Flaming_03.png using Guid(9b8d568fd96d8c24f85f474d0c71f48b) Importer(815301076,1909f56bfc062723c751e8b465ee728b)  -> (artifact id: '5e08205aaa9084f5a46b6e211415b951') in 0.002567 seconds
Number of updated asset objects reloaded before import = 0
Number of asset objects unloaded after import = 2
========================================================================
Received Import Request.
  Time since last request: 0.000015 seconds.
  path: Assets/Art Assets/Enviroment_Assets/Barn_Assets/Upscaled/Hay_Pile_Sludged_03.png
  artifactKey: Guid(0ecbdd78a6c8bc04ab47de6c4619cdd0) Importer(815301076,1909f56bfc062723c751e8b465ee728b)
Start importing Assets/Art Assets/Enviroment_Assets/Barn_Assets/Upscaled/Hay_Pile_Sludged_03.png using Guid(0ecbdd78a6c8bc04ab47de6c4619cdd0) Importer(815301076,1909f56bfc062723c751e8b465ee728b)  -> (artifact id: '534f1370284015ab7da5589c9c11a408') in 0.001664 seconds
Number of updated asset objects reloaded before import = 0
Number of asset objects unloaded after import = 2
========================================================================
Received Import Request.
  Time since last request: 0.000047 seconds.
  path: Assets/Art Assets/Enviroment_Assets/Barn_Assets/Upscaled/Hay_Pile_Sludged_02.png
  artifactKey: Guid(8ff82cd17d562de4e81c2a948623b597) Importer(815301076,1909f56bfc062723c751e8b465ee728b)
Start importing Assets/Art Assets/Enviroment_Assets/Barn_Assets/Upscaled/Hay_Pile_Sludged_02.png using Guid(8ff82cd17d562de4e81c2a948623b597) Importer(815301076,1909f56bfc062723c751e8b465ee728b)  -> (artifact id: 'd096fc198e3c56f1e214a6fe8ccd17fd') in 0.002247 seconds
Number of updated asset objects reloaded before import = 0
Number of asset objects unloaded after import = 2
========================================================================
Received Import Request.
  Time since last request: 0.000013 seconds.
  path: Assets/Art Assets/Enviroment_Assets/Barn_Assets/Upscaled/Hay_Pile_Flaming_02.png
  artifactKey: Guid(dee46d36ff899144c8a114c659e918e2) Importer(815301076,1909f56bfc062723c751e8b465ee728b)
Start importing Assets/Art Assets/Enviroment_Assets/Barn_Assets/Upscaled/Hay_Pile_Flaming_02.png using Guid(dee46d36ff899144c8a114c659e918e2) Importer(815301076,1909f56bfc062723c751e8b465ee728b)  -> (artifact id: 'e0a67d4f9328f5440569f928dc2f4d86') in 0.002419 seconds
Number of updated asset objects reloaded before import = 0
Number of asset objects unloaded after import = 2
Editor requested this worker to shutdown with reason: Scaling down because of idle timeout
TcpMessagingSession - receive error: operation aborted. errorcode: 995, details: The I/O operation has been aborted because of either a thread exit or an application request.
AssetImportWorker is now disconnected from the server
Process exiting
Exiting without the bug reporter. Application will terminate with return code 0