Using pre-set license
Built from '2022.3/release' branch; Version is '2022.3.5f1 (9674261d40ee) revision 9860134'; Using compiler version '192829333'; Build Type 'Release'
OS: 'Windows 10  (10.0.19045) 64bit Professional' Language: 'en' Physical Memory: 16310 MB
BatchMode: 1, IsHumanControllingUs: 0, StartBugReporterOnCrash: 0, Is64bit: 1, IsPro: 1

COMMAND LINE ARGUMENTS:
C:\Program Files\Unity 2022.3.5f1\Editor\Unity.exe
-adb2
-batchMode
-noUpm
-name
AssetImportWorker0
-projectPath
D:/SGD212/Team1-Proj1/Team1-Proj1-HorrorGame/Team1-Proj1-HorrorGame
-logFile
Logs/AssetImportWorker0.log
-srvPort
55053
Successfully changed project path to: D:/SGD212/Team1-Proj1/Team1-Proj1-HorrorGame/Team1-Proj1-HorrorGame
D:/SGD212/Team1-Proj1/Team1-Proj1-HorrorGame/Team1-Proj1-HorrorGame
[UnityMemory] Configuration Parameters - Can be set up in boot.config
    "memorysetup-bucket-allocator-granularity=16"
    "memorysetup-bucket-allocator-bucket-count=8"
    "memorysetup-bucket-allocator-block-size=33554432"
    "memorysetup-bucket-allocator-block-count=8"
    "memorysetup-main-allocator-block-size=16777216"
    "memorysetup-thread-allocator-block-size=16777216"
    "memorysetup-gfx-main-allocator-block-size=16777216"
    "memorysetup-gfx-thread-allocator-block-size=16777216"
    "memorysetup-cache-allocator-block-size=4194304"
    "memorysetup-typetree-allocator-block-size=2097152"
    "memorysetup-profiler-bucket-allocator-granularity=16"
    "memorysetup-profiler-bucket-allocator-bucket-count=8"
    "memorysetup-profiler-bucket-allocator-block-size=33554432"
    "memorysetup-profiler-bucket-allocator-block-count=8"
    "memorysetup-profiler-allocator-block-size=16777216"
    "memorysetup-profiler-editor-allocator-block-size=1048576"
    "memorysetup-temp-allocator-size-main=16777216"
    "memorysetup-job-temp-allocator-block-size=2097152"
    "memorysetup-job-temp-allocator-block-size-background=1048576"
    "memorysetup-job-temp-allocator-reduction-small-platforms=262144"
    "memorysetup-allocator-temp-initial-block-size-main=262144"
    "memorysetup-allocator-temp-initial-block-size-worker=262144"
    "memorysetup-temp-allocator-size-background-worker=32768"
    "memorysetup-temp-allocator-size-job-worker=262144"
    "memorysetup-temp-allocator-size-preload-manager=33554432"
    "memorysetup-temp-allocator-size-nav-mesh-worker=65536"
    "memorysetup-temp-allocator-size-audio-worker=65536"
    "memorysetup-temp-allocator-size-cloud-worker=32768"
    "memorysetup-temp-allocator-size-gi-baking-worker=262144"
    "memorysetup-temp-allocator-size-gfx=262144"
Player connection [32588] Host "[IP] 192.168.68.114 [Port] 0 [Flags] 2 [Guid] 417139358 [EditorId] 417139358 [Version] 1048832 [Id] WindowsEditor(7,thebigboy) [Debug] 1 [PackageName] WindowsEditor [ProjectName] Editor" joined multi-casting on [225.0.0.222:54997]...

Player connection [32588] Host "[IP] 192.168.68.114 [Port] 0 [Flags] 2 [Guid] 417139358 [EditorId] 417139358 [Version] 1048832 [Id] WindowsEditor(7,thebigboy) [Debug] 1 [PackageName] WindowsEditor [ProjectName] Editor" joined alternative multi-casting on [225.0.0.222:34997]...

Refreshing native plugins compatible for Editor in 9.04 ms, found 4 plugins.
Preloading 0 native plugins for Editor in 0.00 ms.
Initialize engine version: 2022.3.5f1 (9674261d40ee)
[Subsystems] Discovering subsystems at path C:/Program Files/Unity 2022.3.5f1/Editor/Data/Resources/UnitySubsystems
[Subsystems] Discovering subsystems at path D:/SGD212/Team1-Proj1/Team1-Proj1-HorrorGame/Team1-Proj1-HorrorGame/Assets
GfxDevice: creating device client; threaded=0; jobified=0
Direct3D:
    Version:  Direct3D 11.0 [level 11.1]
    Renderer: NVIDIA GeForce GTX 1050 Ti (ID=0x1c82)
    Vendor:   NVIDIA
    VRAM:     4017 MB
    Driver:   31.0.15.3623
Initialize mono
Mono path[0] = 'C:/Program Files/Unity 2022.3.5f1/Editor/Data/Managed'
Mono path[1] = 'C:/Program Files/Unity 2022.3.5f1/Editor/Data/MonoBleedingEdge/lib/mono/unityjit-win32'
Mono config path = 'C:/Program Files/Unity 2022.3.5f1/Editor/Data/MonoBleedingEdge/etc'
Using monoOptions --debugger-agent=transport=dt_socket,embedding=1,server=y,suspend=n,address=127.0.0.1:56440
Begin MonoManager ReloadAssembly
Registering precompiled unity dll's ...
Register platform support module: C:/Program Files/Unity 2022.3.5f1/Editor/Data/PlaybackEngines/WindowsStandaloneSupport/UnityEditor.WindowsStandalone.Extensions.dll
Registered in 0.009564 seconds.
- Loaded All Assemblies, in  0.377 seconds
Native extension for WindowsStandalone target not found
Mono: successfully reloaded assembly
- Finished resetting the current domain, in  0.268 seconds
Domain Reload Profiling: 643ms
	BeginReloadAssembly (100ms)
		ExecutionOrderSort (0ms)
		DisableScriptedObjects (0ms)
		BackupInstance (0ms)
		ReleaseScriptingObjects (0ms)
		CreateAndSetChildDomain (1ms)
	RebuildCommonClasses (38ms)
	RebuildNativeTypeToScriptingClass (11ms)
	initialDomainReloadingComplete (68ms)
	LoadAllAssembliesAndSetupDomain (156ms)
		LoadAssemblies (96ms)
		RebuildTransferFunctionScriptingTraits (0ms)
		AnalyzeDomain (148ms)
			TypeCache.Refresh (147ms)
				TypeCache.ScanAssembly (134ms)
			ScanForSourceGeneratedMonoScriptInfo (0ms)
			ResolveRequiredComponents (1ms)
	FinalizeReload (269ms)
		ReleaseScriptCaches (0ms)
		RebuildScriptCaches (0ms)
		SetupLoadedEditorAssemblies (209ms)
			LogAssemblyErrors (0ms)
			InitializePlatformSupportModulesInManaged (11ms)
			SetLoadedEditorAssemblies (8ms)
			RefreshPlugins (0ms)
			BeforeProcessingInitializeOnLoad (2ms)
			ProcessInitializeOnLoadAttributes (141ms)
			ProcessInitializeOnLoadMethodAttributes (48ms)
			AfterProcessingInitializeOnLoad (0ms)
			EditorAssembliesLoaded (0ms)
		ExecutionOrderSort2 (0ms)
		AwakeInstancesAfterBackupRestoration (0ms)
========================================================================
Worker process is ready to serve import requests
Begin MonoManager ReloadAssembly
Symbol file LoadedFromMemory doesn't match image D:\SGD212\Team1-Proj1\Team1-Proj1-HorrorGame\Team1-Proj1-HorrorGame\Library\PackageCache\com.unity.visualscripting@1.8.0\Editor\VisualScripting.Core\Dependencies\YamlDotNet\Unity.VisualScripting.YamlDotNet.dll
Symbol file LoadedFromMemory doesn't match image D:\SGD212\Team1-Proj1\Team1-Proj1-HorrorGame\Team1-Proj1-HorrorGame\Library\PackageCache\com.unity.visualscripting@1.8.0\Editor\VisualScripting.Core\Dependencies\DotNetZip\Unity.VisualScripting.IonicZip.dll
- Loaded All Assemblies, in  0.941 seconds
Refreshing native plugins compatible for Editor in 4.58 ms, found 4 plugins.
Native extension for WindowsStandalone target not found
Mono: successfully reloaded assembly
- Finished resetting the current domain, in  0.764 seconds
Domain Reload Profiling: 1698ms
	BeginReloadAssembly (140ms)
		ExecutionOrderSort (0ms)
		DisableScriptedObjects (5ms)
		BackupInstance (0ms)
		ReleaseScriptingObjects (0ms)
		CreateAndSetChildDomain (24ms)
	RebuildCommonClasses (38ms)
	RebuildNativeTypeToScriptingClass (12ms)
	initialDomainReloadingComplete (47ms)
	LoadAllAssembliesAndSetupDomain (697ms)
		LoadAssemblies (395ms)
		RebuildTransferFunctionScriptingTraits (0ms)
		AnalyzeDomain (363ms)
			TypeCache.Refresh (320ms)
				TypeCache.ScanAssembly (306ms)
			ScanForSourceGeneratedMonoScriptInfo (33ms)
			ResolveRequiredComponents (10ms)
	FinalizeReload (764ms)
		ReleaseScriptCaches (0ms)
		RebuildScriptCaches (0ms)
		SetupLoadedEditorAssemblies (572ms)
			LogAssemblyErrors (0ms)
			InitializePlatformSupportModulesInManaged (6ms)
			SetLoadedEditorAssemblies (14ms)
			RefreshPlugins (0ms)
			BeforeProcessingInitializeOnLoad (127ms)
			ProcessInitializeOnLoadAttributes (327ms)
			ProcessInitializeOnLoadMethodAttributes (88ms)
			AfterProcessingInitializeOnLoad (9ms)
			EditorAssembliesLoaded (0ms)
		ExecutionOrderSort2 (0ms)
		AwakeInstancesAfterBackupRestoration (7ms)
Launched and connected shader compiler UnityShaderCompiler.exe after 0.05 seconds
Refreshing native plugins compatible for Editor in 4.91 ms, found 4 plugins.
Preloading 0 native plugins for Editor in 0.00 ms.
Unloading 5875 Unused Serialized files (Serialized files now loaded: 0)
Unloading 97 unused Assets / (421.6 KB). Loaded Objects now: 6337.
Memory consumption went from 225.4 MB to 224.9 MB.
Total: 5.004900 ms (FindLiveObjects: 0.878500 ms CreateObjectMapping: 0.219600 ms MarkObjects: 3.504800 ms  DeleteObjects: 0.400200 ms)

AssetImportParameters requested are different than current active one (requested -> active):
  custom:container-demuxer-ogg: 62fdf1f143b41e24485cea50d1cbac27 -> 
  custom:video-decoder-ogg-theora: a1e56fd34408186e4bbccfd4996cb3dc -> 
  custom:framework-win-MediaFoundation: 216162199b28c13a410421893ffa2e32 -> 
  custom:container-demuxer-webm: 4f35f7cbe854078d1ac9338744f61a02 -> 
  custom:container-muxer-webm: aa71ff27fc2769a1b78a27578f13a17b -> 
  custom:video-decoder-webm-vp8: 9c59270c3fd7afecdb556c50c9e8de78 -> 
  custom:AudioImporter_EditorPlatform: d09bf68614088b80899f8185d706f6e7 -> 
  custom:video-encoder-webm-vp8: eb34c28f22e8b96e1ab97ce403110664 -> 
  custom:audio-decoder-ogg-vorbis: bf7c407c2cedff20999df2af8eb42d56 -> 
  custom:audio-encoder-webm-vorbis: bf7c407c2cedff20999df2af8eb42d56 -> 
========================================================================
Received Import Request.
  Time since last request: 813751.644297 seconds.
  path: Assets/Scenes/Level 2.unity
  artifactKey: Guid(12032c190ff837b4e85e08de1996323c) Importer(815301076,1909f56bfc062723c751e8b465ee728b)
Start importing Assets/Scenes/Level 2.unity using Guid(12032c190ff837b4e85e08de1996323c) Importer(815301076,1909f56bfc062723c751e8b465ee728b)  -> (artifact id: '9c5a0cb713641e95a908f65c6ef14276') in 0.003203 seconds
Number of updated asset objects reloaded before import = 0
Number of asset objects unloaded after import = 0
========================================================================
Received Import Request.
  Time since last request: 109.619581 seconds.
  path: Assets/Scripts
  artifactKey: Guid(5604db73293330149a60e4bc310e1ba5) Importer(815301076,1909f56bfc062723c751e8b465ee728b)
Start importing Assets/Scripts using Guid(5604db73293330149a60e4bc310e1ba5) Importer(815301076,1909f56bfc062723c751e8b465ee728b)  -> (artifact id: 'c61b8691a9f446722f99a227a48952b5') in 0.000521 seconds
Number of updated asset objects reloaded before import = 0
Number of asset objects unloaded after import = 0
========================================================================
Received Import Request.
  Time since last request: 16.769583 seconds.
  path: Assets/Scripts/Other
  artifactKey: Guid(c519133e96342184e898dc81e95ebb82) Importer(815301076,1909f56bfc062723c751e8b465ee728b)
Start importing Assets/Scripts/Other using Guid(c519133e96342184e898dc81e95ebb82) Importer(815301076,1909f56bfc062723c751e8b465ee728b)  -> (artifact id: '44268f0e3103cc36570c99c3213cf82b') in 0.000530 seconds
Number of updated asset objects reloaded before import = 0
Number of asset objects unloaded after import = 0
========================================================================
Received Import Request.
  Time since last request: 2.060032 seconds.
  path: Assets/Scripts/Other/Outline.cs
  artifactKey: Guid(a4f0bff2b8ae2d942ab9a5aa28a994ba) Importer(815301076,1909f56bfc062723c751e8b465ee728b)
Start importing Assets/Scripts/Other/Outline.cs using Guid(a4f0bff2b8ae2d942ab9a5aa28a994ba) Importer(815301076,1909f56bfc062723c751e8b465ee728b)  -> (artifact id: '20f064417dc2253ab19c18c35f9e8772') in 0.000473 seconds
Number of updated asset objects reloaded before import = 0
Number of asset objects unloaded after import = 0
========================================================================
Received Prepare
Refreshing native plugins compatible for Editor in 5.75 ms, found 4 plugins.
Preloading 0 native plugins for Editor in 0.00 ms.
Unloading 4 Unused Serialized files (Serialized files now loaded: 0)
Unloading 3 unused Assets / (366.3 KB). Loaded Objects now: 6338.
Memory consumption went from 107.0 MB to 106.6 MB.
Total: 4.712900 ms (FindLiveObjects: 0.574900 ms CreateObjectMapping: 0.165500 ms MarkObjects: 3.858100 ms  DeleteObjects: 0.113000 ms)

Prepare: number of updated asset objects reloaded= 0
AssetImportParameters requested are different than current active one (requested -> active):
  custom:container-demuxer-ogg: 62fdf1f143b41e24485cea50d1cbac27 -> 
  custom:video-decoder-ogg-theora: a1e56fd34408186e4bbccfd4996cb3dc -> 
  custom:framework-win-MediaFoundation: 216162199b28c13a410421893ffa2e32 -> 
  custom:CustomObjectIndexerAttribute: a3ef5dd2817f97addfee359851a9dba5 -> 
  custom:container-demuxer-webm: 4f35f7cbe854078d1ac9338744f61a02 -> 
  custom:container-muxer-webm: aa71ff27fc2769a1b78a27578f13a17b -> 
  custom:video-decoder-webm-vp8: 9c59270c3fd7afecdb556c50c9e8de78 -> 
  custom:AudioImporter_EditorPlatform: d09bf68614088b80899f8185d706f6e7 -> 
  custom:video-encoder-webm-vp8: eb34c28f22e8b96e1ab97ce403110664 -> 
  custom:audio-decoder-ogg-vorbis: bf7c407c2cedff20999df2af8eb42d56 -> 
  custom:audio-encoder-webm-vorbis: bf7c407c2cedff20999df2af8eb42d56 -> 
========================================================================
Received Import Request.
  Time since last request: 1.383484 seconds.
  path: Assets/Scripts/Other/Outline1.cs
  artifactKey: Guid(84cd10fe8408fec48bd5817c700a9a13) Importer(815301076,1909f56bfc062723c751e8b465ee728b)
Start importing Assets/Scripts/Other/Outline1.cs using Guid(84cd10fe8408fec48bd5817c700a9a13) Importer(815301076,1909f56bfc062723c751e8b465ee728b)  -> (artifact id: 'aef6581c5a6603c8ac63a93411ab5556') in 0.006845 seconds
Number of updated asset objects reloaded before import = 0
Number of asset objects unloaded after import = 0
========================================================================
Received Import Request.
  Time since last request: 6.338485 seconds.
  path: Assets/Scripts/Other/StringLights.cs
  artifactKey: Guid(84cd10fe8408fec48bd5817c700a9a13) Importer(815301076,1909f56bfc062723c751e8b465ee728b)
Start importing Assets/Scripts/Other/StringLights.cs using Guid(84cd10fe8408fec48bd5817c700a9a13) Importer(815301076,1909f56bfc062723c751e8b465ee728b)  -> (artifact id: '70002efe395a35e8e68a8c324e4ef065') in 0.000503 seconds
Number of updated asset objects reloaded before import = 0
Number of asset objects unloaded after import = 0
========================================================================
Received Prepare
Begin MonoManager ReloadAssembly
Symbol file LoadedFromMemory doesn't match image D:\SGD212\Team1-Proj1\Team1-Proj1-HorrorGame\Team1-Proj1-HorrorGame\Library\PackageCache\com.unity.visualscripting@1.8.0\Editor\VisualScripting.Core\Dependencies\YamlDotNet\Unity.VisualScripting.YamlDotNet.dll
Symbol file LoadedFromMemory doesn't match image D:\SGD212\Team1-Proj1\Team1-Proj1-HorrorGame\Team1-Proj1-HorrorGame\Library\PackageCache\com.unity.visualscripting@1.8.0\Editor\VisualScripting.Core\Dependencies\DotNetZip\Unity.VisualScripting.IonicZip.dll
- Loaded All Assemblies, in  0.842 seconds
Refreshing native plugins compatible for Editor in 6.33 ms, found 4 plugins.
Native extension for WindowsStandalone target not found
Mono: successfully reloaded assembly
- Finished resetting the current domain, in  1.156 seconds
Domain Reload Profiling: 1991ms
	BeginReloadAssembly (159ms)
		ExecutionOrderSort (0ms)
		DisableScriptedObjects (10ms)
		BackupInstance (0ms)
		ReleaseScriptingObjects (0ms)
		CreateAndSetChildDomain (44ms)
	RebuildCommonClasses (36ms)
	RebuildNativeTypeToScriptingClass (12ms)
	initialDomainReloadingComplete (32ms)
	LoadAllAssembliesAndSetupDomain (595ms)
		LoadAssemblies (354ms)
		RebuildTransferFunctionScriptingTraits (0ms)
		AnalyzeDomain (298ms)
			TypeCache.Refresh (280ms)
				TypeCache.ScanAssembly (267ms)
			ScanForSourceGeneratedMonoScriptInfo (6ms)
			ResolveRequiredComponents (12ms)
	FinalizeReload (1156ms)
		ReleaseScriptCaches (0ms)
		RebuildScriptCaches (0ms)
		SetupLoadedEditorAssemblies (472ms)
			LogAssemblyErrors (0ms)
			InitializePlatformSupportModulesInManaged (5ms)
			SetLoadedEditorAssemblies (5ms)
			RefreshPlugins (0ms)
			BeforeProcessingInitializeOnLoad (133ms)
			ProcessInitializeOnLoadAttributes (255ms)
			ProcessInitializeOnLoadMethodAttributes (65ms)
			AfterProcessingInitializeOnLoad (8ms)
			EditorAssembliesLoaded (0ms)
		ExecutionOrderSort2 (0ms)
		AwakeInstancesAfterBackupRestoration (12ms)
Refreshing native plugins compatible for Editor in 4.16 ms, found 4 plugins.
Preloading 0 native plugins for Editor in 0.00 ms.
Unloading 5709 Unused Serialized files (Serialized files now loaded: 0)
Unloading 48 unused Assets / (391.5 KB). Loaded Objects now: 6356.
Memory consumption went from 195.5 MB to 195.1 MB.
Total: 3.526800 ms (FindLiveObjects: 0.525700 ms CreateObjectMapping: 0.159900 ms MarkObjects: 2.702800 ms  DeleteObjects: 0.137300 ms)

Prepare: number of updated asset objects reloaded= 0
AssetImportParameters requested are different than current active one (requested -> active):
  custom:container-demuxer-ogg: 62fdf1f143b41e24485cea50d1cbac27 -> 
  custom:video-decoder-ogg-theora: a1e56fd34408186e4bbccfd4996cb3dc -> 
  custom:framework-win-MediaFoundation: 216162199b28c13a410421893ffa2e32 -> 
  custom:CustomObjectIndexerAttribute: a3ef5dd2817f97addfee359851a9dba5 -> 
  custom:container-demuxer-webm: 4f35f7cbe854078d1ac9338744f61a02 -> 
  custom:container-muxer-webm: aa71ff27fc2769a1b78a27578f13a17b -> 
  custom:video-decoder-webm-vp8: 9c59270c3fd7afecdb556c50c9e8de78 -> 
  custom:AudioImporter_EditorPlatform: d09bf68614088b80899f8185d706f6e7 -> 
  custom:video-encoder-webm-vp8: eb34c28f22e8b96e1ab97ce403110664 -> 
  custom:audio-decoder-ogg-vorbis: bf7c407c2cedff20999df2af8eb42d56 -> 
  custom:audio-encoder-webm-vorbis: bf7c407c2cedff20999df2af8eb42d56 -> 
========================================================================
Received Import Request.
  Time since last request: 223.307988 seconds.
  path: Assets/Art Assets/Items/16bottleactually.png
  artifactKey: Guid(2ee4ce71769656047874cdc7677f7b41) Importer(815301076,1909f56bfc062723c751e8b465ee728b)
Start importing Assets/Art Assets/Items/16bottleactually.png using Guid(2ee4ce71769656047874cdc7677f7b41) Importer(815301076,1909f56bfc062723c751e8b465ee728b)  -> (artifact id: 'b211ed1db1173c4f95352d1b8935dd3f') in 0.026691 seconds
Number of updated asset objects reloaded before import = 0
Number of asset objects unloaded after import = 2
========================================================================
Received Import Request.
  Time since last request: 0.000029 seconds.
  path: Assets/Art Assets/Enviroment_Assets/House_Assets_up/Bed.png
  artifactKey: Guid(7a010f1e5cd33ab4aa77a09dc272a549) Importer(815301076,1909f56bfc062723c751e8b465ee728b)
Start importing Assets/Art Assets/Enviroment_Assets/House_Assets_up/Bed.png using Guid(7a010f1e5cd33ab4aa77a09dc272a549) Importer(815301076,1909f56bfc062723c751e8b465ee728b)  -> (artifact id: '4529b107c8fcb11f1533ff23dcbca7d1') in 0.002776 seconds
Number of updated asset objects reloaded before import = 0
Number of asset objects unloaded after import = 2
========================================================================
Received Import Request.
  Time since last request: 0.000015 seconds.
  path: Assets/Art Assets/Floor tiles/Corn/Baby_Corn_Wilted_01_up.png
  artifactKey: Guid(10f9ba98c63a39445bdb44910756febe) Importer(815301076,1909f56bfc062723c751e8b465ee728b)
Start importing Assets/Art Assets/Floor tiles/Corn/Baby_Corn_Wilted_01_up.png using Guid(10f9ba98c63a39445bdb44910756febe) Importer(815301076,1909f56bfc062723c751e8b465ee728b)  -> (artifact id: '4745b6e632e9393b6652d27d75e55dd6') in 0.002651 seconds
Number of updated asset objects reloaded before import = 0
Number of asset objects unloaded after import = 2
========================================================================
Received Import Request.
  Time since last request: 0.000025 seconds.
  path: Assets/Art Assets/Enviroment_Assets/House_Assets_up/Book_01.png
  artifactKey: Guid(f4c8e18e6f1d322489a93e2ab43c7ecb) Importer(815301076,1909f56bfc062723c751e8b465ee728b)
Start importing Assets/Art Assets/Enviroment_Assets/House_Assets_up/Book_01.png using Guid(f4c8e18e6f1d322489a93e2ab43c7ecb) Importer(815301076,1909f56bfc062723c751e8b465ee728b)  -> (artifact id: 'dc3d2f48f1a4fe21cf81ab5de368a54a') in 0.002250 seconds
Number of updated asset objects reloaded before import = 0
Number of asset objects unloaded after import = 2
========================================================================
Received Import Request.
  Time since last request: 0.000019 seconds.
  path: Assets/Art Assets/Floor tiles/Corn/Baby_Corn_01_up.png
  artifactKey: Guid(af76d3c5ae0d6ba41bf439373e37ab97) Importer(815301076,1909f56bfc062723c751e8b465ee728b)
Start importing Assets/Art Assets/Floor tiles/Corn/Baby_Corn_01_up.png using Guid(af76d3c5ae0d6ba41bf439373e37ab97) Importer(815301076,1909f56bfc062723c751e8b465ee728b)  -> (artifact id: '6119e6ca47beeab7ec3bb55050a67d71') in 0.001317 seconds
Number of updated asset objects reloaded before import = 0
Number of asset objects unloaded after import = 2
========================================================================
Received Import Request.
  Time since last request: 0.000015 seconds.
  path: Assets/Art Assets/Enviroment_Assets/House_Assets_up/Book_03.png
  artifactKey: Guid(56816626891e8ab4aafc8a5a375bf595) Importer(815301076,1909f56bfc062723c751e8b465ee728b)
Start importing Assets/Art Assets/Enviroment_Assets/House_Assets_up/Book_03.png using Guid(56816626891e8ab4aafc8a5a375bf595) Importer(815301076,1909f56bfc062723c751e8b465ee728b)  -> (artifact id: '94e52152ea9278ba772edcd66334e836') in 0.001401 seconds
Number of updated asset objects reloaded before import = 0
Number of asset objects unloaded after import = 2
========================================================================
Received Import Request.
  Time since last request: 0.000012 seconds.
  path: Assets/Art Assets/Enviroment_Assets/barntile.png
  artifactKey: Guid(047308a903fad8b4691c0b69e64c2776) Importer(815301076,1909f56bfc062723c751e8b465ee728b)
Start importing Assets/Art Assets/Enviroment_Assets/barntile.png using Guid(047308a903fad8b4691c0b69e64c2776) Importer(815301076,1909f56bfc062723c751e8b465ee728b)  -> (artifact id: 'e585366eca4a9051206c953bc3308055') in 0.001381 seconds
Number of updated asset objects reloaded before import = 0
Number of asset objects unloaded after import = 2
========================================================================
Received Import Request.
  Time since last request: 0.000020 seconds.
  path: Assets/Art Assets/Enviroment_Assets/House_Assets_up/Book_02.png
  artifactKey: Guid(7d42f4e3f3347ca4c89d48c98b3a26b6) Importer(815301076,1909f56bfc062723c751e8b465ee728b)
Start importing Assets/Art Assets/Enviroment_Assets/House_Assets_up/Book_02.png using Guid(7d42f4e3f3347ca4c89d48c98b3a26b6) Importer(815301076,1909f56bfc062723c751e8b465ee728b)  -> (artifact id: 'f1128d44957c876ff74ce8744cd3b72e') in 0.001573 seconds
Number of updated asset objects reloaded before import = 0
Number of asset objects unloaded after import = 2
========================================================================
Received Import Request.
  Time since last request: 3.229760 seconds.
  path: Assets/Art Assets/Enviroment_Assets/String Lights Poles and Wires/Upscaled/String_Light_Vert_L_White.png
  artifactKey: Guid(02dc47e7ed279b748b3f001b4983a915) Importer(815301076,1909f56bfc062723c751e8b465ee728b)
Start importing Assets/Art Assets/Enviroment_Assets/String Lights Poles and Wires/Upscaled/String_Light_Vert_L_White.png using Guid(02dc47e7ed279b748b3f001b4983a915) Importer(815301076,1909f56bfc062723c751e8b465ee728b)  -> (artifact id: '3bd7bc0044fb95ee2780e8c44ba0cf0e') in 0.001515 seconds
Number of updated asset objects reloaded before import = 0
Number of asset objects unloaded after import = 2
========================================================================
Received Import Request.
  Time since last request: 0.000012 seconds.
  path: Assets/Art Assets/Enviroment_Assets/String Lights Poles and Wires/Original/String_Light_White.png
  artifactKey: Guid(eade9bf20a9867d44883ae5924984786) Importer(815301076,1909f56bfc062723c751e8b465ee728b)
Start importing Assets/Art Assets/Enviroment_Assets/String Lights Poles and Wires/Original/String_Light_White.png using Guid(eade9bf20a9867d44883ae5924984786) Importer(815301076,1909f56bfc062723c751e8b465ee728b)  -> (artifact id: '7a5bc726b9836f923f0165321aaf3a0a') in 0.001577 seconds
Number of updated asset objects reloaded before import = 0
Number of asset objects unloaded after import = 2
========================================================================
Received Import Request.
  Time since last request: 0.000032 seconds.
  path: Assets/Art Assets/UIHeart2.1white.png
  artifactKey: Guid(40bf88d012fc73844a73886b62a8f355) Importer(815301076,1909f56bfc062723c751e8b465ee728b)
Start importing Assets/Art Assets/UIHeart2.1white.png using Guid(40bf88d012fc73844a73886b62a8f355) Importer(815301076,1909f56bfc062723c751e8b465ee728b)  -> (artifact id: 'c4bc1f6f44af7964c7b869e390765fca') in 0.001469 seconds
Number of updated asset objects reloaded before import = 0
Number of asset objects unloaded after import = 2
========================================================================
Received Import Request.
  Time since last request: 253.498222 seconds.
  path: Assets/Art Assets/Enviroment_Assets/String Lights Poles and Wires/Upscaled/String_Light_Vert_R_01.png
  artifactKey: Guid(3e1bc0404c7938d49b396c479b10d13a) Importer(815301076,1909f56bfc062723c751e8b465ee728b)
Start importing Assets/Art Assets/Enviroment_Assets/String Lights Poles and Wires/Upscaled/String_Light_Vert_R_01.png using Guid(3e1bc0404c7938d49b396c479b10d13a) Importer(815301076,1909f56bfc062723c751e8b465ee728b)  -> (artifact id: '3a7b82b77fd1ac74853360a48b2ebbec') in 0.001428 seconds
Number of updated asset objects reloaded before import = 0
Number of asset objects unloaded after import = 2
========================================================================
Received Import Request.
  Time since last request: 0.009718 seconds.
  path: Assets/Art Assets/Enviroment_Assets/String Lights Poles and Wires/Upscaled/String_Light_Vert_R_Wire.png
  artifactKey: Guid(6f0720a48702c724ea0a0efb1c42f971) Importer(815301076,1909f56bfc062723c751e8b465ee728b)
Start importing Assets/Art Assets/Enviroment_Assets/String Lights Poles and Wires/Upscaled/String_Light_Vert_R_Wire.png using Guid(6f0720a48702c724ea0a0efb1c42f971) Importer(815301076,1909f56bfc062723c751e8b465ee728b)  -> (artifact id: 'a6285e884d68e73a329f5d368df8f907') in 0.003092 seconds
Number of updated asset objects reloaded before import = 0
Number of asset objects unloaded after import = 2
========================================================================
Received Import Request.
  Time since last request: 0.000017 seconds.
  path: Assets/Art Assets/Enviroment_Assets/String Lights Poles and Wires/Upscaled/String_Lights_Vert_R_GRN.png
  artifactKey: Guid(107bd474be215ec4f8897a52bbfcdac2) Importer(815301076,1909f56bfc062723c751e8b465ee728b)
Start importing Assets/Art Assets/Enviroment_Assets/String Lights Poles and Wires/Upscaled/String_Lights_Vert_R_GRN.png using Guid(107bd474be215ec4f8897a52bbfcdac2) Importer(815301076,1909f56bfc062723c751e8b465ee728b)  -> (artifact id: '7a23255eb1453e9521f384fe8c0ef7e2') in 0.001343 seconds
Number of updated asset objects reloaded before import = 0
Number of asset objects unloaded after import = 2
========================================================================
Received Import Request.
  Time since last request: 0.000016 seconds.
  path: Assets/Art Assets/Enviroment_Assets/String Lights Poles and Wires/Upscaled/String_Lights_Vert_R_Multi_02.png
  artifactKey: Guid(ee541f0657784e243ba6101a60125a24) Importer(815301076,1909f56bfc062723c751e8b465ee728b)
Start importing Assets/Art Assets/Enviroment_Assets/String Lights Poles and Wires/Upscaled/String_Lights_Vert_R_Multi_02.png using Guid(ee541f0657784e243ba6101a60125a24) Importer(815301076,1909f56bfc062723c751e8b465ee728b)  -> (artifact id: 'ed46ea1478cca729df8ae9076b95386f') in 0.001405 seconds
Number of updated asset objects reloaded before import = 0
Number of asset objects unloaded after import = 2
========================================================================
Received Import Request.
  Time since last request: 0.000013 seconds.
  path: Assets/Art Assets/Enviroment_Assets/String Lights Poles and Wires/Upscaled/String_Lights_Vert_L_Multi_02.png
  artifactKey: Guid(3ea287922e6e2134f98260a310b06b20) Importer(815301076,1909f56bfc062723c751e8b465ee728b)
Start importing Assets/Art Assets/Enviroment_Assets/String Lights Poles and Wires/Upscaled/String_Lights_Vert_L_Multi_02.png using Guid(3ea287922e6e2134f98260a310b06b20) Importer(815301076,1909f56bfc062723c751e8b465ee728b)  -> (artifact id: '84422a9896d6856089e237356f5d5997') in 0.002139 seconds
Number of updated asset objects reloaded before import = 0
Number of asset objects unloaded after import = 2
========================================================================
Received Import Request.
  Time since last request: 0.000084 seconds.
  path: Assets/Art Assets/Enviroment_Assets/String Lights Poles and Wires/Upscaled/String_Lights_Vert_R_BLU.png
  artifactKey: Guid(8bc3474fb79cad1479578a715484fd47) Importer(815301076,1909f56bfc062723c751e8b465ee728b)
Start importing Assets/Art Assets/Enviroment_Assets/String Lights Poles and Wires/Upscaled/String_Lights_Vert_R_BLU.png using Guid(8bc3474fb79cad1479578a715484fd47) Importer(815301076,1909f56bfc062723c751e8b465ee728b)  -> (artifact id: '428c4cc008a5762ed0e8dc997093f2b3') in 0.001481 seconds
Number of updated asset objects reloaded before import = 0
Number of asset objects unloaded after import = 2
========================================================================
Received Import Request.
  Time since last request: 0.000017 seconds.
  path: Assets/Art Assets/Enviroment_Assets/String Lights Poles and Wires/Upscaled/String_Lights_Vert_L_RED.png
  artifactKey: Guid(632022add3a9b74488262c90db84f4ee) Importer(815301076,1909f56bfc062723c751e8b465ee728b)
Start importing Assets/Art Assets/Enviroment_Assets/String Lights Poles and Wires/Upscaled/String_Lights_Vert_L_RED.png using Guid(632022add3a9b74488262c90db84f4ee) Importer(815301076,1909f56bfc062723c751e8b465ee728b)  -> (artifact id: 'fd50a00da1dad7d87ad4609ca27f1c48') in 0.001515 seconds
Number of updated asset objects reloaded before import = 0
Number of asset objects unloaded after import = 2
========================================================================
Received Import Request.
  Time since last request: 0.000023 seconds.
  path: Assets/Art Assets/Enviroment_Assets/String Lights Poles and Wires/Upscaled/String_Lights_Vert_L_BLU.png
  artifactKey: Guid(d7f560b1bab07604abcf10747a99f1e9) Importer(815301076,1909f56bfc062723c751e8b465ee728b)
Start importing Assets/Art Assets/Enviroment_Assets/String Lights Poles and Wires/Upscaled/String_Lights_Vert_L_BLU.png using Guid(d7f560b1bab07604abcf10747a99f1e9) Importer(815301076,1909f56bfc062723c751e8b465ee728b)  -> (artifact id: '00cf7eb9f6700f39eb025eba2efd27d2') in 0.001362 seconds
Number of updated asset objects reloaded before import = 0
Number of asset objects unloaded after import = 2
========================================================================
Received Import Request.
  Time since last request: 1.481682 seconds.
  path: Assets/Art Assets/Enviroment_Assets/String Lights Poles and Wires/Upscaled/String_Light_Vert_L_Off.png
  artifactKey: Guid(914abf2194503bf40956e905204a7a9e) Importer(815301076,1909f56bfc062723c751e8b465ee728b)
Start importing Assets/Art Assets/Enviroment_Assets/String Lights Poles and Wires/Upscaled/String_Light_Vert_L_Off.png using Guid(914abf2194503bf40956e905204a7a9e) Importer(815301076,1909f56bfc062723c751e8b465ee728b)  -> (artifact id: '1df6980ac60e0d9da00c94ab6f830341') in 0.001488 seconds
Number of updated asset objects reloaded before import = 0
Number of asset objects unloaded after import = 2
========================================================================
Received Import Request.
  Time since last request: 0.512589 seconds.
  path: Assets/Art Assets/Enviroment_Assets/String Lights Poles and Wires/Upscaled/String_Light_Top_Vertical.png
  artifactKey: Guid(9d51da80be038cc4d82ed1d0a72b7577) Importer(815301076,1909f56bfc062723c751e8b465ee728b)
Start importing Assets/Art Assets/Enviroment_Assets/String Lights Poles and Wires/Upscaled/String_Light_Top_Vertical.png using Guid(9d51da80be038cc4d82ed1d0a72b7577) Importer(815301076,1909f56bfc062723c751e8b465ee728b)  -> (artifact id: '36c570c7c71cb5e408ed35e89170face') in 0.001461 seconds
Number of updated asset objects reloaded before import = 0
Number of asset objects unloaded after import = 2
========================================================================
Received Import Request.
  Time since last request: 0.000013 seconds.
  path: Assets/Art Assets/Enviroment_Assets/String Lights Poles and Wires/Upscaled/String_Light_Vert_L_02.png
  artifactKey: Guid(e8ed833f58ab3b54d9f7210a32055031) Importer(815301076,1909f56bfc062723c751e8b465ee728b)
Start importing Assets/Art Assets/Enviroment_Assets/String Lights Poles and Wires/Upscaled/String_Light_Vert_L_02.png using Guid(e8ed833f58ab3b54d9f7210a32055031) Importer(815301076,1909f56bfc062723c751e8b465ee728b)  -> (artifact id: '7cd79e795bb33f4d8601c9e1b269afae') in 0.001309 seconds
Number of updated asset objects reloaded before import = 0
Number of asset objects unloaded after import = 2
========================================================================
Received Import Request.
  Time since last request: 0.034461 seconds.
  path: Assets/Art Assets/Enviroment_Assets/String Lights Poles and Wires/Upscaled/String_Light_Short_up.png
  artifactKey: Guid(a3a54bd4248022747b8b98050d198c98) Importer(815301076,1909f56bfc062723c751e8b465ee728b)
Start importing Assets/Art Assets/Enviroment_Assets/String Lights Poles and Wires/Upscaled/String_Light_Short_up.png using Guid(a3a54bd4248022747b8b98050d198c98) Importer(815301076,1909f56bfc062723c751e8b465ee728b)  -> (artifact id: '51f4ae32dee2ad69d76ff8889ffe791e') in 0.001380 seconds
Number of updated asset objects reloaded before import = 0
Number of asset objects unloaded after import = 2
========================================================================
Received Import Request.
  Time since last request: 4.842361 seconds.
  path: Assets/Art Assets/Enviroment_Assets/House_Assets_up/Coffee_Table_SM.png
  artifactKey: Guid(a48b621d74f77b248a3d4c8c79225c28) Importer(815301076,1909f56bfc062723c751e8b465ee728b)
Start importing Assets/Art Assets/Enviroment_Assets/House_Assets_up/Coffee_Table_SM.png using Guid(a48b621d74f77b248a3d4c8c79225c28) Importer(815301076,1909f56bfc062723c751e8b465ee728b)  -> (artifact id: 'a102a39aa6074e43ea5e07be6b2cc962') in 0.001592 seconds
Number of updated asset objects reloaded before import = 0
Number of asset objects unloaded after import = 2
========================================================================
Received Import Request.
  Time since last request: 0.000013 seconds.
  path: Assets/Art Assets/Enviroment_Assets/House_Assets_up/TV_Off.png
  artifactKey: Guid(06bce87597de4b3429aa940d0b366b51) Importer(815301076,1909f56bfc062723c751e8b465ee728b)
Start importing Assets/Art Assets/Enviroment_Assets/House_Assets_up/TV_Off.png using Guid(06bce87597de4b3429aa940d0b366b51) Importer(815301076,1909f56bfc062723c751e8b465ee728b)  -> (artifact id: 'ec668353d3b2515feffabe7a488fcf63') in 0.001800 seconds
Number of updated asset objects reloaded before import = 0
Number of asset objects unloaded after import = 2
Editor requested this worker to shutdown with reason: Scaling down because of idle timeout
TcpMessagingSession - receive error: operation aborted. errorcode: 995, details: The I/O operation has been aborted because of either a thread exit or an application request.
AssetImportWorker is now disconnected from the server
Process exiting
Exiting without the bug reporter. Application will terminate with return code 0