Using pre-set license
Built from '2022.3/release' branch; Version is '2022.3.5f1 (9674261d40ee) revision 9860134'; Using compiler version '192829333'; Build Type 'Release'
OS: 'Windows 10  (10.0.19045) 64bit Professional' Language: 'en' Physical Memory: 16310 MB
BatchMode: 1, IsHumanControllingUs: 0, StartBugReporterOnCrash: 0, Is64bit: 1, IsPro: 1

COMMAND LINE ARGUMENTS:
C:\Program Files\Unity 2022.3.5f1\Editor\Unity.exe
-adb2
-batchMode
-noUpm
-name
AssetImportWorker9
-projectPath
D:/SGD212/Team1-Proj1/Team1-Proj1-HorrorGame/Team1-Proj1-HorrorGame
-logFile
Logs/AssetImportWorker9.log
-srvPort
65457
Successfully changed project path to: D:/SGD212/Team1-Proj1/Team1-Proj1-HorrorGame/Team1-Proj1-HorrorGame
D:/SGD212/Team1-Proj1/Team1-Proj1-HorrorGame/Team1-Proj1-HorrorGame
[UnityMemory] Configuration Parameters - Can be set up in boot.config
    "memorysetup-bucket-allocator-granularity=16"
    "memorysetup-bucket-allocator-bucket-count=8"
    "memorysetup-bucket-allocator-block-size=33554432"
    "memorysetup-bucket-allocator-block-count=8"
    "memorysetup-main-allocator-block-size=16777216"
    "memorysetup-thread-allocator-block-size=16777216"
    "memorysetup-gfx-main-allocator-block-size=16777216"
    "memorysetup-gfx-thread-allocator-block-size=16777216"
    "memorysetup-cache-allocator-block-size=4194304"
    "memorysetup-typetree-allocator-block-size=2097152"
    "memorysetup-profiler-bucket-allocator-granularity=16"
    "memorysetup-profiler-bucket-allocator-bucket-count=8"
    "memorysetup-profiler-bucket-allocator-block-size=33554432"
    "memorysetup-profiler-bucket-allocator-block-count=8"
    "memorysetup-profiler-allocator-block-size=16777216"
    "memorysetup-profiler-editor-allocator-block-size=1048576"
    "memorysetup-temp-allocator-size-main=16777216"
    "memorysetup-job-temp-allocator-block-size=2097152"
    "memorysetup-job-temp-allocator-block-size-background=1048576"
    "memorysetup-job-temp-allocator-reduction-small-platforms=262144"
    "memorysetup-allocator-temp-initial-block-size-main=262144"
    "memorysetup-allocator-temp-initial-block-size-worker=262144"
    "memorysetup-temp-allocator-size-background-worker=32768"
    "memorysetup-temp-allocator-size-job-worker=262144"
    "memorysetup-temp-allocator-size-preload-manager=33554432"
    "memorysetup-temp-allocator-size-nav-mesh-worker=65536"
    "memorysetup-temp-allocator-size-audio-worker=65536"
    "memorysetup-temp-allocator-size-cloud-worker=32768"
    "memorysetup-temp-allocator-size-gi-baking-worker=262144"
    "memorysetup-temp-allocator-size-gfx=262144"
Player connection [15272] Host "[IP] 192.168.68.114 [Port] 0 [Flags] 2 [Guid] 2586625601 [EditorId] 2586625601 [Version] 1048832 [Id] WindowsEditor(7,thebigboy) [Debug] 1 [PackageName] WindowsEditor [ProjectName] Editor" joined multi-casting on [225.0.0.222:54997]...

Player connection [15272] Host "[IP] 192.168.68.114 [Port] 0 [Flags] 2 [Guid] 2586625601 [EditorId] 2586625601 [Version] 1048832 [Id] WindowsEditor(7,thebigboy) [Debug] 1 [PackageName] WindowsEditor [ProjectName] Editor" joined alternative multi-casting on [225.0.0.222:34997]...

Refreshing native plugins compatible for Editor in 10.33 ms, found 4 plugins.
Preloading 0 native plugins for Editor in 0.00 ms.
Initialize engine version: 2022.3.5f1 (9674261d40ee)
[Subsystems] Discovering subsystems at path C:/Program Files/Unity 2022.3.5f1/Editor/Data/Resources/UnitySubsystems
[Subsystems] Discovering subsystems at path D:/SGD212/Team1-Proj1/Team1-Proj1-HorrorGame/Team1-Proj1-HorrorGame/Assets
GfxDevice: creating device client; threaded=0; jobified=0
Direct3D:
    Version:  Direct3D 11.0 [level 11.1]
    Renderer: NVIDIA GeForce GTX 1050 Ti (ID=0x1c82)
    Vendor:   NVIDIA
    VRAM:     4017 MB
    Driver:   31.0.15.3623
Initialize mono
Mono path[0] = 'C:/Program Files/Unity 2022.3.5f1/Editor/Data/Managed'
Mono path[1] = 'C:/Program Files/Unity 2022.3.5f1/Editor/Data/MonoBleedingEdge/lib/mono/unityjit-win32'
Mono config path = 'C:/Program Files/Unity 2022.3.5f1/Editor/Data/MonoBleedingEdge/etc'
Using monoOptions --debugger-agent=transport=dt_socket,embedding=1,server=y,suspend=n,address=127.0.0.1:56148
Begin MonoManager ReloadAssembly
Registering precompiled unity dll's ...
Register platform support module: C:/Program Files/Unity 2022.3.5f1/Editor/Data/PlaybackEngines/WindowsStandaloneSupport/UnityEditor.WindowsStandalone.Extensions.dll
Registered in 0.008131 seconds.
- Loaded All Assemblies, in  0.305 seconds
Native extension for WindowsStandalone target not found
Mono: successfully reloaded assembly
- Finished resetting the current domain, in  0.236 seconds
Domain Reload Profiling: 539ms
	BeginReloadAssembly (83ms)
		ExecutionOrderSort (0ms)
		DisableScriptedObjects (0ms)
		BackupInstance (0ms)
		ReleaseScriptingObjects (0ms)
		CreateAndSetChildDomain (1ms)
	RebuildCommonClasses (32ms)
	RebuildNativeTypeToScriptingClass (10ms)
	initialDomainReloadingComplete (56ms)
	LoadAllAssembliesAndSetupDomain (122ms)
		LoadAssemblies (80ms)
		RebuildTransferFunctionScriptingTraits (0ms)
		AnalyzeDomain (116ms)
			TypeCache.Refresh (116ms)
				TypeCache.ScanAssembly (106ms)
			ScanForSourceGeneratedMonoScriptInfo (0ms)
			ResolveRequiredComponents (0ms)
	FinalizeReload (236ms)
		ReleaseScriptCaches (0ms)
		RebuildScriptCaches (0ms)
		SetupLoadedEditorAssemblies (185ms)
			LogAssemblyErrors (0ms)
			InitializePlatformSupportModulesInManaged (8ms)
			SetLoadedEditorAssemblies (7ms)
			RefreshPlugins (0ms)
			BeforeProcessingInitializeOnLoad (2ms)
			ProcessInitializeOnLoadAttributes (126ms)
			ProcessInitializeOnLoadMethodAttributes (42ms)
			AfterProcessingInitializeOnLoad (0ms)
			EditorAssembliesLoaded (0ms)
		ExecutionOrderSort2 (0ms)
		AwakeInstancesAfterBackupRestoration (0ms)
========================================================================
Worker process is ready to serve import requests
Begin MonoManager ReloadAssembly
Symbol file LoadedFromMemory doesn't match image D:\SGD212\Team1-Proj1\Team1-Proj1-HorrorGame\Team1-Proj1-HorrorGame\Library\PackageCache\com.unity.visualscripting@1.8.0\Editor\VisualScripting.Core\Dependencies\YamlDotNet\Unity.VisualScripting.YamlDotNet.dll
Symbol file LoadedFromMemory doesn't match image D:\SGD212\Team1-Proj1\Team1-Proj1-HorrorGame\Team1-Proj1-HorrorGame\Library\PackageCache\com.unity.visualscripting@1.8.0\Editor\VisualScripting.Core\Dependencies\DotNetZip\Unity.VisualScripting.IonicZip.dll
- Loaded All Assemblies, in  0.804 seconds
Refreshing native plugins compatible for Editor in 9.03 ms, found 4 plugins.
Native extension for WindowsStandalone target not found
Mono: successfully reloaded assembly
- Finished resetting the current domain, in  0.633 seconds
Domain Reload Profiling: 1430ms
	BeginReloadAssembly (121ms)
		ExecutionOrderSort (0ms)
		DisableScriptedObjects (5ms)
		BackupInstance (0ms)
		ReleaseScriptingObjects (0ms)
		CreateAndSetChildDomain (20ms)
	RebuildCommonClasses (31ms)
	RebuildNativeTypeToScriptingClass (10ms)
	initialDomainReloadingComplete (45ms)
	LoadAllAssembliesAndSetupDomain (589ms)
		LoadAssemblies (351ms)
		RebuildTransferFunctionScriptingTraits (0ms)
		AnalyzeDomain (292ms)
			TypeCache.Refresh (258ms)
				TypeCache.ScanAssembly (247ms)
			ScanForSourceGeneratedMonoScriptInfo (25ms)
			ResolveRequiredComponents (10ms)
	FinalizeReload (634ms)
		ReleaseScriptCaches (0ms)
		RebuildScriptCaches (0ms)
		SetupLoadedEditorAssemblies (485ms)
			LogAssemblyErrors (0ms)
			InitializePlatformSupportModulesInManaged (5ms)
			SetLoadedEditorAssemblies (5ms)
			RefreshPlugins (0ms)
			BeforeProcessingInitializeOnLoad (121ms)
			ProcessInitializeOnLoadAttributes (274ms)
			ProcessInitializeOnLoadMethodAttributes (72ms)
			AfterProcessingInitializeOnLoad (8ms)
			EditorAssembliesLoaded (0ms)
		ExecutionOrderSort2 (0ms)
		AwakeInstancesAfterBackupRestoration (5ms)
Launched and connected shader compiler UnityShaderCompiler.exe after 0.04 seconds
Refreshing native plugins compatible for Editor in 10.61 ms, found 4 plugins.
Preloading 0 native plugins for Editor in 0.00 ms.
Unloading 5827 Unused Serialized files (Serialized files now loaded: 0)
Unloading 97 unused Assets / (423.4 KB). Loaded Objects now: 6289.
Memory consumption went from 224.5 MB to 224.1 MB.
Total: 4.121500 ms (FindLiveObjects: 0.486200 ms CreateObjectMapping: 0.178800 ms MarkObjects: 3.202700 ms  DeleteObjects: 0.252500 ms)

AssetImportParameters requested are different than current active one (requested -> active):
  custom:container-demuxer-ogg: 62fdf1f143b41e24485cea50d1cbac27 -> 
  custom:video-decoder-ogg-theora: a1e56fd34408186e4bbccfd4996cb3dc -> 
  custom:framework-win-MediaFoundation: 216162199b28c13a410421893ffa2e32 -> 
  custom:CustomObjectIndexerAttribute: a3ef5dd2817f97addfee359851a9dba5 -> 
  custom:container-demuxer-webm: 4f35f7cbe854078d1ac9338744f61a02 -> 
  custom:container-muxer-webm: aa71ff27fc2769a1b78a27578f13a17b -> 
  custom:video-decoder-webm-vp8: 9c59270c3fd7afecdb556c50c9e8de78 -> 
  custom:AudioImporter_EditorPlatform: d09bf68614088b80899f8185d706f6e7 -> 
  custom:video-encoder-webm-vp8: eb34c28f22e8b96e1ab97ce403110664 -> 
  custom:audio-decoder-ogg-vorbis: bf7c407c2cedff20999df2af8eb42d56 -> 
  custom:audio-encoder-webm-vorbis: bf7c407c2cedff20999df2af8eb42d56 -> 
========================================================================
Received Import Request.
  Time since last request: 467483.700664 seconds.
  path: Assets/Art Assets/UIHeart2.1white.png
  artifactKey: Guid(40bf88d012fc73844a73886b62a8f355) Importer(815301076,1909f56bfc062723c751e8b465ee728b)
Start importing Assets/Art Assets/UIHeart2.1white.png using Guid(40bf88d012fc73844a73886b62a8f355) Importer(815301076,1909f56bfc062723c751e8b465ee728b)  -> (artifact id: 'c4bc1f6f44af7964c7b869e390765fca') in 0.018559 seconds
Number of updated asset objects reloaded before import = 0
Number of asset objects unloaded after import = 2
========================================================================
Received Import Request.
  Time since last request: 7.731456 seconds.
  path: Assets/Art Assets/UIHeart2.1white.png
  artifactKey: Guid(40bf88d012fc73844a73886b62a8f355) Importer(815301076,1909f56bfc062723c751e8b465ee728b)
Start importing Assets/Art Assets/UIHeart2.1white.png using Guid(40bf88d012fc73844a73886b62a8f355) Importer(815301076,1909f56bfc062723c751e8b465ee728b)  -> (artifact id: '3cc0f8e107c2fbd566b206e7baaf8a88') in 0.002231 seconds
Number of updated asset objects reloaded before import = 0
Number of asset objects unloaded after import = 2
========================================================================
Received Import Request.
  Time since last request: 24.210504 seconds.
  path: Assets/Art Assets/Enviroment_Assets/House_Assets_up/Book_02.png
  artifactKey: Guid(7d42f4e3f3347ca4c89d48c98b3a26b6) Importer(815301076,1909f56bfc062723c751e8b465ee728b)
Start importing Assets/Art Assets/Enviroment_Assets/House_Assets_up/Book_02.png using Guid(7d42f4e3f3347ca4c89d48c98b3a26b6) Importer(815301076,1909f56bfc062723c751e8b465ee728b)  -> (artifact id: 'a2256217cb8dacdbbfff8f613799b59e') in 0.003394 seconds
Number of updated asset objects reloaded before import = 0
Number of asset objects unloaded after import = 2
========================================================================
Received Import Request.
  Time since last request: 0.001923 seconds.
  path: Assets/Art Assets/Enviroment_Assets/House_Assets_up/Book_03.png
  artifactKey: Guid(56816626891e8ab4aafc8a5a375bf595) Importer(815301076,1909f56bfc062723c751e8b465ee728b)
Start importing Assets/Art Assets/Enviroment_Assets/House_Assets_up/Book_03.png using Guid(56816626891e8ab4aafc8a5a375bf595) Importer(815301076,1909f56bfc062723c751e8b465ee728b)  -> (artifact id: '06c1e910a6266441639188e7509557be') in 0.002450 seconds
Number of updated asset objects reloaded before import = 0
Number of asset objects unloaded after import = 2
========================================================================
Received Import Request.
  Time since last request: 0.000026 seconds.
  path: Assets/Art Assets/Enviroment_Assets/House_Assets_up/Bookshelf_Empty.png
  artifactKey: Guid(39f50adf6e542784ca4cf427566fae09) Importer(815301076,1909f56bfc062723c751e8b465ee728b)
Start importing Assets/Art Assets/Enviroment_Assets/House_Assets_up/Bookshelf_Empty.png using Guid(39f50adf6e542784ca4cf427566fae09) Importer(815301076,1909f56bfc062723c751e8b465ee728b)  -> (artifact id: '1d2a8285021f0334afdddcd33df8f12e') in 0.002585 seconds
Number of updated asset objects reloaded before import = 0
Number of asset objects unloaded after import = 2
========================================================================
Received Import Request.
  Time since last request: 0.000020 seconds.
  path: Assets/Art Assets/Enviroment_Assets/House_Assets_up/Bookshelf_04.png
  artifactKey: Guid(e3bcf76ac53d96b45970808e66985b4d) Importer(815301076,1909f56bfc062723c751e8b465ee728b)
Start importing Assets/Art Assets/Enviroment_Assets/House_Assets_up/Bookshelf_04.png using Guid(e3bcf76ac53d96b45970808e66985b4d) Importer(815301076,1909f56bfc062723c751e8b465ee728b)  -> (artifact id: '7a36a4667cb81308a797782e5400e261') in 0.001992 seconds
Number of updated asset objects reloaded before import = 0
Number of asset objects unloaded after import = 2
========================================================================
Received Import Request.
  Time since last request: 0.000014 seconds.
  path: Assets/Art Assets/Enviroment_Assets/House_Assets_up/Bookshelf_05.png
  artifactKey: Guid(4ff2aa258b6e00143a7932305de49539) Importer(815301076,1909f56bfc062723c751e8b465ee728b)
Start importing Assets/Art Assets/Enviroment_Assets/House_Assets_up/Bookshelf_05.png using Guid(4ff2aa258b6e00143a7932305de49539) Importer(815301076,1909f56bfc062723c751e8b465ee728b)  -> (artifact id: '355fafdd531978cf9af52cf05c2ad7d2') in 0.002337 seconds
Number of updated asset objects reloaded before import = 0
Number of asset objects unloaded after import = 2
========================================================================
Received Import Request.
  Time since last request: 2.073749 seconds.
  path: Assets/Art Assets/Items/Original/Corn.png
  artifactKey: Guid(ce84bddfc6813b14692769c87457ee4e) Importer(815301076,1909f56bfc062723c751e8b465ee728b)
Start importing Assets/Art Assets/Items/Original/Corn.png using Guid(ce84bddfc6813b14692769c87457ee4e) Importer(815301076,1909f56bfc062723c751e8b465ee728b)  -> (artifact id: '307f71e97ad2fcf1d08644ea0da4f2be') in 0.001914 seconds
Number of updated asset objects reloaded before import = 0
Number of asset objects unloaded after import = 2
========================================================================
Received Import Request.
  Time since last request: 0.320050 seconds.
  path: Assets/Art Assets/Enviroment_Assets/House_Assets_up/Couch_Chair_up.png
  artifactKey: Guid(ee59304182dcb3f4e91609bfd149269c) Importer(815301076,1909f56bfc062723c751e8b465ee728b)
Start importing Assets/Art Assets/Enviroment_Assets/House_Assets_up/Couch_Chair_up.png using Guid(ee59304182dcb3f4e91609bfd149269c) Importer(815301076,1909f56bfc062723c751e8b465ee728b)  -> (artifact id: 'b63a5fe98b52cbd12221a98950b3bba4') in 0.001523 seconds
Number of updated asset objects reloaded before import = 0
Number of asset objects unloaded after import = 2
========================================================================
Received Import Request.
  Time since last request: 414.613788 seconds.
  path: Assets/Art Assets/Floor tiles/Sludge/Sludge_Puddle_LG_02_up.png
  artifactKey: Guid(6be7d0868f5ef064db5922f5b67d919f) Importer(815301076,1909f56bfc062723c751e8b465ee728b)
Start importing Assets/Art Assets/Floor tiles/Sludge/Sludge_Puddle_LG_02_up.png using Guid(6be7d0868f5ef064db5922f5b67d919f) Importer(815301076,1909f56bfc062723c751e8b465ee728b)  -> (artifact id: '048f0440ba286b5f05704b581fdfe59c') in 0.002570 seconds
Number of updated asset objects reloaded before import = 0
Number of asset objects unloaded after import = 2
========================================================================
Received Import Request.
  Time since last request: 0.000021 seconds.
  path: Assets/Art Assets/Floor tiles/Sludge/Sludge_Puddle_MD_01_up.png
  artifactKey: Guid(e0fce4248b820f040ab696c8dbe39e69) Importer(815301076,1909f56bfc062723c751e8b465ee728b)
Start importing Assets/Art Assets/Floor tiles/Sludge/Sludge_Puddle_MD_01_up.png using Guid(e0fce4248b820f040ab696c8dbe39e69) Importer(815301076,1909f56bfc062723c751e8b465ee728b)  -> (artifact id: 'a07e9f2ada070f2d07b8edbb7884e447') in 0.001879 seconds
Number of updated asset objects reloaded before import = 0
Number of asset objects unloaded after import = 2
========================================================================
Received Import Request.
  Time since last request: 0.000016 seconds.
  path: Assets/Art Assets/Floor tiles/Sludge/Sludge_Puddle_SM_01_up.png
  artifactKey: Guid(2c5a2741963c8db419c59ca3738b0719) Importer(815301076,1909f56bfc062723c751e8b465ee728b)
Start importing Assets/Art Assets/Floor tiles/Sludge/Sludge_Puddle_SM_01_up.png using Guid(2c5a2741963c8db419c59ca3738b0719) Importer(815301076,1909f56bfc062723c751e8b465ee728b)  -> (artifact id: '1d3f76c339785e44f81b8dffd7284491') in 0.001573 seconds
Number of updated asset objects reloaded before import = 0
Number of asset objects unloaded after import = 2
========================================================================
Received Import Request.
  Time since last request: 0.000012 seconds.
  path: Assets/Art Assets/Floor tiles/Sludge/Sludge_Puddle_MD_03_up.png
  artifactKey: Guid(b256babd387f7a34cbdc13c12e1a6bf2) Importer(815301076,1909f56bfc062723c751e8b465ee728b)
Start importing Assets/Art Assets/Floor tiles/Sludge/Sludge_Puddle_MD_03_up.png using Guid(b256babd387f7a34cbdc13c12e1a6bf2) Importer(815301076,1909f56bfc062723c751e8b465ee728b)  -> (artifact id: 'c677caa91d226eb2d3f3124962f222f7') in 0.002321 seconds
Number of updated asset objects reloaded before import = 0
Number of asset objects unloaded after import = 2
========================================================================
Received Import Request.
  Time since last request: 3.354197 seconds.
  path: Assets/Art Assets/Floor tiles/Grass/Grass_02_up.png
  artifactKey: Guid(cf4cab2e6d604ab4aaa06d5a81776baf) Importer(815301076,1909f56bfc062723c751e8b465ee728b)
Start importing Assets/Art Assets/Floor tiles/Grass/Grass_02_up.png using Guid(cf4cab2e6d604ab4aaa06d5a81776baf) Importer(815301076,1909f56bfc062723c751e8b465ee728b)  -> (artifact id: '82f31f59caec536e2d5f0ebcf7172ba6') in 0.002000 seconds
Number of updated asset objects reloaded before import = 0
Number of asset objects unloaded after import = 2
========================================================================
Received Import Request.
  Time since last request: 0.000012 seconds.
  path: Assets/Art Assets/Floor tiles/Grass/Grass_Rock_Bush_01_up.png
  artifactKey: Guid(d848a6803d6a97f448215a07f4e0c4aa) Importer(815301076,1909f56bfc062723c751e8b465ee728b)
Start importing Assets/Art Assets/Floor tiles/Grass/Grass_Rock_Bush_01_up.png using Guid(d848a6803d6a97f448215a07f4e0c4aa) Importer(815301076,1909f56bfc062723c751e8b465ee728b)  -> (artifact id: '79117212d2209d8b9ec9360646755dfa') in 0.001787 seconds
Number of updated asset objects reloaded before import = 0
Number of asset objects unloaded after import = 2
========================================================================
Received Import Request.
  Time since last request: 0.000015 seconds.
  path: Assets/Art Assets/Floor tiles/Grass/Grass_Bush_01_up.png
  artifactKey: Guid(66889ca5c5d725c42a90518242c55579) Importer(815301076,1909f56bfc062723c751e8b465ee728b)
Start importing Assets/Art Assets/Floor tiles/Grass/Grass_Bush_01_up.png using Guid(66889ca5c5d725c42a90518242c55579) Importer(815301076,1909f56bfc062723c751e8b465ee728b)  -> (artifact id: '0b0c01e8086230cdeca1bb107c7a1701') in 0.001303 seconds
Number of updated asset objects reloaded before import = 0
Number of asset objects unloaded after import = 2
========================================================================
Received Import Request.
  Time since last request: 0.000010 seconds.
  path: Assets/Art Assets/Floor tiles/Grass/Grass_Rock_Bush_02_up.png
  artifactKey: Guid(ac916e2e81b85064296530b21b0cf3e8) Importer(815301076,1909f56bfc062723c751e8b465ee728b)
Start importing Assets/Art Assets/Floor tiles/Grass/Grass_Rock_Bush_02_up.png using Guid(ac916e2e81b85064296530b21b0cf3e8) Importer(815301076,1909f56bfc062723c751e8b465ee728b)  -> (artifact id: 'f67395e3c194ae6e9eb7b7f6c977e3e1') in 0.001518 seconds
Number of updated asset objects reloaded before import = 0
Number of asset objects unloaded after import = 2
========================================================================
Received Import Request.
  Time since last request: 373.506971 seconds.
  path: Assets/Art Assets/Enviroment_Assets/House_Assets_up/Fireplace_Lit.png
  artifactKey: Guid(b512155a05b32c242bd0d0c0c94a37b0) Importer(815301076,1909f56bfc062723c751e8b465ee728b)
Start importing Assets/Art Assets/Enviroment_Assets/House_Assets_up/Fireplace_Lit.png using Guid(b512155a05b32c242bd0d0c0c94a37b0) Importer(815301076,1909f56bfc062723c751e8b465ee728b)  -> (artifact id: '6d7cb7e6ab9587efd43ca9a999c1ae7b') in 0.003234 seconds
Number of updated asset objects reloaded before import = 0
Number of asset objects unloaded after import = 2
========================================================================
Received Import Request.
  Time since last request: 0.000020 seconds.
  path: Assets/Art Assets/Enviroment_Assets/House_Assets_up/House_Plant_Wilted.png
  artifactKey: Guid(86694548ea369924e936fa31424cd158) Importer(815301076,1909f56bfc062723c751e8b465ee728b)
Start importing Assets/Art Assets/Enviroment_Assets/House_Assets_up/House_Plant_Wilted.png using Guid(86694548ea369924e936fa31424cd158) Importer(815301076,1909f56bfc062723c751e8b465ee728b)  -> (artifact id: 'e60cd961588030cf3927809223eb03f2') in 0.002077 seconds
Number of updated asset objects reloaded before import = 0
Number of asset objects unloaded after import = 2
========================================================================
Received Import Request.
  Time since last request: 0.000018 seconds.
  path: Assets/Art Assets/Enviroment_Assets/House_Assets_up/Window_01.png
  artifactKey: Guid(bb19f5874db71de41bde02a484587097) Importer(815301076,1909f56bfc062723c751e8b465ee728b)
Start importing Assets/Art Assets/Enviroment_Assets/House_Assets_up/Window_01.png using Guid(bb19f5874db71de41bde02a484587097) Importer(815301076,1909f56bfc062723c751e8b465ee728b)  -> (artifact id: '9a28fd57bafab90d814507da849ae8fc') in 0.001900 seconds
Number of updated asset objects reloaded before import = 0
Number of asset objects unloaded after import = 2
========================================================================
Received Import Request.
  Time since last request: 0.000015 seconds.
  path: Assets/Art Assets/Enviroment_Assets/House_Assets_up/Large_Rug_03.png
  artifactKey: Guid(eca20d3247c7b9f48a905ef05009402d) Importer(815301076,1909f56bfc062723c751e8b465ee728b)
Start importing Assets/Art Assets/Enviroment_Assets/House_Assets_up/Large_Rug_03.png using Guid(eca20d3247c7b9f48a905ef05009402d) Importer(815301076,1909f56bfc062723c751e8b465ee728b)  -> (artifact id: 'd2053c05fd04195016c60251c7cc2500') in 0.002747 seconds
Number of updated asset objects reloaded before import = 0
Number of asset objects unloaded after import = 2
========================================================================
Received Import Request.
  Time since last request: 0.000023 seconds.
  path: Assets/Art Assets/Enviroment_Assets/House_Assets_up/Vintage_Radio.png
  artifactKey: Guid(6b28837ca7dd18b4abd2d841d6bf7c86) Importer(815301076,1909f56bfc062723c751e8b465ee728b)
Start importing Assets/Art Assets/Enviroment_Assets/House_Assets_up/Vintage_Radio.png using Guid(6b28837ca7dd18b4abd2d841d6bf7c86) Importer(815301076,1909f56bfc062723c751e8b465ee728b)  -> (artifact id: '4c257e9d0fe9f2cd59b5c7a3bcf6046f') in 0.001801 seconds
Number of updated asset objects reloaded before import = 0
Number of asset objects unloaded after import = 2
========================================================================
Received Import Request.
  Time since last request: 0.000014 seconds.
  path: Assets/Art Assets/Enviroment_Assets/House_Assets_up/House_Plant.png
  artifactKey: Guid(bc6af2a4c2fd7fa458f4eade6b47fd99) Importer(815301076,1909f56bfc062723c751e8b465ee728b)
Start importing Assets/Art Assets/Enviroment_Assets/House_Assets_up/House_Plant.png using Guid(bc6af2a4c2fd7fa458f4eade6b47fd99) Importer(815301076,1909f56bfc062723c751e8b465ee728b)  -> (artifact id: 'c09a638f836bba0bb93de9142673221d') in 0.001792 seconds
Number of updated asset objects reloaded before import = 0
Number of asset objects unloaded after import = 2
========================================================================
Received Import Request.
  Time since last request: 0.000016 seconds.
  path: Assets/Art Assets/Enviroment_Assets/House_Assets_up/Window_Curtain_02.png
  artifactKey: Guid(e9a7d94693cd00248a7653783f84e4bf) Importer(815301076,1909f56bfc062723c751e8b465ee728b)
Start importing Assets/Art Assets/Enviroment_Assets/House_Assets_up/Window_Curtain_02.png using Guid(e9a7d94693cd00248a7653783f84e4bf) Importer(815301076,1909f56bfc062723c751e8b465ee728b)  -> (artifact id: '8313d35ccba4342797ec284edacf611e') in 0.001645 seconds
Number of updated asset objects reloaded before import = 0
Number of asset objects unloaded after import = 2
========================================================================
Received Import Request.
  Time since last request: 0.000013 seconds.
  path: Assets/Art Assets/Enviroment_Assets/House_Assets_up/Vintage_Chair_up.png
  artifactKey: Guid(1c6267ffdfc8410458055ec56bdadb8e) Importer(815301076,1909f56bfc062723c751e8b465ee728b)
Start importing Assets/Art Assets/Enviroment_Assets/House_Assets_up/Vintage_Chair_up.png using Guid(1c6267ffdfc8410458055ec56bdadb8e) Importer(815301076,1909f56bfc062723c751e8b465ee728b)  -> (artifact id: '3f0c71d11302a45575d6a5814da93737') in 0.001695 seconds
Number of updated asset objects reloaded before import = 0
Number of asset objects unloaded after import = 2
========================================================================
Received Import Request.
  Time since last request: 0.000019 seconds.
  path: Assets/Art Assets/Enviroment_Assets/House_Assets_up/Lacy_Rug_SM.png
  artifactKey: Guid(6be4e9a887b28b341901ec945a46ed08) Importer(815301076,1909f56bfc062723c751e8b465ee728b)
Start importing Assets/Art Assets/Enviroment_Assets/House_Assets_up/Lacy_Rug_SM.png using Guid(6be4e9a887b28b341901ec945a46ed08) Importer(815301076,1909f56bfc062723c751e8b465ee728b)  -> (artifact id: '8912889a832d7d37ea048650a35bfc72') in 0.001839 seconds
Number of updated asset objects reloaded before import = 0
Number of asset objects unloaded after import = 2
========================================================================
Received Import Request.
  Time since last request: 0.000025 seconds.
  path: Assets/Art Assets/Enviroment_Assets/House_Assets_up/Night_Stand_SM.png
  artifactKey: Guid(ee9fea5fa305b19409446cd3c63b832d) Importer(815301076,1909f56bfc062723c751e8b465ee728b)
Start importing Assets/Art Assets/Enviroment_Assets/House_Assets_up/Night_Stand_SM.png using Guid(ee9fea5fa305b19409446cd3c63b832d) Importer(815301076,1909f56bfc062723c751e8b465ee728b)  -> (artifact id: 'b5380d6736c04d197f1e0082ad2bf14e') in 0.001823 seconds
Number of updated asset objects reloaded before import = 0
Number of asset objects unloaded after import = 2
Editor requested this worker to shutdown with reason: Scaling down because of idle timeout
TcpMessagingSession - receive error: operation aborted. errorcode: 995, details: The I/O operation has been aborted because of either a thread exit or an application request.
AssetImportWorker is now disconnected from the server
Process exiting
Exiting without the bug reporter. Application will terminate with return code 0