Using pre-set license
Built from '2022.3/release' branch; Version is '2022.3.5f1 (9674261d40ee) revision 9860134'; Using compiler version '192829333'; Build Type 'Release'
OS: 'Windows 10  (10.0.19045) 64bit Professional' Language: 'en' Physical Memory: 16310 MB
BatchMode: 1, IsHumanControllingUs: 0, StartBugReporterOnCrash: 0, Is64bit: 1, IsPro: 1

COMMAND LINE ARGUMENTS:
C:\Program Files\Unity 2022.3.5f1\Editor\Unity.exe
-adb2
-batchMode
-noUpm
-name
AssetImportWorker18
-projectPath
D:/SGD212/Team1-Proj1/Team1-Proj1-HorrorGame/Team1-Proj1-HorrorGame
-logFile
Logs/AssetImportWorker18.log
-srvPort
65457
Successfully changed project path to: D:/SGD212/Team1-Proj1/Team1-Proj1-HorrorGame/Team1-Proj1-HorrorGame
D:/SGD212/Team1-Proj1/Team1-Proj1-HorrorGame/Team1-Proj1-HorrorGame
[UnityMemory] Configuration Parameters - Can be set up in boot.config
    "memorysetup-bucket-allocator-granularity=16"
    "memorysetup-bucket-allocator-bucket-count=8"
    "memorysetup-bucket-allocator-block-size=33554432"
    "memorysetup-bucket-allocator-block-count=8"
    "memorysetup-main-allocator-block-size=16777216"
    "memorysetup-thread-allocator-block-size=16777216"
    "memorysetup-gfx-main-allocator-block-size=16777216"
    "memorysetup-gfx-thread-allocator-block-size=16777216"
    "memorysetup-cache-allocator-block-size=4194304"
    "memorysetup-typetree-allocator-block-size=2097152"
    "memorysetup-profiler-bucket-allocator-granularity=16"
    "memorysetup-profiler-bucket-allocator-bucket-count=8"
    "memorysetup-profiler-bucket-allocator-block-size=33554432"
    "memorysetup-profiler-bucket-allocator-block-count=8"
    "memorysetup-profiler-allocator-block-size=16777216"
    "memorysetup-profiler-editor-allocator-block-size=1048576"
    "memorysetup-temp-allocator-size-main=16777216"
    "memorysetup-job-temp-allocator-block-size=2097152"
    "memorysetup-job-temp-allocator-block-size-background=1048576"
    "memorysetup-job-temp-allocator-reduction-small-platforms=262144"
    "memorysetup-allocator-temp-initial-block-size-main=262144"
    "memorysetup-allocator-temp-initial-block-size-worker=262144"
    "memorysetup-temp-allocator-size-background-worker=32768"
    "memorysetup-temp-allocator-size-job-worker=262144"
    "memorysetup-temp-allocator-size-preload-manager=33554432"
    "memorysetup-temp-allocator-size-nav-mesh-worker=65536"
    "memorysetup-temp-allocator-size-audio-worker=65536"
    "memorysetup-temp-allocator-size-cloud-worker=32768"
    "memorysetup-temp-allocator-size-gi-baking-worker=262144"
    "memorysetup-temp-allocator-size-gfx=262144"
Player connection [4988] Host "[IP] 192.168.68.114 [Port] 0 [Flags] 2 [Guid] 88719060 [EditorId] 88719060 [Version] 1048832 [Id] WindowsEditor(7,thebigboy) [Debug] 1 [PackageName] WindowsEditor [ProjectName] Editor" joined multi-casting on [225.0.0.222:54997]...

Player connection [4988] Host "[IP] 192.168.68.114 [Port] 0 [Flags] 2 [Guid] 88719060 [EditorId] 88719060 [Version] 1048832 [Id] WindowsEditor(7,thebigboy) [Debug] 1 [PackageName] WindowsEditor [ProjectName] Editor" joined alternative multi-casting on [225.0.0.222:34997]...

Refreshing native plugins compatible for Editor in 9.40 ms, found 4 plugins.
Preloading 0 native plugins for Editor in 0.00 ms.
Initialize engine version: 2022.3.5f1 (9674261d40ee)
[Subsystems] Discovering subsystems at path C:/Program Files/Unity 2022.3.5f1/Editor/Data/Resources/UnitySubsystems
[Subsystems] Discovering subsystems at path D:/SGD212/Team1-Proj1/Team1-Proj1-HorrorGame/Team1-Proj1-HorrorGame/Assets
GfxDevice: creating device client; threaded=0; jobified=0
Direct3D:
    Version:  Direct3D 11.0 [level 11.1]
    Renderer: NVIDIA GeForce GTX 1050 Ti (ID=0x1c82)
    Vendor:   NVIDIA
    VRAM:     4017 MB
    Driver:   31.0.15.3623
Initialize mono
Mono path[0] = 'C:/Program Files/Unity 2022.3.5f1/Editor/Data/Managed'
Mono path[1] = 'C:/Program Files/Unity 2022.3.5f1/Editor/Data/MonoBleedingEdge/lib/mono/unityjit-win32'
Mono config path = 'C:/Program Files/Unity 2022.3.5f1/Editor/Data/MonoBleedingEdge/etc'
Using monoOptions --debugger-agent=transport=dt_socket,embedding=1,server=y,suspend=n,address=127.0.0.1:56296
Begin MonoManager ReloadAssembly
Registering precompiled unity dll's ...
Register platform support module: C:/Program Files/Unity 2022.3.5f1/Editor/Data/PlaybackEngines/WindowsStandaloneSupport/UnityEditor.WindowsStandalone.Extensions.dll
Registered in 0.007744 seconds.
- Loaded All Assemblies, in  0.315 seconds
Native extension for WindowsStandalone target not found
Mono: successfully reloaded assembly
- Finished resetting the current domain, in  0.239 seconds
Domain Reload Profiling: 552ms
	BeginReloadAssembly (80ms)
		ExecutionOrderSort (0ms)
		DisableScriptedObjects (0ms)
		BackupInstance (0ms)
		ReleaseScriptingObjects (0ms)
		CreateAndSetChildDomain (1ms)
	RebuildCommonClasses (32ms)
	RebuildNativeTypeToScriptingClass (11ms)
	initialDomainReloadingComplete (60ms)
	LoadAllAssembliesAndSetupDomain (129ms)
		LoadAssemblies (78ms)
		RebuildTransferFunctionScriptingTraits (0ms)
		AnalyzeDomain (123ms)
			TypeCache.Refresh (122ms)
				TypeCache.ScanAssembly (112ms)
			ScanForSourceGeneratedMonoScriptInfo (0ms)
			ResolveRequiredComponents (0ms)
	FinalizeReload (240ms)
		ReleaseScriptCaches (0ms)
		RebuildScriptCaches (0ms)
		SetupLoadedEditorAssemblies (185ms)
			LogAssemblyErrors (0ms)
			InitializePlatformSupportModulesInManaged (9ms)
			SetLoadedEditorAssemblies (7ms)
			RefreshPlugins (0ms)
			BeforeProcessingInitializeOnLoad (2ms)
			ProcessInitializeOnLoadAttributes (123ms)
			ProcessInitializeOnLoadMethodAttributes (44ms)
			AfterProcessingInitializeOnLoad (0ms)
			EditorAssembliesLoaded (0ms)
		ExecutionOrderSort2 (0ms)
		AwakeInstancesAfterBackupRestoration (0ms)
========================================================================
Worker process is ready to serve import requests
Begin MonoManager ReloadAssembly
Symbol file LoadedFromMemory doesn't match image D:\SGD212\Team1-Proj1\Team1-Proj1-HorrorGame\Team1-Proj1-HorrorGame\Library\PackageCache\com.unity.visualscripting@1.8.0\Editor\VisualScripting.Core\Dependencies\YamlDotNet\Unity.VisualScripting.YamlDotNet.dll
Symbol file LoadedFromMemory doesn't match image D:\SGD212\Team1-Proj1\Team1-Proj1-HorrorGame\Team1-Proj1-HorrorGame\Library\PackageCache\com.unity.visualscripting@1.8.0\Editor\VisualScripting.Core\Dependencies\DotNetZip\Unity.VisualScripting.IonicZip.dll
- Loaded All Assemblies, in  0.760 seconds
Refreshing native plugins compatible for Editor in 3.27 ms, found 4 plugins.
Native extension for WindowsStandalone target not found
Mono: successfully reloaded assembly
- Finished resetting the current domain, in  0.635 seconds
Domain Reload Profiling: 1390ms
	BeginReloadAssembly (124ms)
		ExecutionOrderSort (0ms)
		DisableScriptedObjects (5ms)
		BackupInstance (0ms)
		ReleaseScriptingObjects (0ms)
		CreateAndSetChildDomain (20ms)
	RebuildCommonClasses (31ms)
	RebuildNativeTypeToScriptingClass (11ms)
	initialDomainReloadingComplete (40ms)
	LoadAllAssembliesAndSetupDomain (550ms)
		LoadAssemblies (314ms)
		RebuildTransferFunctionScriptingTraits (0ms)
		AnalyzeDomain (292ms)
			TypeCache.Refresh (259ms)
				TypeCache.ScanAssembly (248ms)
			ScanForSourceGeneratedMonoScriptInfo (24ms)
			ResolveRequiredComponents (9ms)
	FinalizeReload (635ms)
		ReleaseScriptCaches (0ms)
		RebuildScriptCaches (0ms)
		SetupLoadedEditorAssemblies (481ms)
			LogAssemblyErrors (0ms)
			InitializePlatformSupportModulesInManaged (5ms)
			SetLoadedEditorAssemblies (5ms)
			RefreshPlugins (0ms)
			BeforeProcessingInitializeOnLoad (106ms)
			ProcessInitializeOnLoadAttributes (279ms)
			ProcessInitializeOnLoadMethodAttributes (78ms)
			AfterProcessingInitializeOnLoad (8ms)
			EditorAssembliesLoaded (0ms)
		ExecutionOrderSort2 (0ms)
		AwakeInstancesAfterBackupRestoration (6ms)
Launched and connected shader compiler UnityShaderCompiler.exe after 0.04 seconds
Refreshing native plugins compatible for Editor in 3.83 ms, found 4 plugins.
Preloading 0 native plugins for Editor in 0.00 ms.
Unloading 5827 Unused Serialized files (Serialized files now loaded: 0)
Unloading 97 unused Assets / (423.0 KB). Loaded Objects now: 6289.
Memory consumption went from 224.4 MB to 224.0 MB.
Total: 4.194700 ms (FindLiveObjects: 0.525200 ms CreateObjectMapping: 0.142400 ms MarkObjects: 3.291000 ms  DeleteObjects: 0.235000 ms)

AssetImportParameters requested are different than current active one (requested -> active):
  custom:container-demuxer-ogg: 62fdf1f143b41e24485cea50d1cbac27 -> 
  custom:video-decoder-ogg-theora: a1e56fd34408186e4bbccfd4996cb3dc -> 
  custom:framework-win-MediaFoundation: 216162199b28c13a410421893ffa2e32 -> 
  custom:CustomObjectIndexerAttribute: a3ef5dd2817f97addfee359851a9dba5 -> 
  custom:container-demuxer-webm: 4f35f7cbe854078d1ac9338744f61a02 -> 
  custom:container-muxer-webm: aa71ff27fc2769a1b78a27578f13a17b -> 
  custom:video-decoder-webm-vp8: 9c59270c3fd7afecdb556c50c9e8de78 -> 
  custom:AudioImporter_EditorPlatform: d09bf68614088b80899f8185d706f6e7 -> 
  custom:video-encoder-webm-vp8: eb34c28f22e8b96e1ab97ce403110664 -> 
  custom:audio-decoder-ogg-vorbis: bf7c407c2cedff20999df2af8eb42d56 -> 
  custom:audio-encoder-webm-vorbis: bf7c407c2cedff20999df2af8eb42d56 -> 
========================================================================
Received Import Request.
  Time since last request: 473985.884488 seconds.
  path: Assets/Art Assets/Enviroment_Assets/Other_Outdoor_Assets/Fence_Mid.png
  artifactKey: Guid(d4228d0c3cb5b11448c1bcfde5512641) Importer(815301076,1909f56bfc062723c751e8b465ee728b)
Start importing Assets/Art Assets/Enviroment_Assets/Other_Outdoor_Assets/Fence_Mid.png using Guid(d4228d0c3cb5b11448c1bcfde5512641) Importer(815301076,1909f56bfc062723c751e8b465ee728b)  -> (artifact id: '42913f9b78c820b4c26ff813477ae815') in 0.015282 seconds
Number of updated asset objects reloaded before import = 0
Number of asset objects unloaded after import = 2
========================================================================
Received Import Request.
  Time since last request: 0.000012 seconds.
  path: Assets/Art Assets/Enviroment_Assets/Other_Outdoor_Assets/Generator_On.png
  artifactKey: Guid(0f83644bad5843d4eae8b0de759970c4) Importer(815301076,1909f56bfc062723c751e8b465ee728b)
Start importing Assets/Art Assets/Enviroment_Assets/Other_Outdoor_Assets/Generator_On.png using Guid(0f83644bad5843d4eae8b0de759970c4) Importer(815301076,1909f56bfc062723c751e8b465ee728b)  -> (artifact id: '21ab4a250bf885ca44d5bf0807cc7bbc') in 0.002835 seconds
Number of updated asset objects reloaded before import = 0
Number of asset objects unloaded after import = 2
========================================================================
Received Import Request.
  Time since last request: 87.910766 seconds.
  path: Assets/Art Assets/Enviroment_Assets/String Lights Poles and Wires/Upscaled/String_Light_02_up.png
  artifactKey: Guid(300b7c76b01301443a94210eb8085295) Importer(815301076,1909f56bfc062723c751e8b465ee728b)
Start importing Assets/Art Assets/Enviroment_Assets/String Lights Poles and Wires/Upscaled/String_Light_02_up.png using Guid(300b7c76b01301443a94210eb8085295) Importer(815301076,1909f56bfc062723c751e8b465ee728b)  -> (artifact id: '6f468b7f213065a8ee51d3a96709a3c8') in 0.001775 seconds
Number of updated asset objects reloaded before import = 0
Number of asset objects unloaded after import = 2
========================================================================
Received Import Request.
  Time since last request: 0.000548 seconds.
  path: Assets/Art Assets/Enviroment_Assets/String Lights Poles and Wires/Upscaled/String_Light_Bare_Wire_up.png
  artifactKey: Guid(1f4855662d4631a4096b0e84f7ba8274) Importer(815301076,1909f56bfc062723c751e8b465ee728b)
Start importing Assets/Art Assets/Enviroment_Assets/String Lights Poles and Wires/Upscaled/String_Light_Bare_Wire_up.png using Guid(1f4855662d4631a4096b0e84f7ba8274) Importer(815301076,1909f56bfc062723c751e8b465ee728b)  -> (artifact id: 'b0fe1f1ad454aee6e9636c002cc74c5c') in 0.002152 seconds
Number of updated asset objects reloaded before import = 0
Number of asset objects unloaded after import = 2
========================================================================
Received Import Request.
  Time since last request: 0.000023 seconds.
  path: Assets/Art Assets/Enviroment_Assets/String Lights Poles and Wires/Upscaled/String_Light_Short_Top_Vertical.png
  artifactKey: Guid(4a425761a1a6a4d4ca2682b86cc29a6e) Importer(815301076,1909f56bfc062723c751e8b465ee728b)
Start importing Assets/Art Assets/Enviroment_Assets/String Lights Poles and Wires/Upscaled/String_Light_Short_Top_Vertical.png using Guid(4a425761a1a6a4d4ca2682b86cc29a6e) Importer(815301076,1909f56bfc062723c751e8b465ee728b)  -> (artifact id: 'c38b7344009b95a7855b7503a569a223') in 0.001855 seconds
Number of updated asset objects reloaded before import = 0
Number of asset objects unloaded after import = 2
========================================================================
Received Import Request.
  Time since last request: 0.000015 seconds.
  path: Assets/Art Assets/Enviroment_Assets/String Lights Poles and Wires/Upscaled/String_Light_Short_Four_Corners.png
  artifactKey: Guid(3d1d25bf504712143bfe23487a405e4a) Importer(815301076,1909f56bfc062723c751e8b465ee728b)
Start importing Assets/Art Assets/Enviroment_Assets/String Lights Poles and Wires/Upscaled/String_Light_Short_Four_Corners.png using Guid(3d1d25bf504712143bfe23487a405e4a) Importer(815301076,1909f56bfc062723c751e8b465ee728b)  -> (artifact id: 'db615ce2ad590f53da673350bd52de7b') in 0.002173 seconds
Number of updated asset objects reloaded before import = 0
Number of asset objects unloaded after import = 2
========================================================================
Received Import Request.
  Time since last request: 0.000025 seconds.
  path: Assets/Art Assets/Enviroment_Assets/String Lights Poles and Wires/Upscaled/String_Light_Short_End_Top_Vertical.png
  artifactKey: Guid(c0b692fb733b5ed4fb3e0a4cec47932a) Importer(815301076,1909f56bfc062723c751e8b465ee728b)
Start importing Assets/Art Assets/Enviroment_Assets/String Lights Poles and Wires/Upscaled/String_Light_Short_End_Top_Vertical.png using Guid(c0b692fb733b5ed4fb3e0a4cec47932a) Importer(815301076,1909f56bfc062723c751e8b465ee728b)  -> (artifact id: 'f97467be2546f2dc15fcb542a989c13e') in 0.001286 seconds
Number of updated asset objects reloaded before import = 0
Number of asset objects unloaded after import = 2
========================================================================
Received Import Request.
  Time since last request: 0.000018 seconds.
  path: Assets/Art Assets/Enviroment_Assets/String Lights Poles and Wires/Upscaled/String_Light_End_LUD.png
  artifactKey: Guid(3bfa8be2a2f50574cb9d89db7170a8e4) Importer(815301076,1909f56bfc062723c751e8b465ee728b)
Start importing Assets/Art Assets/Enviroment_Assets/String Lights Poles and Wires/Upscaled/String_Light_End_LUD.png using Guid(3bfa8be2a2f50574cb9d89db7170a8e4) Importer(815301076,1909f56bfc062723c751e8b465ee728b)  -> (artifact id: 'ddc636ecbc078ae36fbce8cef78e281d') in 0.001571 seconds
Number of updated asset objects reloaded before import = 0
Number of asset objects unloaded after import = 2
========================================================================
Received Import Request.
  Time since last request: 0.000011 seconds.
  path: Assets/Art Assets/Enviroment_Assets/String Lights Poles and Wires/Upscaled/String_Light_Short_End_RD.png
  artifactKey: Guid(8c0ab7cc397e23b44888e9498aa77168) Importer(815301076,1909f56bfc062723c751e8b465ee728b)
Start importing Assets/Art Assets/Enviroment_Assets/String Lights Poles and Wires/Upscaled/String_Light_Short_End_RD.png using Guid(8c0ab7cc397e23b44888e9498aa77168) Importer(815301076,1909f56bfc062723c751e8b465ee728b)  -> (artifact id: 'a2bb65731809c931cf77ec946d855c17') in 0.001438 seconds
Number of updated asset objects reloaded before import = 0
Number of asset objects unloaded after import = 2
========================================================================
Received Import Request.
  Time since last request: 0.000016 seconds.
  path: Assets/Art Assets/Enviroment_Assets/String Lights Poles and Wires/Upscaled/String_Light_Off_up.png
  artifactKey: Guid(995866d6b336b3d478a0a5cfcd873db2) Importer(815301076,1909f56bfc062723c751e8b465ee728b)
Start importing Assets/Art Assets/Enviroment_Assets/String Lights Poles and Wires/Upscaled/String_Light_Off_up.png using Guid(995866d6b336b3d478a0a5cfcd873db2) Importer(815301076,1909f56bfc062723c751e8b465ee728b)  -> (artifact id: 'd58bbe9271c20ca4a838893c65945eb6') in 0.001256 seconds
Number of updated asset objects reloaded before import = 0
Number of asset objects unloaded after import = 2
========================================================================
Received Import Request.
  Time since last request: 0.000020 seconds.
  path: Assets/Art Assets/Enviroment_Assets/String Lights Poles and Wires/Upscaled/String_Light_End_LU.png
  artifactKey: Guid(6c0217a55b1ab7f4f9324580387ed744) Importer(815301076,1909f56bfc062723c751e8b465ee728b)
Start importing Assets/Art Assets/Enviroment_Assets/String Lights Poles and Wires/Upscaled/String_Light_End_LU.png using Guid(6c0217a55b1ab7f4f9324580387ed744) Importer(815301076,1909f56bfc062723c751e8b465ee728b)  -> (artifact id: 'bea28232b19968ed4a9af0c99bd2223a') in 0.001593 seconds
Number of updated asset objects reloaded before import = 0
Number of asset objects unloaded after import = 2
========================================================================
Received Import Request.
  Time since last request: 0.000016 seconds.
  path: Assets/Art Assets/Enviroment_Assets/String Lights Poles and Wires/Upscaled/String_Light_Short_End_LU.png
  artifactKey: Guid(8a7993f23364d034e8d60e10a4547b17) Importer(815301076,1909f56bfc062723c751e8b465ee728b)
Start importing Assets/Art Assets/Enviroment_Assets/String Lights Poles and Wires/Upscaled/String_Light_Short_End_LU.png using Guid(8a7993f23364d034e8d60e10a4547b17) Importer(815301076,1909f56bfc062723c751e8b465ee728b)  -> (artifact id: 'd00ecd6626af5e0822fd758c2d2e7c67') in 0.001654 seconds
Number of updated asset objects reloaded before import = 0
Number of asset objects unloaded after import = 2
========================================================================
Received Import Request.
  Time since last request: 0.000017 seconds.
  path: Assets/Art Assets/Enviroment_Assets/String Lights Poles and Wires/Upscaled/String_Light_Vert_L_Wire.png
  artifactKey: Guid(84d54d1a35f7d7e48888a5835dfc152a) Importer(815301076,1909f56bfc062723c751e8b465ee728b)
Start importing Assets/Art Assets/Enviroment_Assets/String Lights Poles and Wires/Upscaled/String_Light_Vert_L_Wire.png using Guid(84d54d1a35f7d7e48888a5835dfc152a) Importer(815301076,1909f56bfc062723c751e8b465ee728b)  -> (artifact id: 'e16aa63a5c5f72b83ef7fd8e540b85c1') in 0.001735 seconds
Number of updated asset objects reloaded before import = 0
Number of asset objects unloaded after import = 2
========================================================================
Received Import Request.
  Time since last request: 0.000017 seconds.
  path: Assets/Art Assets/Enviroment_Assets/String Lights Poles and Wires/Upscaled/String_Light_GRN_up.png
  artifactKey: Guid(f88612dfd7dd72d42bb2fb90c4dd0e86) Importer(815301076,1909f56bfc062723c751e8b465ee728b)
Start importing Assets/Art Assets/Enviroment_Assets/String Lights Poles and Wires/Upscaled/String_Light_GRN_up.png using Guid(f88612dfd7dd72d42bb2fb90c4dd0e86) Importer(815301076,1909f56bfc062723c751e8b465ee728b)  -> (artifact id: '837141218a5ec6b329d7b85e6784ae8a') in 0.001283 seconds
Number of updated asset objects reloaded before import = 0
Number of asset objects unloaded after import = 2
========================================================================
Received Import Request.
  Time since last request: 0.000013 seconds.
  path: Assets/Art Assets/Enviroment_Assets/String Lights Poles and Wires/Upscaled/String_Light_End_Four_Corners.png
  artifactKey: Guid(1003ca0d75a1f124aa18fa7593438b60) Importer(815301076,1909f56bfc062723c751e8b465ee728b)
Start importing Assets/Art Assets/Enviroment_Assets/String Lights Poles and Wires/Upscaled/String_Light_End_Four_Corners.png using Guid(1003ca0d75a1f124aa18fa7593438b60) Importer(815301076,1909f56bfc062723c751e8b465ee728b)  -> (artifact id: 'f97f880c163c6f46c8fd904cebec6c6b') in 0.001267 seconds
Number of updated asset objects reloaded before import = 0
Number of asset objects unloaded after import = 2
========================================================================
Received Import Request.
  Time since last request: 0.000013 seconds.
  path: Assets/Art Assets/Enviroment_Assets/String Lights Poles and Wires/Upscaled/String_Light_Vert_R_01.png
  artifactKey: Guid(3e1bc0404c7938d49b396c479b10d13a) Importer(815301076,1909f56bfc062723c751e8b465ee728b)
Start importing Assets/Art Assets/Enviroment_Assets/String Lights Poles and Wires/Upscaled/String_Light_Vert_R_01.png using Guid(3e1bc0404c7938d49b396c479b10d13a) Importer(815301076,1909f56bfc062723c751e8b465ee728b)  -> (artifact id: '3a2279a719f2e900b61b096e1d518b1b') in 0.001306 seconds
Number of updated asset objects reloaded before import = 0
Number of asset objects unloaded after import = 2
========================================================================
Received Import Request.
  Time since last request: 0.000045 seconds.
  path: Assets/Art Assets/Enviroment_Assets/String Lights Poles and Wires/Upscaled/String_Light_Short_End_RU.png
  artifactKey: Guid(14cbc133528aa4f448ab9d90ba09cb6c) Importer(815301076,1909f56bfc062723c751e8b465ee728b)
Start importing Assets/Art Assets/Enviroment_Assets/String Lights Poles and Wires/Upscaled/String_Light_Short_End_RU.png using Guid(14cbc133528aa4f448ab9d90ba09cb6c) Importer(815301076,1909f56bfc062723c751e8b465ee728b)  -> (artifact id: '7202af0c95a9f8e21a280b26036032e1') in 0.001586 seconds
Number of updated asset objects reloaded before import = 0
Number of asset objects unloaded after import = 2
========================================================================
Received Import Request.
  Time since last request: 0.000023 seconds.
  path: Assets/Art Assets/Enviroment_Assets/String Lights Poles and Wires/Upscaled/String_Light_Short_End_LUD.png
  artifactKey: Guid(19d0c1c22ca10d041be9d65ac33b1440) Importer(815301076,1909f56bfc062723c751e8b465ee728b)
Start importing Assets/Art Assets/Enviroment_Assets/String Lights Poles and Wires/Upscaled/String_Light_Short_End_LUD.png using Guid(19d0c1c22ca10d041be9d65ac33b1440) Importer(815301076,1909f56bfc062723c751e8b465ee728b)  -> (artifact id: '3949f9bc686d1eb776f90b4a2d5d9554') in 0.001935 seconds
Number of updated asset objects reloaded before import = 0
Number of asset objects unloaded after import = 2
========================================================================
Received Import Request.
  Time since last request: 0.000019 seconds.
  path: Assets/Art Assets/Enviroment_Assets/String Lights Poles and Wires/Upscaled/String_Light_Short_End_LRD.png
  artifactKey: Guid(6ad56b5d98be9814485eca8731ba5d23) Importer(815301076,1909f56bfc062723c751e8b465ee728b)
Start importing Assets/Art Assets/Enviroment_Assets/String Lights Poles and Wires/Upscaled/String_Light_Short_End_LRD.png using Guid(6ad56b5d98be9814485eca8731ba5d23) Importer(815301076,1909f56bfc062723c751e8b465ee728b)  -> (artifact id: 'd6bff0c8ee65f4a04a540913fddbdc5b') in 0.001922 seconds
Number of updated asset objects reloaded before import = 0
Number of asset objects unloaded after import = 2
========================================================================
Received Import Request.
  Time since last request: 0.000021 seconds.
  path: Assets/Art Assets/Enviroment_Assets/String Lights Poles and Wires/Upscaled/String_Light_Top_up.png
  artifactKey: Guid(24f38714a4dab4f4599c966f7f7d2f52) Importer(815301076,1909f56bfc062723c751e8b465ee728b)
Start importing Assets/Art Assets/Enviroment_Assets/String Lights Poles and Wires/Upscaled/String_Light_Top_up.png using Guid(24f38714a4dab4f4599c966f7f7d2f52) Importer(815301076,1909f56bfc062723c751e8b465ee728b)  -> (artifact id: '690499188a942387bccc149064ef1ff8') in 0.001305 seconds
Number of updated asset objects reloaded before import = 0
Number of asset objects unloaded after import = 2
========================================================================
Received Import Request.
  Time since last request: 0.000012 seconds.
  path: Assets/Art Assets/Enviroment_Assets/String Lights Poles and Wires/Upscaled/String_Light_Short_End_RUD.png
  artifactKey: Guid(5f8b8505e3ba4d844ad00960f4572ece) Importer(815301076,1909f56bfc062723c751e8b465ee728b)
Start importing Assets/Art Assets/Enviroment_Assets/String Lights Poles and Wires/Upscaled/String_Light_Short_End_RUD.png using Guid(5f8b8505e3ba4d844ad00960f4572ece) Importer(815301076,1909f56bfc062723c751e8b465ee728b)  -> (artifact id: 'ba268d09ca7a193c9997274e1d878c9e') in 0.001641 seconds
Number of updated asset objects reloaded before import = 0
Number of asset objects unloaded after import = 2
========================================================================
Received Import Request.
  Time since last request: 0.000015 seconds.
  path: Assets/Art Assets/Enviroment_Assets/String Lights Poles and Wires/Upscaled/String_Light_End_RU.png
  artifactKey: Guid(a909c9384b03cc44c93c370900ebdecc) Importer(815301076,1909f56bfc062723c751e8b465ee728b)
Start importing Assets/Art Assets/Enviroment_Assets/String Lights Poles and Wires/Upscaled/String_Light_End_RU.png using Guid(a909c9384b03cc44c93c370900ebdecc) Importer(815301076,1909f56bfc062723c751e8b465ee728b)  -> (artifact id: '38bd4fb53b3d9dfcd133762b7c045b1e') in 0.001502 seconds
Number of updated asset objects reloaded before import = 0
Number of asset objects unloaded after import = 2
========================================================================
Received Import Request.
  Time since last request: 0.000014 seconds.
  path: Assets/Art Assets/Enviroment_Assets/String Lights Poles and Wires/Upscaled/String_Light_BLU_up.png
  artifactKey: Guid(c1f7bafd3c4a69a4a97e47283398f5b0) Importer(815301076,1909f56bfc062723c751e8b465ee728b)
Start importing Assets/Art Assets/Enviroment_Assets/String Lights Poles and Wires/Upscaled/String_Light_BLU_up.png using Guid(c1f7bafd3c4a69a4a97e47283398f5b0) Importer(815301076,1909f56bfc062723c751e8b465ee728b)  -> (artifact id: '653663edd6f651bd602e22e1409dde31') in 0.001202 seconds
Number of updated asset objects reloaded before import = 0
Number of asset objects unloaded after import = 2
========================================================================
Received Import Request.
  Time since last request: 0.000012 seconds.
  path: Assets/Art Assets/Enviroment_Assets/String Lights Poles and Wires/Upscaled/String_Light_Multi_03_up.png
  artifactKey: Guid(457aeeaa82c56b94a8be96a5bf6d4d7c) Importer(815301076,1909f56bfc062723c751e8b465ee728b)
Start importing Assets/Art Assets/Enviroment_Assets/String Lights Poles and Wires/Upscaled/String_Light_Multi_03_up.png using Guid(457aeeaa82c56b94a8be96a5bf6d4d7c) Importer(815301076,1909f56bfc062723c751e8b465ee728b)  -> (artifact id: '118662ce62ba0d487f44d6b994a657a5') in 0.001691 seconds
Number of updated asset objects reloaded before import = 0
Number of asset objects unloaded after import = 2
========================================================================
Received Import Request.
  Time since last request: 0.000017 seconds.
  path: Assets/Art Assets/Enviroment_Assets/String Lights Poles and Wires/Upscaled/String_Light_End_RD.png
  artifactKey: Guid(3755fd5069470c44cb080ae821668c33) Importer(815301076,1909f56bfc062723c751e8b465ee728b)
Start importing Assets/Art Assets/Enviroment_Assets/String Lights Poles and Wires/Upscaled/String_Light_End_RD.png using Guid(3755fd5069470c44cb080ae821668c33) Importer(815301076,1909f56bfc062723c751e8b465ee728b)  -> (artifact id: '45f015381a62efca03d12e578b12e7cd') in 0.001546 seconds
Number of updated asset objects reloaded before import = 0
Number of asset objects unloaded after import = 2
========================================================================
Received Import Request.
  Time since last request: 0.490040 seconds.
  path: Assets/Art Assets/Enviroment_Assets/String Lights Poles and Wires/Upscaled/String_Light_Vert_R_Off.png
  artifactKey: Guid(a8e879fdd588bee419d322f2e2f8fc38) Importer(815301076,1909f56bfc062723c751e8b465ee728b)
Start importing Assets/Art Assets/Enviroment_Assets/String Lights Poles and Wires/Upscaled/String_Light_Vert_R_Off.png using Guid(a8e879fdd588bee419d322f2e2f8fc38) Importer(815301076,1909f56bfc062723c751e8b465ee728b)  -> (artifact id: '65c3d8c707c94f5939cc61f72196edd3') in 0.001473 seconds
Number of updated asset objects reloaded before import = 0
Number of asset objects unloaded after import = 2
========================================================================
Received Import Request.
  Time since last request: 0.000015 seconds.
  path: Assets/Art Assets/Enviroment_Assets/String Lights Poles and Wires/Upscaled/String_Light_White_up.png
  artifactKey: Guid(997029056857a4d438325540794d76fa) Importer(815301076,1909f56bfc062723c751e8b465ee728b)
Start importing Assets/Art Assets/Enviroment_Assets/String Lights Poles and Wires/Upscaled/String_Light_White_up.png using Guid(997029056857a4d438325540794d76fa) Importer(815301076,1909f56bfc062723c751e8b465ee728b)  -> (artifact id: '2e47ce51898c74296dbb7a36d591ee01') in 0.001403 seconds
Number of updated asset objects reloaded before import = 0
Number of asset objects unloaded after import = 2
========================================================================
Received Import Request.
  Time since last request: 0.000013 seconds.
  path: Assets/Art Assets/Enviroment_Assets/String Lights Poles and Wires/Upscaled/String_Lights_Vert_L_RED.png
  artifactKey: Guid(632022add3a9b74488262c90db84f4ee) Importer(815301076,1909f56bfc062723c751e8b465ee728b)
Start importing Assets/Art Assets/Enviroment_Assets/String Lights Poles and Wires/Upscaled/String_Lights_Vert_L_RED.png using Guid(632022add3a9b74488262c90db84f4ee) Importer(815301076,1909f56bfc062723c751e8b465ee728b)  -> (artifact id: '89ce9852375ce4f901a6bce6cc5d5417') in 0.001205 seconds
Number of updated asset objects reloaded before import = 0
Number of asset objects unloaded after import = 2
========================================================================
Received Import Request.
  Time since last request: 0.000019 seconds.
  path: Assets/Art Assets/Enviroment_Assets/String Lights Poles and Wires/Upscaled/String_Lights_Vert_L_Multi_01.png
  artifactKey: Guid(db9a44ffe240dfa459582d02cd70fdc9) Importer(815301076,1909f56bfc062723c751e8b465ee728b)
Start importing Assets/Art Assets/Enviroment_Assets/String Lights Poles and Wires/Upscaled/String_Lights_Vert_L_Multi_01.png using Guid(db9a44ffe240dfa459582d02cd70fdc9) Importer(815301076,1909f56bfc062723c751e8b465ee728b)  -> (artifact id: 'c222f7d3532931ba2d0256041c0b0e25') in 0.001821 seconds
Number of updated asset objects reloaded before import = 0
Number of asset objects unloaded after import = 2
========================================================================
Received Import Request.
  Time since last request: 0.000014 seconds.
  path: Assets/Art Assets/Enviroment_Assets/String Lights Poles and Wires/Upscaled/String_Lights_Vert_L_Multi_02.png
  artifactKey: Guid(3ea287922e6e2134f98260a310b06b20) Importer(815301076,1909f56bfc062723c751e8b465ee728b)
Start importing Assets/Art Assets/Enviroment_Assets/String Lights Poles and Wires/Upscaled/String_Lights_Vert_L_Multi_02.png using Guid(3ea287922e6e2134f98260a310b06b20) Importer(815301076,1909f56bfc062723c751e8b465ee728b)  -> (artifact id: 'd60de3bca77011c34728969474de8ddf') in 0.001358 seconds
Number of updated asset objects reloaded before import = 0
Number of asset objects unloaded after import = 2
========================================================================
Received Import Request.
  Time since last request: 0.000016 seconds.
  path: Assets/Art Assets/Enviroment_Assets/String Lights Poles and Wires/Upscaled/String_Lights_Vert_R_Multi_02.png
  artifactKey: Guid(ee541f0657784e243ba6101a60125a24) Importer(815301076,1909f56bfc062723c751e8b465ee728b)
Start importing Assets/Art Assets/Enviroment_Assets/String Lights Poles and Wires/Upscaled/String_Lights_Vert_R_Multi_02.png using Guid(ee541f0657784e243ba6101a60125a24) Importer(815301076,1909f56bfc062723c751e8b465ee728b)  -> (artifact id: 'b8dc60e12a04390429767346a8108ce6') in 0.001509 seconds
Number of updated asset objects reloaded before import = 0
Number of asset objects unloaded after import = 2
========================================================================
Received Import Request.
  Time since last request: 0.000027 seconds.
  path: Assets/Art Assets/Enviroment_Assets/String Lights Poles and Wires/Upscaled/String_Lights_Vert_R_BLU.png
  artifactKey: Guid(8bc3474fb79cad1479578a715484fd47) Importer(815301076,1909f56bfc062723c751e8b465ee728b)
Start importing Assets/Art Assets/Enviroment_Assets/String Lights Poles and Wires/Upscaled/String_Lights_Vert_R_BLU.png using Guid(8bc3474fb79cad1479578a715484fd47) Importer(815301076,1909f56bfc062723c751e8b465ee728b)  -> (artifact id: 'ee01b8af3d509efeab90ab9b76c3de39') in 0.001755 seconds
Number of updated asset objects reloaded before import = 0
Number of asset objects unloaded after import = 2
========================================================================
Received Import Request.
  Time since last request: 0.000019 seconds.
  path: Assets/Art Assets/Enviroment_Assets/String Lights Poles and Wires/Upscaled/String_Lights_Vert_R_RED.png
  artifactKey: Guid(073fffd176109a940a0a3af8340b0b43) Importer(815301076,1909f56bfc062723c751e8b465ee728b)
Start importing Assets/Art Assets/Enviroment_Assets/String Lights Poles and Wires/Upscaled/String_Lights_Vert_R_RED.png using Guid(073fffd176109a940a0a3af8340b0b43) Importer(815301076,1909f56bfc062723c751e8b465ee728b)  -> (artifact id: '0ac74ed60bfd0ce4f39914dd9f822222') in 0.001292 seconds
Number of updated asset objects reloaded before import = 0
Number of asset objects unloaded after import = 2
========================================================================
Received Import Request.
  Time since last request: 0.000024 seconds.
  path: Assets/Art Assets/Enviroment_Assets/String Lights Poles and Wires/Upscaled/String_Lights_Vert_L_GRN.png
  artifactKey: Guid(9814580b8770ab6449b488b5799e1f3d) Importer(815301076,1909f56bfc062723c751e8b465ee728b)
Start importing Assets/Art Assets/Enviroment_Assets/String Lights Poles and Wires/Upscaled/String_Lights_Vert_L_GRN.png using Guid(9814580b8770ab6449b488b5799e1f3d) Importer(815301076,1909f56bfc062723c751e8b465ee728b)  -> (artifact id: '78f61371eb842ac8d9dd08c1da531c83') in 0.001319 seconds
Number of updated asset objects reloaded before import = 0
Number of asset objects unloaded after import = 2
========================================================================
Received Import Request.
  Time since last request: 12.138103 seconds.
  path: Assets/Art Assets/Enviroment_Assets/String Lights Poles and Wires/Upscaled/String_Light_Short_Top_Vertical.png
  artifactKey: Guid(4a425761a1a6a4d4ca2682b86cc29a6e) Importer(815301076,1909f56bfc062723c751e8b465ee728b)
Start importing Assets/Art Assets/Enviroment_Assets/String Lights Poles and Wires/Upscaled/String_Light_Short_Top_Vertical.png using Guid(4a425761a1a6a4d4ca2682b86cc29a6e) Importer(815301076,1909f56bfc062723c751e8b465ee728b)  -> (artifact id: '7b7c675c31ed7f90b99146deaf17b658') in 0.001039 seconds
Number of updated asset objects reloaded before import = 0
Number of asset objects unloaded after import = 2
========================================================================
Received Import Request.
  Time since last request: 0.000012 seconds.
  path: Assets/Art Assets/Enviroment_Assets/String Lights Poles and Wires/Upscaled/String_Lights_Vert_R_Multi_03.png
  artifactKey: Guid(144c7b5266a36404d8dfd507091c3bd2) Importer(815301076,1909f56bfc062723c751e8b465ee728b)
Start importing Assets/Art Assets/Enviroment_Assets/String Lights Poles and Wires/Upscaled/String_Lights_Vert_R_Multi_03.png using Guid(144c7b5266a36404d8dfd507091c3bd2) Importer(815301076,1909f56bfc062723c751e8b465ee728b)  -> (artifact id: 'e92f2b540bfbd8617cc8105e8d58deb5') in 0.001489 seconds
Number of updated asset objects reloaded before import = 0
Number of asset objects unloaded after import = 2
========================================================================
Received Import Request.
  Time since last request: 0.000014 seconds.
  path: Assets/Art Assets/Enviroment_Assets/String Lights Poles and Wires/Upscaled/String_Light_White_up.png
  artifactKey: Guid(997029056857a4d438325540794d76fa) Importer(815301076,1909f56bfc062723c751e8b465ee728b)
Start importing Assets/Art Assets/Enviroment_Assets/String Lights Poles and Wires/Upscaled/String_Light_White_up.png using Guid(997029056857a4d438325540794d76fa) Importer(815301076,1909f56bfc062723c751e8b465ee728b)  -> (artifact id: 'e1c8f766919b5341376e7d535c16e154') in 0.001226 seconds
Number of updated asset objects reloaded before import = 0
Number of asset objects unloaded after import = 2
========================================================================
Received Import Request.
  Time since last request: 0.000011 seconds.
  path: Assets/Art Assets/Enviroment_Assets/String Lights Poles and Wires/Upscaled/String_Light_Vert_R_White.png
  artifactKey: Guid(646db8d14c2ab9c4d80279b13c1a70c3) Importer(815301076,1909f56bfc062723c751e8b465ee728b)
Start importing Assets/Art Assets/Enviroment_Assets/String Lights Poles and Wires/Upscaled/String_Light_Vert_R_White.png using Guid(646db8d14c2ab9c4d80279b13c1a70c3) Importer(815301076,1909f56bfc062723c751e8b465ee728b)  -> (artifact id: '133bb2c0d1985e121aba9fd89cd7c509') in 0.001319 seconds
Number of updated asset objects reloaded before import = 0
Number of asset objects unloaded after import = 2
========================================================================
Received Import Request.
  Time since last request: 0.000014 seconds.
  path: Assets/Art Assets/Enviroment_Assets/String Lights Poles and Wires/Upscaled/String_Lights_Vert_R_Multi_01.png
  artifactKey: Guid(6c06297011cb48840a363c08cfd5cc90) Importer(815301076,1909f56bfc062723c751e8b465ee728b)
Start importing Assets/Art Assets/Enviroment_Assets/String Lights Poles and Wires/Upscaled/String_Lights_Vert_R_Multi_01.png using Guid(6c06297011cb48840a363c08cfd5cc90) Importer(815301076,1909f56bfc062723c751e8b465ee728b)  -> (artifact id: 'cbb67fba18cc47132e6c64dca674d788') in 0.001711 seconds
Number of updated asset objects reloaded before import = 0
Number of asset objects unloaded after import = 2
========================================================================
Received Import Request.
  Time since last request: 0.000021 seconds.
  path: Assets/Art Assets/Enviroment_Assets/String Lights Poles and Wires/Upscaled/String_Lights_Vert_R_RED.png
  artifactKey: Guid(073fffd176109a940a0a3af8340b0b43) Importer(815301076,1909f56bfc062723c751e8b465ee728b)
Start importing Assets/Art Assets/Enviroment_Assets/String Lights Poles and Wires/Upscaled/String_Lights_Vert_R_RED.png using Guid(073fffd176109a940a0a3af8340b0b43) Importer(815301076,1909f56bfc062723c751e8b465ee728b)  -> (artifact id: '831d830559adcfa911d5feb689962ccf') in 0.001055 seconds
Number of updated asset objects reloaded before import = 0
Number of asset objects unloaded after import = 2
========================================================================
Received Import Request.
  Time since last request: 0.000011 seconds.
  path: Assets/Art Assets/Enviroment_Assets/String Lights Poles and Wires/Upscaled/String_Lights_Vert_R_GRN.png
  artifactKey: Guid(107bd474be215ec4f8897a52bbfcdac2) Importer(815301076,1909f56bfc062723c751e8b465ee728b)
Start importing Assets/Art Assets/Enviroment_Assets/String Lights Poles and Wires/Upscaled/String_Lights_Vert_R_GRN.png using Guid(107bd474be215ec4f8897a52bbfcdac2) Importer(815301076,1909f56bfc062723c751e8b465ee728b)  -> (artifact id: '7a23255eb1453e9521f384fe8c0ef7e2') in 0.002096 seconds
Number of updated asset objects reloaded before import = 0
Number of asset objects unloaded after import = 2
========================================================================
Received Import Request.
  Time since last request: 0.000019 seconds.
  path: Assets/Art Assets/Enviroment_Assets/String Lights Poles and Wires/Upscaled/String_Light_Vert_L_02.png
  artifactKey: Guid(e8ed833f58ab3b54d9f7210a32055031) Importer(815301076,1909f56bfc062723c751e8b465ee728b)
Start importing Assets/Art Assets/Enviroment_Assets/String Lights Poles and Wires/Upscaled/String_Light_Vert_L_02.png using Guid(e8ed833f58ab3b54d9f7210a32055031) Importer(815301076,1909f56bfc062723c751e8b465ee728b)  -> (artifact id: '7cd79e795bb33f4d8601c9e1b269afae') in 0.001531 seconds
Number of updated asset objects reloaded before import = 0
Number of asset objects unloaded after import = 2
========================================================================
Received Import Request.
  Time since last request: 0.000012 seconds.
  path: Assets/Art Assets/Enviroment_Assets/String Lights Poles and Wires/Upscaled/String_Light_Top_up.png
  artifactKey: Guid(24f38714a4dab4f4599c966f7f7d2f52) Importer(815301076,1909f56bfc062723c751e8b465ee728b)
Start importing Assets/Art Assets/Enviroment_Assets/String Lights Poles and Wires/Upscaled/String_Light_Top_up.png using Guid(24f38714a4dab4f4599c966f7f7d2f52) Importer(815301076,1909f56bfc062723c751e8b465ee728b)  -> (artifact id: 'e5dd114abe2825d1179449f49b77a8f1') in 0.000997 seconds
Number of updated asset objects reloaded before import = 0
Number of asset objects unloaded after import = 2
========================================================================
Received Import Request.
  Time since last request: 0.000011 seconds.
  path: Assets/Art Assets/Enviroment_Assets/String Lights Poles and Wires/Upscaled/String_Lights_Vert_L_GRN.png
  artifactKey: Guid(9814580b8770ab6449b488b5799e1f3d) Importer(815301076,1909f56bfc062723c751e8b465ee728b)
Start importing Assets/Art Assets/Enviroment_Assets/String Lights Poles and Wires/Upscaled/String_Lights_Vert_L_GRN.png using Guid(9814580b8770ab6449b488b5799e1f3d) Importer(815301076,1909f56bfc062723c751e8b465ee728b)  -> (artifact id: 'cf4b18b1909b7bc3d77682c404841091') in 0.001079 seconds
Number of updated asset objects reloaded before import = 0
Number of asset objects unloaded after import = 2
========================================================================
Received Import Request.
  Time since last request: 0.000017 seconds.
  path: Assets/Art Assets/Enviroment_Assets/String Lights Poles and Wires/Upscaled/String_Light_Short_up.png
  artifactKey: Guid(a3a54bd4248022747b8b98050d198c98) Importer(815301076,1909f56bfc062723c751e8b465ee728b)
Start importing Assets/Art Assets/Enviroment_Assets/String Lights Poles and Wires/Upscaled/String_Light_Short_up.png using Guid(a3a54bd4248022747b8b98050d198c98) Importer(815301076,1909f56bfc062723c751e8b465ee728b)  -> (artifact id: '51f4ae32dee2ad69d76ff8889ffe791e') in 0.001389 seconds
Number of updated asset objects reloaded before import = 0
Number of asset objects unloaded after import = 2
========================================================================
Received Import Request.
  Time since last request: 8.041721 seconds.
  path: Assets/Art Assets/Enviroment_Assets/String Lights Poles and Wires/Upscaled/String_Light_Short_End_LRU.png
  artifactKey: Guid(baa713fb8d6340b428557888910175b0) Importer(815301076,1909f56bfc062723c751e8b465ee728b)
Start importing Assets/Art Assets/Enviroment_Assets/String Lights Poles and Wires/Upscaled/String_Light_Short_End_LRU.png using Guid(baa713fb8d6340b428557888910175b0) Importer(815301076,1909f56bfc062723c751e8b465ee728b)  -> (artifact id: 'b17168894473953096201f3b67fcf60d') in 0.001444 seconds
Number of updated asset objects reloaded before import = 0
Number of asset objects unloaded after import = 2
========================================================================
Received Import Request.
  Time since last request: 0.000012 seconds.
  path: Assets/Art Assets/Enviroment_Assets/String Lights Poles and Wires/Upscaled/String_Light_Short_End_RD.png
  artifactKey: Guid(8c0ab7cc397e23b44888e9498aa77168) Importer(815301076,1909f56bfc062723c751e8b465ee728b)
Start importing Assets/Art Assets/Enviroment_Assets/String Lights Poles and Wires/Upscaled/String_Light_Short_End_RD.png using Guid(8c0ab7cc397e23b44888e9498aa77168) Importer(815301076,1909f56bfc062723c751e8b465ee728b)  -> (artifact id: '5a91f353ff6bc05302d6e12a435dd651') in 0.001978 seconds
Number of updated asset objects reloaded before import = 0
Number of asset objects unloaded after import = 2
========================================================================
Received Import Request.
  Time since last request: 0.000014 seconds.
  path: Assets/Art Assets/Enviroment_Assets/String Lights Poles and Wires/Upscaled/String_Light_Short_End_LUD.png
  artifactKey: Guid(19d0c1c22ca10d041be9d65ac33b1440) Importer(815301076,1909f56bfc062723c751e8b465ee728b)
Start importing Assets/Art Assets/Enviroment_Assets/String Lights Poles and Wires/Upscaled/String_Light_Short_End_LUD.png using Guid(19d0c1c22ca10d041be9d65ac33b1440) Importer(815301076,1909f56bfc062723c751e8b465ee728b)  -> (artifact id: '9dc12b7c11c8c8662bbe23a239606dcb') in 0.001431 seconds
Number of updated asset objects reloaded before import = 0
Number of asset objects unloaded after import = 2
========================================================================
Received Import Request.
  Time since last request: 0.462236 seconds.
  path: Assets/Art Assets/Enviroment_Assets/String Lights Poles and Wires/Upscaled/String_Light_End_Top_Vertical.png
  artifactKey: Guid(845fc48ab4493834d88bcf99f944498e) Importer(815301076,1909f56bfc062723c751e8b465ee728b)
Start importing Assets/Art Assets/Enviroment_Assets/String Lights Poles and Wires/Upscaled/String_Light_End_Top_Vertical.png using Guid(845fc48ab4493834d88bcf99f944498e) Importer(815301076,1909f56bfc062723c751e8b465ee728b)  -> (artifact id: '91a25987caea868b54c1804f4ee3e7af') in 0.001277 seconds
Number of updated asset objects reloaded before import = 0
Number of asset objects unloaded after import = 2
========================================================================
Received Import Request.
  Time since last request: 0.000020 seconds.
  path: Assets/Art Assets/Enviroment_Assets/String Lights Poles and Wires/Upscaled/String_Light_Off_up.png
  artifactKey: Guid(995866d6b336b3d478a0a5cfcd873db2) Importer(815301076,1909f56bfc062723c751e8b465ee728b)
Start importing Assets/Art Assets/Enviroment_Assets/String Lights Poles and Wires/Upscaled/String_Light_Off_up.png using Guid(995866d6b336b3d478a0a5cfcd873db2) Importer(815301076,1909f56bfc062723c751e8b465ee728b)  -> (artifact id: 'c1c81f09d2cf42c8ae76ff27b89d1e9e') in 0.001498 seconds
Number of updated asset objects reloaded before import = 0
Number of asset objects unloaded after import = 2
========================================================================
Received Import Request.
  Time since last request: 0.000111 seconds.
  path: Assets/Art Assets/Enviroment_Assets/String Lights Poles and Wires/Upscaled/String_Light_RED_up.png
  artifactKey: Guid(b8dbb3e2476d8e64a8c57c0ef73cd2e4) Importer(815301076,1909f56bfc062723c751e8b465ee728b)
Start importing Assets/Art Assets/Enviroment_Assets/String Lights Poles and Wires/Upscaled/String_Light_RED_up.png using Guid(b8dbb3e2476d8e64a8c57c0ef73cd2e4) Importer(815301076,1909f56bfc062723c751e8b465ee728b)  -> (artifact id: 'a6b1882dd2c16b5768c6a7ebcebaecb3') in 0.001582 seconds
Number of updated asset objects reloaded before import = 0
Number of asset objects unloaded after import = 2
========================================================================
Received Import Request.
  Time since last request: 0.000015 seconds.
  path: Assets/Art Assets/Enviroment_Assets/String Lights Poles and Wires/Upscaled/String_Light_Multi_03_up.png
  artifactKey: Guid(457aeeaa82c56b94a8be96a5bf6d4d7c) Importer(815301076,1909f56bfc062723c751e8b465ee728b)
Start importing Assets/Art Assets/Enviroment_Assets/String Lights Poles and Wires/Upscaled/String_Light_Multi_03_up.png using Guid(457aeeaa82c56b94a8be96a5bf6d4d7c) Importer(815301076,1909f56bfc062723c751e8b465ee728b)  -> (artifact id: 'a9d1ff62f4f077b266c91a2373da0768') in 0.001167 seconds
Number of updated asset objects reloaded before import = 0
Number of asset objects unloaded after import = 2
========================================================================
Received Import Request.
  Time since last request: 184.757967 seconds.
  path: Assets/Art Assets/Enviroment_Assets/String Lights Poles and Wires/Upscaled/String_Light_02_up.png
  artifactKey: Guid(300b7c76b01301443a94210eb8085295) Importer(815301076,1909f56bfc062723c751e8b465ee728b)
Start importing Assets/Art Assets/Enviroment_Assets/String Lights Poles and Wires/Upscaled/String_Light_02_up.png using Guid(300b7c76b01301443a94210eb8085295) Importer(815301076,1909f56bfc062723c751e8b465ee728b)  -> (artifact id: '889ff5fd3711787bbdedba06428da4e3') in 0.002567 seconds
Number of updated asset objects reloaded before import = 0
Number of asset objects unloaded after import = 2
========================================================================
Received Import Request.
  Time since last request: 0.000018 seconds.
  path: Assets/Art Assets/Enviroment_Assets/String Lights Poles and Wires/Upscaled/String_Light_Bare_Wire_up.png
  artifactKey: Guid(1f4855662d4631a4096b0e84f7ba8274) Importer(815301076,1909f56bfc062723c751e8b465ee728b)
Start importing Assets/Art Assets/Enviroment_Assets/String Lights Poles and Wires/Upscaled/String_Light_Bare_Wire_up.png using Guid(1f4855662d4631a4096b0e84f7ba8274) Importer(815301076,1909f56bfc062723c751e8b465ee728b)  -> (artifact id: '9c45e39529803b44806afbcb78817b63') in 0.001328 seconds
Number of updated asset objects reloaded before import = 0
Number of asset objects unloaded after import = 2
========================================================================
Received Import Request.
  Time since last request: 0.000016 seconds.
  path: Assets/Art Assets/Enviroment_Assets/String Lights Poles and Wires/Upscaled/String_Light_End_Bottom_Vertical.png
  artifactKey: Guid(99557ab8107819747985b975c9e11531) Importer(815301076,1909f56bfc062723c751e8b465ee728b)
Start importing Assets/Art Assets/Enviroment_Assets/String Lights Poles and Wires/Upscaled/String_Light_End_Bottom_Vertical.png using Guid(99557ab8107819747985b975c9e11531) Importer(815301076,1909f56bfc062723c751e8b465ee728b)  -> (artifact id: 'e85c96e416c8e1a703ff58557eae21de') in 0.001545 seconds
Number of updated asset objects reloaded before import = 0
Number of asset objects unloaded after import = 2
========================================================================
Received Import Request.
  Time since last request: 0.000017 seconds.
  path: Assets/Art Assets/Enviroment_Assets/String Lights Poles and Wires/Upscaled/String_Light_End_LUD.png
  artifactKey: Guid(3bfa8be2a2f50574cb9d89db7170a8e4) Importer(815301076,1909f56bfc062723c751e8b465ee728b)
Start importing Assets/Art Assets/Enviroment_Assets/String Lights Poles and Wires/Upscaled/String_Light_End_LUD.png using Guid(3bfa8be2a2f50574cb9d89db7170a8e4) Importer(815301076,1909f56bfc062723c751e8b465ee728b)  -> (artifact id: '95338a6cd0eb015d94870065a01384c9') in 0.001886 seconds
Number of updated asset objects reloaded before import = 0
Number of asset objects unloaded after import = 2
========================================================================
Received Import Request.
  Time since last request: 0.000025 seconds.
  path: Assets/Art Assets/Enviroment_Assets/String Lights Poles and Wires/Upscaled/String_Light_End_Four_Corners.png
  artifactKey: Guid(1003ca0d75a1f124aa18fa7593438b60) Importer(815301076,1909f56bfc062723c751e8b465ee728b)
Start importing Assets/Art Assets/Enviroment_Assets/String Lights Poles and Wires/Upscaled/String_Light_End_Four_Corners.png using Guid(1003ca0d75a1f124aa18fa7593438b60) Importer(815301076,1909f56bfc062723c751e8b465ee728b)  -> (artifact id: '72b33ad69ade8f3774faa2c5ed89d364') in 0.001337 seconds
Number of updated asset objects reloaded before import = 0
Number of asset objects unloaded after import = 2
========================================================================
Received Import Request.
  Time since last request: 0.000038 seconds.
  path: Assets/Art Assets/Enviroment_Assets/String Lights Poles and Wires/Upscaled/String_Light_End_RD.png
  artifactKey: Guid(3755fd5069470c44cb080ae821668c33) Importer(815301076,1909f56bfc062723c751e8b465ee728b)
Start importing Assets/Art Assets/Enviroment_Assets/String Lights Poles and Wires/Upscaled/String_Light_End_RD.png using Guid(3755fd5069470c44cb080ae821668c33) Importer(815301076,1909f56bfc062723c751e8b465ee728b)  -> (artifact id: 'ae7349fb531cd56d86e1015433c76515') in 0.001273 seconds
Number of updated asset objects reloaded before import = 0
Number of asset objects unloaded after import = 2
========================================================================
Received Import Request.
  Time since last request: 278.053720 seconds.
  path: Assets/Art Assets/Palettes/Palette Assets/StringLights/String_Light_02_up.asset
  artifactKey: Guid(bc48c00c80ba1a04aa9385c087f25c06) Importer(815301076,1909f56bfc062723c751e8b465ee728b)
Start importing Assets/Art Assets/Palettes/Palette Assets/StringLights/String_Light_02_up.asset using Guid(bc48c00c80ba1a04aa9385c087f25c06) Importer(815301076,1909f56bfc062723c751e8b465ee728b)  -> (artifact id: '83e79d5f857963390874e6135e883ef8') in 0.004052 seconds
Number of updated asset objects reloaded before import = 0
Number of asset objects unloaded after import = 2
========================================================================
Received Import Request.
  Time since last request: 0.000018 seconds.
  path: Assets/Art Assets/Palettes/Palette Assets/StringLights/String_Light_Multi_02_up.asset
  artifactKey: Guid(88fb488cb7ca7334aa86ee816ef3395c) Importer(815301076,1909f56bfc062723c751e8b465ee728b)
Start importing Assets/Art Assets/Palettes/Palette Assets/StringLights/String_Light_Multi_02_up.asset using Guid(88fb488cb7ca7334aa86ee816ef3395c) Importer(815301076,1909f56bfc062723c751e8b465ee728b)  -> (artifact id: '2e26401782b9a01bcdc99358d8808ac6') in 0.001187 seconds
Number of updated asset objects reloaded before import = 0
Number of asset objects unloaded after import = 2
========================================================================
Received Import Request.
  Time since last request: 0.000012 seconds.
  path: Assets/Art Assets/Palettes/Palette Assets/StringLights/String_Light_Vert_L_02.asset
  artifactKey: Guid(5882f6542f0a03143ad682c9247b4e2e) Importer(815301076,1909f56bfc062723c751e8b465ee728b)
Start importing Assets/Art Assets/Palettes/Palette Assets/StringLights/String_Light_Vert_L_02.asset using Guid(5882f6542f0a03143ad682c9247b4e2e) Importer(815301076,1909f56bfc062723c751e8b465ee728b)  -> (artifact id: 'ce1b8d8231931f6b46f6a9925a27896c') in 0.001198 seconds
Number of updated asset objects reloaded before import = 0
Number of asset objects unloaded after import = 2
========================================================================
Received Import Request.
  Time since last request: 0.000018 seconds.
  path: Assets/Art Assets/Palettes/Palette Assets/StringLights/String_Light_Vert_R_02.asset
  artifactKey: Guid(46ca4f1a92869a144b73837518be025e) Importer(815301076,1909f56bfc062723c751e8b465ee728b)
Start importing Assets/Art Assets/Palettes/Palette Assets/StringLights/String_Light_Vert_R_02.asset using Guid(46ca4f1a92869a144b73837518be025e) Importer(815301076,1909f56bfc062723c751e8b465ee728b)  -> (artifact id: '99c38c596932164c8557c79a6d2aef15') in 0.001616 seconds
Number of updated asset objects reloaded before import = 0
Number of asset objects unloaded after import = 2
========================================================================
Received Import Request.
  Time since last request: 0.000021 seconds.
  path: Assets/Art Assets/Palettes/Palette Assets/StringLights/String_Light_Vert_L_Wire.asset
  artifactKey: Guid(5078c1c03703581438fff381184b7be7) Importer(815301076,1909f56bfc062723c751e8b465ee728b)
Start importing Assets/Art Assets/Palettes/Palette Assets/StringLights/String_Light_Vert_L_Wire.asset using Guid(5078c1c03703581438fff381184b7be7) Importer(815301076,1909f56bfc062723c751e8b465ee728b)  -> (artifact id: '0bc85103899ad9f477fe25b1d4284bbb') in 0.001445 seconds
Number of updated asset objects reloaded before import = 0
Number of asset objects unloaded after import = 2
========================================================================
Received Import Request.
  Time since last request: 0.000015 seconds.
  path: Assets/Art Assets/Palettes/Palette Assets/StringLights/String_Light_RED_up.asset
  artifactKey: Guid(23c002e81e09e7b4cac76e2331ba53b6) Importer(815301076,1909f56bfc062723c751e8b465ee728b)
Start importing Assets/Art Assets/Palettes/Palette Assets/StringLights/String_Light_RED_up.asset using Guid(23c002e81e09e7b4cac76e2331ba53b6) Importer(815301076,1909f56bfc062723c751e8b465ee728b)  -> (artifact id: 'a7cca7c070a3eb01ca2478c0159f9eca') in 0.002111 seconds
Number of updated asset objects reloaded before import = 0
Number of asset objects unloaded after import = 2
========================================================================
Received Import Request.
  Time since last request: 0.000017 seconds.
  path: Assets/Art Assets/Palettes/Palette Assets/StringLights/String_Lights_Vert_L_Multi_01.asset
  artifactKey: Guid(9481521333421f04d945a3ca32ce84b9) Importer(815301076,1909f56bfc062723c751e8b465ee728b)
Start importing Assets/Art Assets/Palettes/Palette Assets/StringLights/String_Lights_Vert_L_Multi_01.asset using Guid(9481521333421f04d945a3ca32ce84b9) Importer(815301076,1909f56bfc062723c751e8b465ee728b)  -> (artifact id: 'ccf5cba83069cb1c7b5a57f9d3383a4b') in 0.001651 seconds
Number of updated asset objects reloaded before import = 0
Number of asset objects unloaded after import = 2
========================================================================
Received Import Request.
  Time since last request: 0.000020 seconds.
  path: Assets/Art Assets/Palettes/Palette Assets/StringLights/String_Light_Multi_01_up.asset
  artifactKey: Guid(b4e92354273264f499a82e861462fb74) Importer(815301076,1909f56bfc062723c751e8b465ee728b)
Start importing Assets/Art Assets/Palettes/Palette Assets/StringLights/String_Light_Multi_01_up.asset using Guid(b4e92354273264f499a82e861462fb74) Importer(815301076,1909f56bfc062723c751e8b465ee728b)  -> (artifact id: '1077af8e41f6c4d272fb81fb5ef542eb') in 0.001190 seconds
Number of updated asset objects reloaded before import = 0
Number of asset objects unloaded after import = 2
========================================================================
Received Import Request.
  Time since last request: 0.000016 seconds.
  path: Assets/Art Assets/Palettes/Palette Assets/StringLights/String_Light_Vert_R_Wire.asset
  artifactKey: Guid(01430b02baa62a5438c219b2f4167313) Importer(815301076,1909f56bfc062723c751e8b465ee728b)
Start importing Assets/Art Assets/Palettes/Palette Assets/StringLights/String_Light_Vert_R_Wire.asset using Guid(01430b02baa62a5438c219b2f4167313) Importer(815301076,1909f56bfc062723c751e8b465ee728b)  -> (artifact id: '9f8ad0263b00260855fe7a7b27843e6e') in 0.001528 seconds
Number of updated asset objects reloaded before import = 0
Number of asset objects unloaded after import = 2
========================================================================
Received Import Request.
  Time since last request: 0.000012 seconds.
  path: Assets/Art Assets/Palettes/Palette Assets/StringLights/String_Light_Off_up.asset
  artifactKey: Guid(63a596e6c7bc5964abdac7c751473dd6) Importer(815301076,1909f56bfc062723c751e8b465ee728b)
Start importing Assets/Art Assets/Palettes/Palette Assets/StringLights/String_Light_Off_up.asset using Guid(63a596e6c7bc5964abdac7c751473dd6) Importer(815301076,1909f56bfc062723c751e8b465ee728b)  -> (artifact id: '77e49867f7720ebf3ff89f894a05440d') in 0.001422 seconds
Number of updated asset objects reloaded before import = 0
Number of asset objects unloaded after import = 2
========================================================================
Received Import Request.
  Time since last request: 0.000012 seconds.
  path: Assets/Art Assets/Palettes/Palette Assets/StringLights/String_Light_Vert_L_White.asset
  artifactKey: Guid(8141d12d18320bf4ab94425e1ef65f24) Importer(815301076,1909f56bfc062723c751e8b465ee728b)
Start importing Assets/Art Assets/Palettes/Palette Assets/StringLights/String_Light_Vert_L_White.asset using Guid(8141d12d18320bf4ab94425e1ef65f24) Importer(815301076,1909f56bfc062723c751e8b465ee728b)  -> (artifact id: 'eec2aff23f389776eca57e19f0b7d01e') in 0.001657 seconds
Number of updated asset objects reloaded before import = 0
Number of asset objects unloaded after import = 2
========================================================================
Received Import Request.
  Time since last request: 0.000016 seconds.
  path: Assets/Art Assets/Palettes/Palette Assets/StringLights/String_Light_Vert_L_Off.asset
  artifactKey: Guid(c2505672e2fb9d943a5fdeefdb5089ff) Importer(815301076,1909f56bfc062723c751e8b465ee728b)
Start importing Assets/Art Assets/Palettes/Palette Assets/StringLights/String_Light_Vert_L_Off.asset using Guid(c2505672e2fb9d943a5fdeefdb5089ff) Importer(815301076,1909f56bfc062723c751e8b465ee728b)  -> (artifact id: '92e93293599ab8817b4a4c012e045263') in 0.001249 seconds
Number of updated asset objects reloaded before import = 0
Number of asset objects unloaded after import = 2
Editor requested this worker to shutdown with reason: Scaling down because of idle timeout
TcpMessagingSession - receive error: operation aborted. errorcode: 995, details: The I/O operation has been aborted because of either a thread exit or an application request.
AssetImportWorker is now disconnected from the server
Process exiting
Exiting without the bug reporter. Application will terminate with return code 0